<?xml version="1.0" encoding="UTF-8"?>
<coverage generated="1760158533739" clover="3.2.0">
  <project timestamp="1760158533739" name="All files">
    <metrics statements="322" coveredstatements="321" conditionals="226" coveredconditionals="224" methods="61" coveredmethods="60" elements="609" coveredelements="605" complexity="0" loc="322" ncloc="322" packages="6" files="12" classes="12"/>
    <package name="auth">
      <metrics statements="93" coveredstatements="93" conditionals="85" coveredconditionals="84" methods="16" coveredmethods="16"/>
      <file name="auth-guard.utils.ts" path="D:\OneDrive\Root\My Study Life\Unimelb\Year 3\Semester 2\IT Project\Project\Gen-AI-Photobooth\server\utils\auth\auth-guard.utils.ts">
        <metrics statements="27" coveredstatements="27" conditionals="22" coveredconditionals="22" methods="5" coveredmethods="5"/>
        <line num="1" count="1" type="stmt"/>
        <line num="2" count="1" type="stmt"/>
        <line num="4" count="1" type="stmt"/>
        <line num="5" count="1" type="stmt"/>
        <line num="15" count="13" type="stmt"/>
        <line num="16" count="13" type="stmt"/>
        <line num="18" count="13" type="cond" truecount="3" falsecount="0"/>
        <line num="19" count="2" type="stmt"/>
        <line num="25" count="11" type="stmt"/>
        <line num="26" count="11" type="stmt"/>
        <line num="27" count="11" type="stmt"/>
        <line num="31" count="11" type="stmt"/>
        <line num="33" count="9" type="cond" truecount="3" falsecount="0"/>
        <line num="34" count="4" type="stmt"/>
        <line num="35" count="4" type="stmt"/>
        <line num="41" count="5" type="stmt"/>
        <line num="50" count="5" type="stmt"/>
        <line num="52" count="5" type="stmt"/>
        <line num="55" count="6" type="stmt"/>
        <line num="56" count="6" type="cond" truecount="3" falsecount="0"/>
        <line num="60" count="6" type="cond" truecount="3" falsecount="0"/>
        <line num="61" count="5" type="stmt"/>
        <line num="65" count="1" type="stmt"/>
        <line num="73" count="2" type="stmt"/>
        <line num="74" count="2" type="stmt"/>
        <line num="75" count="2" type="stmt"/>
        <line num="77" count="1" type="stmt"/>
      </file>
      <file name="error-handler.utils.ts" path="D:\OneDrive\Root\My Study Life\Unimelb\Year 3\Semester 2\IT Project\Project\Gen-AI-Photobooth\server\utils\auth\error-handler.utils.ts">
        <metrics statements="34" coveredstatements="34" conditionals="52" coveredconditionals="51" methods="5" coveredmethods="5"/>
        <line num="1" count="1" type="stmt"/>
        <line num="10" count="1" type="stmt"/>
        <line num="12" count="24" type="stmt"/>
        <line num="13" count="24" type="cond" truecount="2" falsecount="0"/>
        <line num="15" count="24" type="cond" truecount="2" falsecount="0"/>
        <line num="17" count="24" type="stmt"/>
        <line num="24" count="24" type="cond" truecount="13" falsecount="0"/>
        <line num="26" count="5" type="stmt"/>
        <line num="33" count="1" type="stmt"/>
        <line num="40" count="1" type="stmt"/>
        <line num="47" count="1" type="stmt"/>
        <line num="54" count="1" type="stmt"/>
        <line num="62" count="2" type="stmt"/>
        <line num="70" count="2" type="stmt"/>
        <line num="77" count="1" type="stmt"/>
        <line num="84" count="10" type="stmt"/>
        <line num="89" count="1" type="stmt"/>
        <line num="90" count="38" type="cond" truecount="3" falsecount="0"/>
        <line num="91" count="7" type="stmt"/>
        <line num="94" count="31" type="cond" truecount="1" falsecount="0"/>
        <line num="95" count="16" type="stmt"/>
        <line num="98" count="15" type="stmt"/>
        <line num="99" count="15" type="cond" truecount="3" falsecount="0"/>
        <line num="100" count="3" type="stmt"/>
        <line num="102" count="12" type="stmt"/>
        <line num="106" count="1" type="stmt"/>
        <line num="108" count="38" type="cond" truecount="1" falsecount="0"/>
        <line num="110" count="10" type="cond" truecount="4" falsecount="1"/>
        <line num="111" count="8" type="stmt"/>
        <line num="112" count="8" type="stmt"/>
        <line num="121" count="30" type="stmt"/>
        <line num="122" count="30" type="cond" truecount="3" falsecount="0"/>
        <line num="125" count="30" type="cond" truecount="2" falsecount="0"/>
        <line num="127" count="30" type="stmt"/>
      </file>
      <file name="validation.utils.ts" path="D:\OneDrive\Root\My Study Life\Unimelb\Year 3\Semester 2\IT Project\Project\Gen-AI-Photobooth\server\utils\auth\validation.utils.ts">
        <metrics statements="32" coveredstatements="32" conditionals="11" coveredconditionals="11" methods="6" coveredmethods="6"/>
        <line num="1" count="1" type="stmt"/>
        <line num="5" count="1" type="stmt"/>
        <line num="6" count="32" type="cond" truecount="1" falsecount="0"/>
        <line num="7" count="4" type="stmt"/>
        <line num="14" count="28" type="stmt"/>
        <line num="15" count="28" type="cond" truecount="1" falsecount="0"/>
        <line num="16" count="12" type="stmt"/>
        <line num="22" count="16" type="stmt"/>
        <line num="26" count="1" type="stmt"/>
        <line num="27" count="27" type="cond" truecount="1" falsecount="0"/>
        <line num="28" count="4" type="stmt"/>
        <line num="35" count="23" type="cond" truecount="1" falsecount="0"/>
        <line num="36" count="12" type="stmt"/>
        <line num="42" count="11" type="stmt"/>
        <line num="46" count="1" type="stmt"/>
        <line num="47" count="10" type="stmt"/>
        <line num="48" count="10" type="cond" truecount="1" falsecount="0"/>
        <line num="49" count="6" type="stmt"/>
        <line num="50" count="6" type="cond" truecount="1" falsecount="0"/>
        <line num="51" count="2" type="stmt"/>
        <line num="55" count="1" type="stmt"/>
        <line num="56" count="6" type="stmt"/>
        <line num="60" count="1" type="stmt"/>
        <line num="61" count="3" type="stmt"/>
        <line num="65" count="1" type="stmt"/>
        <line num="70" count="9" type="cond" truecount="3" falsecount="0"/>
        <line num="71" count="2" type="stmt"/>
        <line num="78" count="7" type="cond" truecount="1" falsecount="0"/>
        <line num="79" count="1" type="stmt"/>
        <line num="86" count="6" type="cond" truecount="1" falsecount="0"/>
        <line num="87" count="1" type="stmt"/>
        <line num="94" count="5" type="stmt"/>
      </file>
    </package>
    <package name="core">
      <metrics statements="5" coveredstatements="5" conditionals="0" coveredconditionals="0" methods="2" coveredmethods="2"/>
      <file name="index.ts" path="D:\OneDrive\Root\My Study Life\Unimelb\Year 3\Semester 2\IT Project\Project\Gen-AI-Photobooth\server\utils\core\index.ts">
        <metrics statements="1" coveredstatements="1" conditionals="0" coveredconditionals="0" methods="0" coveredmethods="0"/>
        <line num="1" count="2" type="stmt"/>
      </file>
      <file name="response.utils.ts" path="D:\OneDrive\Root\My Study Life\Unimelb\Year 3\Semester 2\IT Project\Project\Gen-AI-Photobooth\server\utils\core\response.utils.ts">
        <metrics statements="4" coveredstatements="4" conditionals="0" coveredconditionals="0" methods="2" coveredmethods="2"/>
        <line num="4" count="3" type="stmt"/>
        <line num="5" count="3" type="stmt"/>
        <line num="13" count="3" type="stmt"/>
        <line num="14" count="23" type="stmt"/>
      </file>
    </package>
    <package name="image">
      <metrics statements="87" coveredstatements="87" conditionals="58" coveredconditionals="58" methods="13" coveredmethods="13"/>
      <file name="image-processer.utils.ts" path="D:\OneDrive\Root\My Study Life\Unimelb\Year 3\Semester 2\IT Project\Project\Gen-AI-Photobooth\server\utils\image\image-processer.utils.ts">
        <metrics statements="71" coveredstatements="71" conditionals="43" coveredconditionals="43" methods="11" coveredmethods="11"/>
        <line num="1" count="1" type="stmt"/>
        <line num="5" count="1" type="stmt"/>
        <line num="6" count="30" type="stmt"/>
        <line num="15" count="11" type="stmt"/>
        <line num="19" count="11" type="stmt"/>
        <line num="21" count="11" type="stmt"/>
        <line num="22" count="11" type="stmt"/>
        <line num="23" count="11" type="stmt"/>
        <line num="25" count="9" type="cond" truecount="4" falsecount="0"/>
        <line num="26" count="9" type="cond" truecount="2" falsecount="0"/>
        <line num="27" count="9" type="cond" truecount="2" falsecount="0"/>
        <line num="29" count="9" type="stmt"/>
        <line num="32" count="9" type="stmt"/>
        <line num="34" count="9" type="cond" truecount="3" falsecount="0"/>
        <line num="35" count="3" type="stmt"/>
        <line num="38" count="3" type="stmt"/>
        <line num="41" count="9" type="stmt"/>
        <line num="42" count="9" type="stmt"/>
        <line num="47" count="9" type="stmt"/>
        <line num="48" count="9" type="stmt"/>
        <line num="49" count="9" type="stmt"/>
        <line num="51" count="9" type="stmt"/>
        <line num="52" count="9" type="stmt"/>
        <line num="54" count="9" type="stmt"/>
        <line num="63" count="9" type="stmt"/>
        <line num="64" count="9" type="stmt"/>
        <line num="66" count="9" type="stmt"/>
        <line num="82" count="9" type="stmt"/>
        <line num="84" count="9" type="stmt"/>
        <line num="93" count="2" type="stmt"/>
        <line num="94" count="2" type="stmt"/>
        <line num="101" count="9" type="stmt"/>
        <line num="106" count="9" type="cond" truecount="2" falsecount="0"/>
        <line num="110" count="17" type="cond" truecount="3" falsecount="0"/>
        <line num="111" count="3" type="stmt"/>
        <line num="114" count="14" type="stmt"/>
        <line num="115" count="14" type="cond" truecount="1" falsecount="0"/>
        <line num="116" count="5" type="stmt"/>
        <line num="121" count="1" type="stmt"/>
        <line num="125" count="1" type="stmt"/>
        <line num="126" count="11" type="stmt"/>
        <line num="129" count="1" type="stmt"/>
        <line num="130" count="6" type="stmt"/>
        <line num="134" count="6" type="stmt"/>
        <line num="135" count="6" type="stmt"/>
        <line num="136" count="4" type="stmt"/>
        <line num="137" count="2" type="stmt"/>
        <line num="140" count="1" type="stmt"/>
        <line num="141" count="14" type="stmt"/>
        <line num="144" count="14" type="stmt"/>
        <line num="152" count="14" type="stmt"/>
        <line num="153" count="14" type="stmt"/>
        <line num="154" count="14" type="stmt"/>
        <line num="156" count="12" type="cond" truecount="4" falsecount="0"/>
        <line num="157" count="12" type="cond" truecount="2" falsecount="0"/>
        <line num="158" count="12" type="cond" truecount="2" falsecount="0"/>
        <line num="160" count="12" type="stmt"/>
        <line num="163" count="12" type="stmt"/>
        <line num="165" count="12" type="cond" truecount="3" falsecount="0"/>
        <line num="166" count="3" type="stmt"/>
        <line num="169" count="3" type="stmt"/>
        <line num="172" count="12" type="stmt"/>
        <line num="173" count="12" type="stmt"/>
        <line num="174" count="12" type="stmt"/>
        <line num="175" count="12" type="stmt"/>
        <line num="184" count="12" type="stmt"/>
        <line num="185" count="12" type="stmt"/>
        <line num="197" count="12" type="cond" truecount="2" falsecount="0"/>
        <line num="203" count="12" type="stmt"/>
        <line num="209" count="2" type="stmt"/>
        <line num="210" count="2" type="stmt"/>
      </file>
      <file name="logo.utils.ts" path="D:\OneDrive\Root\My Study Life\Unimelb\Year 3\Semester 2\IT Project\Project\Gen-AI-Photobooth\server\utils\image\logo.utils.ts">
        <metrics statements="16" coveredstatements="16" conditionals="15" coveredconditionals="15" methods="2" coveredmethods="2"/>
        <line num="1" count="1" type="stmt"/>
        <line num="2" count="1" type="stmt"/>
        <line num="5" count="1" type="stmt"/>
        <line num="6" count="8" type="stmt"/>
        <line num="7" count="8" type="stmt"/>
        <line num="8" count="7" type="stmt"/>
        <line num="10" count="7" type="stmt"/>
        <line num="12" count="7" type="cond" truecount="3" falsecount="0"/>
        <line num="13" count="2" type="cond" truecount="6" falsecount="0"/>
        <line num="16" count="5" type="stmt"/>
        <line num="17" count="5" type="stmt"/>
        <line num="19" count="5" type="stmt"/>
        <line num="26" count="3" type="stmt"/>
        <line num="27" count="3" type="stmt"/>
        <line num="33" count="1" type="stmt"/>
        <line num="34" count="20" type="cond" truecount="2" falsecount="0"/>
      </file>
    </package>
    <package name="qrcode">
      <metrics statements="13" coveredstatements="13" conditionals="2" coveredconditionals="2" methods="4" coveredmethods="4"/>
      <file name="qrcode.utils.ts" path="D:\OneDrive\Root\My Study Life\Unimelb\Year 3\Semester 2\IT Project\Project\Gen-AI-Photobooth\server\utils\qrcode\qrcode.utils.ts">
        <metrics statements="13" coveredstatements="13" conditionals="2" coveredconditionals="2" methods="4" coveredmethods="4"/>
        <line num="1" count="1" type="stmt"/>
        <line num="4" count="1" type="stmt"/>
        <line num="8" count="44" type="stmt"/>
        <line num="9" count="44" type="stmt"/>
        <line num="19" count="36" type="stmt"/>
        <line num="21" count="8" type="stmt"/>
        <line num="22" count="8" type="stmt"/>
        <line num="26" count="1" type="cond" truecount="1" falsecount="0"/>
        <line num="27" count="40" type="stmt"/>
        <line num="35" count="1" type="stmt"/>
        <line num="36" count="23" type="stmt"/>
        <line num="40" count="23" type="stmt"/>
        <line num="41" count="19" type="stmt"/>
      </file>
    </package>
    <package name="share">
      <metrics statements="33" coveredstatements="33" conditionals="16" coveredconditionals="16" methods="5" coveredmethods="5"/>
      <file name="share.utils.ts" path="D:\OneDrive\Root\My Study Life\Unimelb\Year 3\Semester 2\IT Project\Project\Gen-AI-Photobooth\server\utils\share\share.utils.ts">
        <metrics statements="33" coveredstatements="33" conditionals="16" coveredconditionals="16" methods="5" coveredmethods="5"/>
        <line num="1" count="1" type="stmt"/>
        <line num="2" count="1" type="stmt"/>
        <line num="3" count="1" type="stmt"/>
        <line num="4" count="1" type="stmt"/>
        <line num="6" count="1" type="stmt"/>
        <line num="7" count="33" type="stmt"/>
        <line num="10" count="33" type="stmt"/>
        <line num="11" count="33" type="stmt"/>
        <line num="13" count="33" type="stmt"/>
        <line num="17" count="33" type="cond" truecount="7" falsecount="0"/>
        <line num="18" count="6" type="cond" truecount="4" falsecount="0"/>
        <line num="21" count="27" type="stmt"/>
        <line num="24" count="1" type="stmt"/>
        <line num="25" count="18" type="stmt"/>
        <line num="31" count="18" type="stmt"/>
        <line num="32" count="18" type="stmt"/>
        <line num="34" count="18" type="stmt"/>
        <line num="35" count="16" type="stmt"/>
        <line num="37" count="14" type="stmt"/>
        <line num="38" count="14" type="stmt"/>
        <line num="40" count="14" type="stmt"/>
        <line num="46" count="11" type="stmt"/>
        <line num="48" count="7" type="stmt"/>
        <line num="49" count="7" type="stmt"/>
        <line num="53" count="1" type="stmt"/>
        <line num="54" count="17" type="stmt"/>
        <line num="55" count="17" type="stmt"/>
        <line num="57" count="17" type="stmt"/>
        <line num="59" count="17" type="cond" truecount="3" falsecount="0"/>
        <line num="60" count="5" type="stmt"/>
        <line num="61" count="5" type="stmt"/>
        <line num="64" count="12" type="stmt"/>
        <line num="65" count="12" type="stmt"/>
      </file>
    </package>
    <package name="storage">
      <metrics statements="91" coveredstatements="90" conditionals="65" coveredconditionals="64" methods="21" coveredmethods="20"/>
      <file name="path.utils.ts" path="D:\OneDrive\Root\My Study Life\Unimelb\Year 3\Semester 2\IT Project\Project\Gen-AI-Photobooth\server\utils\storage\path.utils.ts">
        <metrics statements="26" coveredstatements="25" conditionals="0" coveredconditionals="0" methods="8" coveredmethods="7"/>
        <line num="2" count="1" type="stmt"/>
        <line num="3" count="1" type="stmt"/>
        <line num="4" count="1" type="stmt"/>
        <line num="6" count="1" type="stmt"/>
        <line num="11" count="18" type="stmt"/>
        <line num="13" count="18" type="stmt"/>
        <line num="14" count="60" type="stmt"/>
        <line num="17" count="18" type="stmt"/>
        <line num="18" count="18" type="stmt"/>
        <line num="19" count="18" type="stmt"/>
        <line num="22" count="1" type="stmt"/>
        <line num="23" count="4" type="stmt"/>
        <line num="33" count="1" type="stmt"/>
        <line num="40" count="4" type="stmt"/>
        <line num="52" count="1" type="stmt"/>
        <line num="60" count="5" type="stmt"/>
        <line num="73" count="1" type="stmt"/>
        <line num="79" count="0" type="stmt"/>
        <line num="90" count="1" type="stmt"/>
        <line num="91" count="13" type="stmt"/>
        <line num="92" count="13" type="stmt"/>
        <line num="94" count="2" type="stmt"/>
        <line num="95" count="2" type="stmt"/>
        <line num="99" count="1" type="stmt"/>
        <line num="100" count="9" type="stmt"/>
        <line num="101" count="9" type="stmt"/>
      </file>
      <file name="upload.utils.ts" path="D:\OneDrive\Root\My Study Life\Unimelb\Year 3\Semester 2\IT Project\Project\Gen-AI-Photobooth\server\utils\storage\upload.utils.ts">
        <metrics statements="29" coveredstatements="29" conditionals="26" coveredconditionals="26" methods="5" coveredmethods="5"/>
        <line num="3" count="1" type="stmt"/>
        <line num="4" count="1" type="stmt"/>
        <line num="5" count="1" type="stmt"/>
        <line num="7" count="1" type="stmt"/>
        <line num="12" count="8" type="cond" truecount="2" falsecount="0"/>
        <line num="13" count="8" type="stmt"/>
        <line num="19" count="8" type="cond" truecount="1" falsecount="0"/>
        <line num="20" count="3" type="stmt"/>
        <line num="21" count="3" type="stmt"/>
        <line num="32" count="5" type="stmt"/>
        <line num="35" count="1" type="stmt"/>
        <line num="41" count="3" type="stmt"/>
        <line num="42" count="2" type="stmt"/>
        <line num="44" count="2" type="stmt"/>
        <line num="50" count="1" type="stmt"/>
        <line num="55" count="4" type="stmt"/>
        <line num="57" count="4" type="cond" truecount="1" falsecount="0"/>
        <line num="58" count="2" type="stmt"/>
        <line num="71" count="1" type="stmt"/>
        <line num="76" count="7" type="stmt"/>
        <line num="82" count="7" type="cond" truecount="1" falsecount="0"/>
        <line num="83" count="1" type="stmt"/>
        <line num="86" count="6" type="cond" truecount="2" falsecount="0"/>
        <line num="89" count="1" type="stmt"/>
        <line num="94" count="10" type="stmt"/>
        <line num="100" count="10" type="cond" truecount="4" falsecount="0"/>
        <line num="101" count="3" type="stmt"/>
        <line num="104" count="7" type="stmt"/>
        <line num="105" count="7" type="stmt"/>
      </file>
      <file name="validation.utils.ts" path="D:\OneDrive\Root\My Study Life\Unimelb\Year 3\Semester 2\IT Project\Project\Gen-AI-Photobooth\server\utils\storage\validation.utils.ts">
        <metrics statements="36" coveredstatements="36" conditionals="39" coveredconditionals="38" methods="8" coveredmethods="8"/>
        <line num="2" count="1" type="stmt"/>
        <line num="3" count="1" type="stmt"/>
        <line num="4" count="1" type="stmt"/>
        <line num="6" count="1" type="cond" truecount="1" falsecount="0"/>
        <line num="7" count="17" type="cond" truecount="2" falsecount="0"/>
        <line num="8" count="17" type="cond" truecount="2" falsecount="0"/>
        <line num="11" count="1" type="stmt"/>
        <line num="12" count="31" type="stmt"/>
        <line num="13" count="31" type="cond" truecount="2" falsecount="0"/>
        <line num="16" count="1" type="stmt"/>
        <line num="17" count="16" type="cond" truecount="10" falsecount="1"/>
        <line num="18" count="12" type="stmt"/>
        <line num="21" count="4" type="cond" truecount="2" falsecount="0"/>
        <line num="25" count="4" type="cond" truecount="2" falsecount="0"/>
        <line num="27" count="4" type="stmt"/>
        <line num="35" count="1" type="stmt"/>
        <line num="36" count="24" type="stmt"/>
        <line num="38" count="24" type="cond" truecount="1" falsecount="0"/>
        <line num="39" count="1" type="stmt"/>
        <line num="42" count="23" type="cond" truecount="1" falsecount="0"/>
        <line num="43" count="7" type="stmt"/>
        <line num="50" count="1" type="stmt"/>
        <line num="51" count="17" type="cond" truecount="1" falsecount="0"/>
        <line num="52" count="3" type="stmt"/>
        <line num="59" count="1" type="stmt"/>
        <line num="60" count="18" type="cond" truecount="1" falsecount="0"/>
        <line num="61" count="5" type="stmt"/>
        <line num="62" count="5" type="stmt"/>
        <line num="69" count="1" type="cond" truecount="1" falsecount="0"/>
        <line num="70" count="18" type="cond" truecount="4" falsecount="0"/>
        <line num="71" count="18" type="cond" truecount="4" falsecount="0"/>
        <line num="72" count="18" type="cond" truecount="4" falsecount="0"/>
        <line num="73" count="18" type="stmt"/>
        <line num="74" count="13" type="stmt"/>
        <line num="75" count="12" type="stmt"/>
        <line num="79" count="16" type="stmt"/>
      </file>
    </package>
  </project>
</coverage>
