{"D:\\OneDrive\\Root\\My Study Life\\Unimelb\\Year 3\\Semester 2\\IT Project\\Project\\Gen-AI-Photobooth\\server\\model\\ai-photo.model.ts": {"path":"D:\\OneDrive\\Root\\My Study Life\\Unimelb\\Year 3\\Semester 2\\IT Project\\Project\\Gen-AI-Photobooth\\server\\model\\ai-photo.model.ts","statementMap":{"0":{"start":{"line":4,"column":0},"end":{"line":4,"column":22}},"1":{"start":{"line":20,"column":0},"end":{"line":20,"column":22}},"2":{"start":{"line":33,"column":0},"end":{"line":33,"column":22}},"3":{"start":{"line":63,"column":0},"end":{"line":63,"column":22}},"4":{"start":{"line":1,"column":0},"end":{"line":1,"column":49}},"5":{"start":{"line":2,"column":0},"end":{"line":2,"column":39}},"6":{"start":{"line":5,"column":2},"end":{"line":17,"column":3}},"7":{"start":{"line":6,"column":23},"end":{"line":12,"column":6}},"8":{"start":{"line":13,"column":4},"end":{"line":13,"column":22}},"9":{"start":{"line":15,"column":4},"end":{"line":15,"column":53}},"10":{"start":{"line":16,"column":4},"end":{"line":16,"column":16}},"11":{"start":{"line":21,"column":2},"end":{"line":30,"column":3}},"12":{"start":{"line":22,"column":27},"end":{"line":25,"column":6}},"13":{"start":{"line":26,"column":4},"end":{"line":26,"column":26}},"14":{"start":{"line":28,"column":4},"end":{"line":28,"column":57}},"15":{"start":{"line":29,"column":4},"end":{"line":29,"column":16}},"16":{"start":{"line":34,"column":2},"end":{"line":60,"column":3}},"17":{"start":{"line":35,"column":21},"end":{"line":55,"column":6}},"18":{"start":{"line":56,"column":4},"end":{"line":56,"column":20}},"19":{"start":{"line":58,"column":4},"end":{"line":58,"column":54}},"20":{"start":{"line":59,"column":4},"end":{"line":59,"column":16}},"21":{"start":{"line":64,"column":2},"end":{"line":84,"column":3}},"22":{"start":{"line":65,"column":21},"end":{"line":77,"column":6}},"23":{"start":{"line":78,"column":23},"end":{"line":78,"column":54}},"24":{"start":{"line":79,"column":4},"end":{"line":79,"column":87}},"25":{"start":{"line":79,"column":28},"end":{"line":79,"column":85}},"26":{"start":{"line":80,"column":4},"end":{"line":80,"column":20}},"27":{"start":{"line":82,"column":4},"end":{"line":82,"column":54}},"28":{"start":{"line":83,"column":4},"end":{"line":83,"column":16}}},"fnMap":{"0":{"name":"createAIPhoto","decl":{"start":{"line":4,"column":22},"end":{"line":4,"column":35}},"loc":{"start":{"line":4,"column":72},"end":{"line":18,"column":null}}},"1":{"name":"updateAIPhotoUrl","decl":{"start":{"line":20,"column":22},"end":{"line":20,"column":38}},"loc":{"start":{"line":20,"column":71},"end":{"line":31,"column":null}}},"2":{"name":"getAIPhotoById","decl":{"start":{"line":33,"column":22},"end":{"line":33,"column":36}},"loc":{"start":{"line":33,"column":70},"end":{"line":61,"column":null}}},"3":{"name":"getAIPhotosBySession","decl":{"start":{"line":63,"column":22},"end":{"line":63,"column":42}},"loc":{"start":{"line":63,"column":81},"end":{"line":85,"column":null}}},"4":{"name":"(anonymous_15)","decl":{"start":{"line":79,"column":18},"end":{"line":79,"column":19}},"loc":{"start":{"line":79,"column":28},"end":{"line":79,"column":85}}}},"branchMap":{},"s":{"0":1,"1":1,"2":1,"3":1,"4":1,"5":1,"6":6,"7":6,"8":5,"9":1,"10":1,"11":6,"12":6,"13":5,"14":1,"15":1,"16":5,"17":5,"18":4,"19":1,"20":1,"21":8,"22":8,"23":7,"24":7,"25":14,"26":7,"27":1,"28":1},"f":{"0":6,"1":6,"2":5,"3":8,"4":14},"b":{}}
,"D:\\OneDrive\\Root\\My Study Life\\Unimelb\\Year 3\\Semester 2\\IT Project\\Project\\Gen-AI-Photobooth\\server\\model\\event.model.ts": {"path":"D:\\OneDrive\\Root\\My Study Life\\Unimelb\\Year 3\\Semester 2\\IT Project\\Project\\Gen-AI-Photobooth\\server\\model\\event.model.ts","statementMap":{"0":{"start":{"line":2,"column":0},"end":{"line":2,"column":49}},"1":{"start":{"line":4,"column":27},"end":{"line":20,"column":2}},"2":{"start":{"line":4,"column":96},"end":{"line":20,"column":2}},"3":{"start":{"line":5,"column":2},"end":{"line":19,"column":3}},"4":{"start":{"line":6,"column":21},"end":{"line":14,"column":6}},"5":{"start":{"line":15,"column":4},"end":{"line":15,"column":20}},"6":{"start":{"line":17,"column":4},"end":{"line":17,"column":50}},"7":{"start":{"line":18,"column":4},"end":{"line":18,"column":16}},"8":{"start":{"line":4,"column":13},"end":{"line":4,"column":27}},"9":{"start":{"line":22,"column":28},"end":{"line":38,"column":2}},"10":{"start":{"line":22,"column":65},"end":{"line":38,"column":2}},"11":{"start":{"line":23,"column":2},"end":{"line":37,"column":3}},"12":{"start":{"line":24,"column":24},"end":{"line":32,"column":6}},"13":{"start":{"line":33,"column":4},"end":{"line":33,"column":23}},"14":{"start":{"line":35,"column":4},"end":{"line":35,"column":50}},"15":{"start":{"line":36,"column":4},"end":{"line":36,"column":16}},"16":{"start":{"line":22,"column":13},"end":{"line":22,"column":28}},"17":{"start":{"line":40,"column":34},"end":{"line":56,"column":2}},"18":{"start":{"line":40,"column":91},"end":{"line":56,"column":2}},"19":{"start":{"line":41,"column":2},"end":{"line":55,"column":3}},"20":{"start":{"line":42,"column":24},"end":{"line":50,"column":6}},"21":{"start":{"line":51,"column":4},"end":{"line":51,"column":23}},"22":{"start":{"line":53,"column":4},"end":{"line":53,"column":51}},"23":{"start":{"line":54,"column":4},"end":{"line":54,"column":16}},"24":{"start":{"line":40,"column":13},"end":{"line":40,"column":34}},"25":{"start":{"line":58,"column":34},"end":{"line":69,"column":2}},"26":{"start":{"line":58,"column":77},"end":{"line":69,"column":2}},"27":{"start":{"line":59,"column":2},"end":{"line":68,"column":3}},"28":{"start":{"line":60,"column":25},"end":{"line":63,"column":6}},"29":{"start":{"line":64,"column":4},"end":{"line":64,"column":24}},"30":{"start":{"line":66,"column":4},"end":{"line":66,"column":59}},"31":{"start":{"line":67,"column":4},"end":{"line":67,"column":16}},"32":{"start":{"line":58,"column":13},"end":{"line":58,"column":34}}},"fnMap":{"0":{"name":"(anonymous_7)","decl":{"start":{"line":4,"column":27},"end":{"line":4,"column":34}},"loc":{"start":{"line":4,"column":96},"end":{"line":20,"column":2}}},"1":{"name":"(anonymous_8)","decl":{"start":{"line":4,"column":96},"end":{"line":4,"column":null}},"loc":{"start":{"line":4,"column":92},"end":{"line":20,"column":1}}},"2":{"name":"(anonymous_9)","decl":{"start":{"line":22,"column":28},"end":{"line":22,"column":35}},"loc":{"start":{"line":22,"column":65},"end":{"line":38,"column":2}}},"3":{"name":"(anonymous_10)","decl":{"start":{"line":22,"column":65},"end":{"line":22,"column":null}},"loc":{"start":{"line":22,"column":65},"end":{"line":38,"column":1}}},"4":{"name":"(anonymous_11)","decl":{"start":{"line":40,"column":34},"end":{"line":40,"column":41}},"loc":{"start":{"line":40,"column":91},"end":{"line":56,"column":2}}},"5":{"name":"(anonymous_12)","decl":{"start":{"line":40,"column":91},"end":{"line":40,"column":null}},"loc":{"start":{"line":40,"column":87},"end":{"line":56,"column":1}}},"6":{"name":"(anonymous_13)","decl":{"start":{"line":58,"column":34},"end":{"line":58,"column":41}},"loc":{"start":{"line":58,"column":77},"end":{"line":69,"column":2}}},"7":{"name":"(anonymous_14)","decl":{"start":{"line":58,"column":77},"end":{"line":58,"column":null}},"loc":{"start":{"line":58,"column":77},"end":{"line":69,"column":1}}}},"branchMap":{"0":{"loc":{"start":{"line":10,"column":17},"end":{"line":10,"column":32}},"type":"binary-expr","locations":[{"start":{"line":10,"column":17},"end":{"line":10,"column":24}},{"start":{"line":10,"column":28},"end":{"line":10,"column":32}}]},"1":{"loc":{"start":{"line":40,"column":57},"end":{"line":40,"column":87}},"type":"default-arg","locations":[{"start":{"line":40,"column":81},"end":{"line":40,"column":87}}]}},"s":{"0":1,"1":1,"2":4,"3":4,"4":4,"5":3,"6":1,"7":1,"8":1,"9":1,"10":5,"11":5,"12":5,"13":4,"14":1,"15":1,"16":1,"17":1,"18":7,"19":7,"20":7,"21":6,"22":1,"23":1,"24":1,"25":1,"26":6,"27":6,"28":6,"29":5,"30":1,"31":1,"32":1},"f":{"0":4,"1":4,"2":5,"3":5,"4":7,"5":7,"6":6,"7":6},"b":{"0":[4,3],"1":[6]}}
,"D:\\OneDrive\\Root\\My Study Life\\Unimelb\\Year 3\\Semester 2\\IT Project\\Project\\Gen-AI-Photobooth\\server\\model\\photo-session.model.ts": {"path":"D:\\OneDrive\\Root\\My Study Life\\Unimelb\\Year 3\\Semester 2\\IT Project\\Project\\Gen-AI-Photobooth\\server\\model\\photo-session.model.ts","statementMap":{"0":{"start":{"line":1,"column":0},"end":{"line":1,"column":49}},"1":{"start":{"line":3,"column":34},"end":{"line":15,"column":2}},"2":{"start":{"line":3,"column":60},"end":{"line":15,"column":2}},"3":{"start":{"line":4,"column":2},"end":{"line":14,"column":3}},"4":{"start":{"line":5,"column":25},"end":{"line":9,"column":6}},"5":{"start":{"line":10,"column":4},"end":{"line":10,"column":24}},"6":{"start":{"line":12,"column":4},"end":{"line":12,"column":58}},"7":{"start":{"line":13,"column":4},"end":{"line":13,"column":16}},"8":{"start":{"line":3,"column":13},"end":{"line":3,"column":34}},"9":{"start":{"line":17,"column":35},"end":{"line":35,"column":2}},"10":{"start":{"line":17,"column":79},"end":{"line":35,"column":2}},"11":{"start":{"line":18,"column":2},"end":{"line":34,"column":3}},"12":{"start":{"line":19,"column":25},"end":{"line":29,"column":6}},"13":{"start":{"line":30,"column":4},"end":{"line":30,"column":24}},"14":{"start":{"line":32,"column":4},"end":{"line":32,"column":58}},"15":{"start":{"line":33,"column":4},"end":{"line":33,"column":16}},"16":{"start":{"line":17,"column":13},"end":{"line":17,"column":35}},"17":{"start":{"line":37,"column":42},"end":{"line":52,"column":2}},"18":{"start":{"line":37,"column":88},"end":{"line":52,"column":2}},"19":{"start":{"line":38,"column":2},"end":{"line":51,"column":3}},"20":{"start":{"line":39,"column":25},"end":{"line":46,"column":6}},"21":{"start":{"line":47,"column":4},"end":{"line":47,"column":24}},"22":{"start":{"line":49,"column":4},"end":{"line":49,"column":68}},"23":{"start":{"line":50,"column":4},"end":{"line":50,"column":16}},"24":{"start":{"line":37,"column":13},"end":{"line":37,"column":42}}},"fnMap":{"0":{"name":"(anonymous_7)","decl":{"start":{"line":3,"column":34},"end":{"line":3,"column":41}},"loc":{"start":{"line":3,"column":60},"end":{"line":15,"column":2}}},"1":{"name":"(anonymous_8)","decl":{"start":{"line":3,"column":60},"end":{"line":3,"column":null}},"loc":{"start":{"line":3,"column":60},"end":{"line":15,"column":1}}},"2":{"name":"(anonymous_9)","decl":{"start":{"line":17,"column":35},"end":{"line":17,"column":42}},"loc":{"start":{"line":17,"column":79},"end":{"line":35,"column":2}}},"3":{"name":"(anonymous_10)","decl":{"start":{"line":17,"column":79},"end":{"line":17,"column":null}},"loc":{"start":{"line":17,"column":79},"end":{"line":35,"column":1}}},"4":{"name":"(anonymous_11)","decl":{"start":{"line":37,"column":42},"end":{"line":37,"column":49}},"loc":{"start":{"line":37,"column":88},"end":{"line":52,"column":2}}},"5":{"name":"(anonymous_12)","decl":{"start":{"line":37,"column":88},"end":{"line":37,"column":null}},"loc":{"start":{"line":37,"column":88},"end":{"line":52,"column":1}}}},"branchMap":{},"s":{"0":1,"1":1,"2":6,"3":6,"4":6,"5":5,"6":1,"7":1,"8":1,"9":1,"10":7,"11":7,"12":7,"13":6,"14":1,"15":1,"16":1,"17":1,"18":10,"19":10,"20":10,"21":9,"22":1,"23":1,"24":1},"f":{"0":6,"1":6,"2":7,"3":7,"4":10,"5":10},"b":{}}
,"D:\\OneDrive\\Root\\My Study Life\\Unimelb\\Year 3\\Semester 2\\IT Project\\Project\\Gen-AI-Photobooth\\server\\model\\profile.model.ts": {"path":"D:\\OneDrive\\Root\\My Study Life\\Unimelb\\Year 3\\Semester 2\\IT Project\\Project\\Gen-AI-Photobooth\\server\\model\\profile.model.ts","statementMap":{"0":{"start":{"line":1,"column":0},"end":{"line":1,"column":49}},"1":{"start":{"line":3,"column":29},"end":{"line":16,"column":2}},"2":{"start":{"line":3,"column":76},"end":{"line":16,"column":2}},"3":{"start":{"line":4,"column":2},"end":{"line":15,"column":3}},"4":{"start":{"line":5,"column":20},"end":{"line":10,"column":6}},"5":{"start":{"line":11,"column":4},"end":{"line":11,"column":19}},"6":{"start":{"line":13,"column":4},"end":{"line":13,"column":52}},"7":{"start":{"line":14,"column":4},"end":{"line":14,"column":16}},"8":{"start":{"line":3,"column":13},"end":{"line":3,"column":29}},"9":{"start":{"line":18,"column":31},"end":{"line":31,"column":2}},"10":{"start":{"line":18,"column":56},"end":{"line":31,"column":2}},"11":{"start":{"line":19,"column":2},"end":{"line":30,"column":3}},"12":{"start":{"line":20,"column":20},"end":{"line":25,"column":6}},"13":{"start":{"line":26,"column":4},"end":{"line":26,"column":19}},"14":{"start":{"line":28,"column":4},"end":{"line":28,"column":52}},"15":{"start":{"line":29,"column":4},"end":{"line":29,"column":16}},"16":{"start":{"line":18,"column":13},"end":{"line":18,"column":31}},"17":{"start":{"line":33,"column":29},"end":{"line":43,"column":2}},"18":{"start":{"line":33,"column":54},"end":{"line":43,"column":2}},"19":{"start":{"line":34,"column":2},"end":{"line":42,"column":3}},"20":{"start":{"line":35,"column":20},"end":{"line":37,"column":6}},"21":{"start":{"line":38,"column":4},"end":{"line":38,"column":19}},"22":{"start":{"line":40,"column":4},"end":{"line":40,"column":72}},"23":{"start":{"line":41,"column":4},"end":{"line":41,"column":16}},"24":{"start":{"line":33,"column":13},"end":{"line":33,"column":29}},"25":{"start":{"line":45,"column":29},"end":{"line":71,"column":2}},"26":{"start":{"line":48,"column":4},"end":{"line":71,"column":2}},"27":{"start":{"line":49,"column":2},"end":{"line":70,"column":3}},"28":{"start":{"line":50,"column":72},"end":{"line":50,"column":74}},"29":{"start":{"line":52,"column":4},"end":{"line":54,"column":5}},"30":{"start":{"line":53,"column":6},"end":{"line":53,"column":48}},"31":{"start":{"line":55,"column":4},"end":{"line":57,"column":5}},"32":{"start":{"line":56,"column":6},"end":{"line":56,"column":50}},"33":{"start":{"line":59,"column":20},"end":{"line":65,"column":6}},"34":{"start":{"line":66,"column":4},"end":{"line":66,"column":19}},"35":{"start":{"line":68,"column":4},"end":{"line":68,"column":52}},"36":{"start":{"line":69,"column":4},"end":{"line":69,"column":16}},"37":{"start":{"line":45,"column":13},"end":{"line":45,"column":29}},"38":{"start":{"line":73,"column":33},"end":{"line":89,"column":2}},"39":{"start":{"line":73,"column":58},"end":{"line":89,"column":2}},"40":{"start":{"line":74,"column":2},"end":{"line":88,"column":3}},"41":{"start":{"line":75,"column":20},"end":{"line":83,"column":6}},"42":{"start":{"line":84,"column":4},"end":{"line":84,"column":19}},"43":{"start":{"line":86,"column":4},"end":{"line":86,"column":57}},"44":{"start":{"line":87,"column":4},"end":{"line":87,"column":16}},"45":{"start":{"line":73,"column":13},"end":{"line":73,"column":33}},"46":{"start":{"line":91,"column":30},"end":{"line":107,"column":2}},"47":{"start":{"line":91,"column":55},"end":{"line":107,"column":2}},"48":{"start":{"line":92,"column":2},"end":{"line":106,"column":3}},"49":{"start":{"line":93,"column":20},"end":{"line":101,"column":6}},"50":{"start":{"line":102,"column":4},"end":{"line":102,"column":19}},"51":{"start":{"line":104,"column":4},"end":{"line":104,"column":53}},"52":{"start":{"line":105,"column":4},"end":{"line":105,"column":16}},"53":{"start":{"line":91,"column":13},"end":{"line":91,"column":30}}},"fnMap":{"0":{"name":"(anonymous_7)","decl":{"start":{"line":3,"column":29},"end":{"line":3,"column":36}},"loc":{"start":{"line":3,"column":76},"end":{"line":16,"column":2}}},"1":{"name":"(anonymous_8)","decl":{"start":{"line":3,"column":76},"end":{"line":3,"column":null}},"loc":{"start":{"line":3,"column":76},"end":{"line":16,"column":1}}},"2":{"name":"(anonymous_9)","decl":{"start":{"line":18,"column":31},"end":{"line":18,"column":38}},"loc":{"start":{"line":18,"column":56},"end":{"line":31,"column":2}}},"3":{"name":"(anonymous_10)","decl":{"start":{"line":18,"column":56},"end":{"line":18,"column":null}},"loc":{"start":{"line":18,"column":56},"end":{"line":31,"column":1}}},"4":{"name":"(anonymous_11)","decl":{"start":{"line":33,"column":29},"end":{"line":33,"column":36}},"loc":{"start":{"line":33,"column":54},"end":{"line":43,"column":2}}},"5":{"name":"(anonymous_12)","decl":{"start":{"line":33,"column":54},"end":{"line":33,"column":null}},"loc":{"start":{"line":33,"column":54},"end":{"line":43,"column":1}}},"6":{"name":"(anonymous_13)","decl":{"start":{"line":45,"column":29},"end":{"line":45,"column":null}},"loc":{"start":{"line":48,"column":4},"end":{"line":71,"column":2}}},"7":{"name":"(anonymous_14)","decl":{"start":{"line":48,"column":4},"end":{"line":48,"column":null}},"loc":{"start":{"line":48,"column":4},"end":{"line":71,"column":1}}},"8":{"name":"(anonymous_15)","decl":{"start":{"line":73,"column":33},"end":{"line":73,"column":40}},"loc":{"start":{"line":73,"column":58},"end":{"line":89,"column":2}}},"9":{"name":"(anonymous_16)","decl":{"start":{"line":73,"column":58},"end":{"line":73,"column":null}},"loc":{"start":{"line":73,"column":58},"end":{"line":89,"column":1}}},"10":{"name":"(anonymous_17)","decl":{"start":{"line":91,"column":30},"end":{"line":91,"column":37}},"loc":{"start":{"line":91,"column":55},"end":{"line":107,"column":2}}},"11":{"name":"(anonymous_18)","decl":{"start":{"line":91,"column":55},"end":{"line":91,"column":null}},"loc":{"start":{"line":91,"column":55},"end":{"line":107,"column":1}}}},"branchMap":{"0":{"loc":{"start":{"line":8,"column":21},"end":{"line":8,"column":42}},"type":"binary-expr","locations":[{"start":{"line":8,"column":21},"end":{"line":8,"column":32}},{"start":{"line":8,"column":36},"end":{"line":8,"column":42}}]},"1":{"loc":{"start":{"line":52,"column":4},"end":{"line":54,"column":5}},"type":"if","locations":[{"start":{"line":52,"column":4},"end":{"line":54,"column":5}}]},"2":{"loc":{"start":{"line":55,"column":4},"end":{"line":57,"column":5}},"type":"if","locations":[{"start":{"line":55,"column":4},"end":{"line":57,"column":5}}]}},"s":{"0":1,"1":1,"2":7,"3":7,"4":7,"5":6,"6":1,"7":1,"8":1,"9":1,"10":5,"11":5,"12":5,"13":4,"14":1,"15":1,"16":1,"17":1,"18":5,"19":5,"20":5,"21":4,"22":1,"23":1,"24":1,"25":1,"26":6,"27":6,"28":6,"29":6,"30":4,"31":6,"32":2,"33":6,"34":5,"35":1,"36":1,"37":1,"38":1,"39":6,"40":6,"41":6,"42":5,"43":1,"44":1,"45":1,"46":1,"47":6,"48":6,"49":6,"50":5,"51":1,"52":1,"53":1},"f":{"0":7,"1":7,"2":5,"3":5,"4":5,"5":5,"6":6,"7":6,"8":6,"9":6,"10":6,"11":6},"b":{"0":[7,2],"1":[4],"2":[2]}}
,"D:\\OneDrive\\Root\\My Study Life\\Unimelb\\Year 3\\Semester 2\\IT Project\\Project\\Gen-AI-Photobooth\\server\\model\\share-photo.model.ts": {"path":"D:\\OneDrive\\Root\\My Study Life\\Unimelb\\Year 3\\Semester 2\\IT Project\\Project\\Gen-AI-Photobooth\\server\\model\\share-photo.model.ts","statementMap":{"0":{"start":{"line":4,"column":0},"end":{"line":4,"column":22}},"1":{"start":{"line":37,"column":0},"end":{"line":37,"column":22}},"2":{"start":{"line":81,"column":0},"end":{"line":81,"column":22}},"3":{"start":{"line":122,"column":0},"end":{"line":122,"column":22}},"4":{"start":{"line":1,"column":0},"end":{"line":1,"column":49}},"5":{"start":{"line":11,"column":2},"end":{"line":34,"column":3}},"6":{"start":{"line":12,"column":24},"end":{"line":20,"column":6}},"7":{"start":{"line":22,"column":4},"end":{"line":30,"column":6}},"8":{"start":{"line":32,"column":4},"end":{"line":32,"column":57}},"9":{"start":{"line":33,"column":4},"end":{"line":33,"column":16}},"10":{"start":{"line":48,"column":2},"end":{"line":78,"column":3}},"11":{"start":{"line":49,"column":24},"end":{"line":68,"column":6}},"12":{"start":{"line":70,"column":4},"end":{"line":72,"column":5}},"13":{"start":{"line":71,"column":6},"end":{"line":71,"column":18}},"14":{"start":{"line":74,"column":4},"end":{"line":74,"column":23}},"15":{"start":{"line":76,"column":4},"end":{"line":76,"column":63}},"16":{"start":{"line":77,"column":4},"end":{"line":77,"column":16}},"17":{"start":{"line":94,"column":2},"end":{"line":119,"column":3}},"18":{"start":{"line":95,"column":25},"end":{"line":113,"column":6}},"19":{"start":{"line":115,"column":4},"end":{"line":115,"column":24}},"20":{"start":{"line":117,"column":4},"end":{"line":117,"column":67}},"21":{"start":{"line":118,"column":4},"end":{"line":118,"column":16}},"22":{"start":{"line":133,"column":4},"end":{"line":161,"column":3}},"23":{"start":{"line":134,"column":24},"end":{"line":151,"column":6}},"24":{"start":{"line":153,"column":4},"end":{"line":155,"column":5}},"25":{"start":{"line":154,"column":6},"end":{"line":154,"column":18}},"26":{"start":{"line":157,"column":4},"end":{"line":157,"column":23}},"27":{"start":{"line":159,"column":4},"end":{"line":159,"column":72}},"28":{"start":{"line":160,"column":4},"end":{"line":160,"column":16}}},"fnMap":{"0":{"name":"createSharedPhoto","decl":{"start":{"line":4,"column":22},"end":{"line":4,"column":39}},"loc":{"start":{"line":9,"column":19},"end":{"line":35,"column":null}}},"1":{"name":"getSharedPhotoById","decl":{"start":{"line":37,"column":22},"end":{"line":37,"column":40}},"loc":{"start":{"line":37,"column":56},"end":{"line":79,"column":null}}},"2":{"name":"getSharedPhotosByEvent","decl":{"start":{"line":81,"column":22},"end":{"line":81,"column":44}},"loc":{"start":{"line":81,"column":60},"end":{"line":120,"column":null}}},"3":{"name":"getSharedPhotoByAIPhoto","decl":{"start":{"line":122,"column":22},"end":{"line":122,"column":45}},"loc":{"start":{"line":122,"column":63},"end":{"line":162,"column":null}}}},"branchMap":{"0":{"loc":{"start":{"line":70,"column":4},"end":{"line":72,"column":5}},"type":"if","locations":[{"start":{"line":70,"column":4},"end":{"line":72,"column":5}}]},"1":{"loc":{"start":{"line":153,"column":4},"end":{"line":155,"column":5}},"type":"if","locations":[{"start":{"line":153,"column":4},"end":{"line":155,"column":5}}]}},"s":{"0":1,"1":1,"2":1,"3":1,"4":1,"5":7,"6":7,"7":6,"8":1,"9":1,"10":5,"11":5,"12":4,"13":1,"14":3,"15":1,"16":1,"17":7,"18":7,"19":6,"20":1,"21":1,"22":7,"23":7,"24":6,"25":3,"26":3,"27":1,"28":1},"f":{"0":7,"1":5,"2":7,"3":7},"b":{"0":[1],"1":[3]}}
,"D:\\OneDrive\\Root\\My Study Life\\Unimelb\\Year 3\\Semester 2\\IT Project\\Project\\Gen-AI-Photobooth\\server\\utils\\auth\\auth-guard.utils.ts": {"path":"D:\\OneDrive\\Root\\My Study Life\\Unimelb\\Year 3\\Semester 2\\IT Project\\Project\\Gen-AI-Photobooth\\server\\utils\\auth\\auth-guard.utils.ts","statementMap":{"0":{"start":{"line":1,"column":0},"end":{"line":1,"column":70}},"1":{"start":{"line":2,"column":0},"end":{"line":2,"column":69}},"2":{"start":{"line":4,"column":0},"end":{"line":4,"column":56}},"3":{"start":{"line":5,"column":0},"end":{"line":5,"column":58}},"4":{"start":{"line":15,"column":27},"end":{"line":70,"column":2}},"5":{"start":{"line":15,"column":71},"end":{"line":70,"column":2}},"6":{"start":{"line":16,"column":21},"end":{"line":16,"column":54}},"7":{"start":{"line":18,"column":2},"end":{"line":23,"column":3}},"8":{"start":{"line":19,"column":4},"end":{"line":22,"column":7}},"9":{"start":{"line":25,"column":16},"end":{"line":25,"column":39}},"10":{"start":{"line":26,"column":2},"end":{"line":69,"column":3}},"11":{"start":{"line":27,"column":21},"end":{"line":27,"column":39}},"12":{"start":{"line":31,"column":8},"end":{"line":31,"column":42}},"13":{"start":{"line":33,"column":4},"end":{"line":39,"column":5}},"14":{"start":{"line":34,"column":24},"end":{"line":34,"column":46}},"15":{"start":{"line":35,"column":6},"end":{"line":38,"column":9}},"16":{"start":{"line":41,"column":31},"end":{"line":47,"column":6}},"17":{"start":{"line":50,"column":4},"end":{"line":50,"column":34}},"18":{"start":{"line":52,"column":4},"end":{"line":52,"column":20}},"19":{"start":{"line":55,"column":22},"end":{"line":57,"column":5}},"20":{"start":{"line":56,"column":6},"end":{"line":56,"column":76}},"21":{"start":{"line":60,"column":4},"end":{"line":62,"column":5}},"22":{"start":{"line":61,"column":6},"end":{"line":61,"column":18}},"23":{"start":{"line":65,"column":4},"end":{"line":68,"column":7}},"24":{"start":{"line":15,"column":13},"end":{"line":15,"column":27}},"25":{"start":{"line":73,"column":28},"end":{"line":79,"column":2}},"26":{"start":{"line":73,"column":79},"end":{"line":79,"column":2}},"27":{"start":{"line":74,"column":2},"end":{"line":78,"column":3}},"28":{"start":{"line":75,"column":4},"end":{"line":75,"column":36}},"29":{"start":{"line":77,"column":4},"end":{"line":77,"column":16}},"30":{"start":{"line":73,"column":13},"end":{"line":73,"column":28}}},"fnMap":{"0":{"name":"(anonymous_7)","decl":{"start":{"line":15,"column":27},"end":{"line":15,"column":34}},"loc":{"start":{"line":15,"column":71},"end":{"line":70,"column":2}}},"1":{"name":"(anonymous_8)","decl":{"start":{"line":15,"column":71},"end":{"line":15,"column":null}},"loc":{"start":{"line":15,"column":71},"end":{"line":70,"column":1}}},"2":{"name":"(anonymous_9)","decl":{"start":{"line":55,"column":22},"end":{"line":55,"column":23}},"loc":{"start":{"line":55,"column":55},"end":{"line":57,"column":5}}},"3":{"name":"(anonymous_10)","decl":{"start":{"line":73,"column":28},"end":{"line":73,"column":35}},"loc":{"start":{"line":73,"column":79},"end":{"line":79,"column":2}}},"4":{"name":"(anonymous_11)","decl":{"start":{"line":73,"column":79},"end":{"line":73,"column":null}},"loc":{"start":{"line":73,"column":79},"end":{"line":79,"column":1}}}},"branchMap":{"0":{"loc":{"start":{"line":18,"column":2},"end":{"line":23,"column":3}},"type":"if","locations":[{"start":{"line":18,"column":2},"end":{"line":23,"column":3}}]},"1":{"loc":{"start":{"line":18,"column":6},"end":{"line":18,"column":54}},"type":"binary-expr","locations":[{"start":{"line":18,"column":6},"end":{"line":18,"column":17}},{"start":{"line":18,"column":21},"end":{"line":18,"column":54}}]},"2":{"loc":{"start":{"line":33,"column":4},"end":{"line":39,"column":5}},"type":"if","locations":[{"start":{"line":33,"column":4},"end":{"line":39,"column":5}}]},"3":{"loc":{"start":{"line":33,"column":8},"end":{"line":33,"column":22}},"type":"binary-expr","locations":[{"start":{"line":33,"column":8},"end":{"line":33,"column":13}},{"start":{"line":33,"column":17},"end":{"line":33,"column":22}}]},"4":{"loc":{"start":{"line":36,"column":20},"end":{"line":36,"column":47}},"type":"binary-expr","locations":[{"start":{"line":36,"column":20},"end":{"line":36,"column":40}},{"start":{"line":36,"column":44},"end":{"line":36,"column":47}}]},"5":{"loc":{"start":{"line":43,"column":13},"end":{"line":43,"column":29}},"type":"binary-expr","locations":[{"start":{"line":43,"column":13},"end":{"line":43,"column":23}},{"start":{"line":43,"column":27},"end":{"line":43,"column":29}}]},"6":{"loc":{"start":{"line":44,"column":26},"end":{"line":44,"column":57}},"type":"binary-expr","locations":[{"start":{"line":44,"column":26},"end":{"line":44,"column":49}},{"start":{"line":44,"column":53},"end":{"line":44,"column":57}}]},"7":{"loc":{"start":{"line":45,"column":18},"end":{"line":45,"column":61}},"type":"binary-expr","locations":[{"start":{"line":45,"column":18},"end":{"line":45,"column":33}},{"start":{"line":45,"column":37},"end":{"line":45,"column":61}}]},"8":{"loc":{"start":{"line":46,"column":18},"end":{"line":46,"column":61}},"type":"binary-expr","locations":[{"start":{"line":46,"column":18},"end":{"line":46,"column":33}},{"start":{"line":46,"column":37},"end":{"line":46,"column":61}}]},"9":{"loc":{"start":{"line":56,"column":13},"end":{"line":56,"column":75}},"type":"binary-expr","locations":[{"start":{"line":56,"column":13},"end":{"line":56,"column":36}},{"start":{"line":56,"column":40},"end":{"line":56,"column":52}},{"start":{"line":56,"column":56},"end":{"line":56,"column":75}}]},"10":{"loc":{"start":{"line":60,"column":4},"end":{"line":62,"column":5}},"type":"if","locations":[{"start":{"line":60,"column":4},"end":{"line":62,"column":5}}]},"11":{"loc":{"start":{"line":60,"column":8},"end":{"line":60,"column":44}},"type":"binary-expr","locations":[{"start":{"line":60,"column":8},"end":{"line":60,"column":24}},{"start":{"line":60,"column":28},"end":{"line":60,"column":44}}]}},"s":{"0":1,"1":1,"2":1,"3":1,"4":1,"5":13,"6":13,"7":13,"8":2,"9":11,"10":11,"11":11,"12":11,"13":9,"14":4,"15":4,"16":5,"17":5,"18":5,"19":6,"20":6,"21":6,"22":5,"23":1,"24":1,"25":1,"26":2,"27":2,"28":2,"29":1,"30":1},"f":{"0":13,"1":13,"2":6,"3":2,"4":2},"b":{"0":[2],"1":[13,12],"2":[4],"3":[9,6],"4":[4,1],"5":[5,2],"6":[5,2],"7":[5,2],"8":[5,2],"9":[6,6,6],"10":[5],"11":[6,5]}}
,"D:\\OneDrive\\Root\\My Study Life\\Unimelb\\Year 3\\Semester 2\\IT Project\\Project\\Gen-AI-Photobooth\\server\\utils\\auth\\error-handler.utils.ts": {"path":"D:\\OneDrive\\Root\\My Study Life\\Unimelb\\Year 3\\Semester 2\\IT Project\\Project\\Gen-AI-Photobooth\\server\\utils\\auth\\error-handler.utils.ts","statementMap":{"0":{"start":{"line":1,"column":0},"end":{"line":1,"column":70}},"1":{"start":{"line":10,"column":31},"end":{"line":86,"column":1}},"2":{"start":{"line":12,"column":26},"end":{"line":14,"column":3}},"3":{"start":{"line":13,"column":4},"end":{"line":13,"column":51}},"4":{"start":{"line":15,"column":24},"end":{"line":15,"column":59}},"5":{"start":{"line":17,"column":28},"end":{"line":21,"column":4}},"6":{"start":{"line":24,"column":2},"end":{"line":85,"column":3}},"7":{"start":{"line":26,"column":6},"end":{"line":30,"column":null}},"8":{"start":{"line":33,"column":6},"end":{"line":37,"column":null}},"9":{"start":{"line":40,"column":6},"end":{"line":44,"column":null}},"10":{"start":{"line":47,"column":6},"end":{"line":51,"column":null}},"11":{"start":{"line":54,"column":6},"end":{"line":58,"column":null}},"12":{"start":{"line":62,"column":6},"end":{"line":66,"column":null}},"13":{"start":{"line":70,"column":6},"end":{"line":74,"column":null}},"14":{"start":{"line":77,"column":6},"end":{"line":81,"column":null}},"15":{"start":{"line":84,"column":6},"end":{"line":84,"column":23}},"16":{"start":{"line":10,"column":13},"end":{"line":10,"column":31}},"17":{"start":{"line":89,"column":28},"end":{"line":103,"column":1}},"18":{"start":{"line":90,"column":2},"end":{"line":92,"column":3}},"19":{"start":{"line":91,"column":4},"end":{"line":91,"column":17}},"20":{"start":{"line":94,"column":2},"end":{"line":96,"column":3}},"21":{"start":{"line":95,"column":4},"end":{"line":95,"column":17}},"22":{"start":{"line":98,"column":16},"end":{"line":98,"column":52}},"23":{"start":{"line":99,"column":2},"end":{"line":101,"column":3}},"24":{"start":{"line":100,"column":4},"end":{"line":100,"column":17}},"25":{"start":{"line":102,"column":2},"end":{"line":102,"column":25}},"26":{"start":{"line":106,"column":30},"end":{"line":132,"column":1}},"27":{"start":{"line":108,"column":2},"end":{"line":118,"column":3}},"28":{"start":{"line":110,"column":4},"end":{"line":117,"column":5}},"29":{"start":{"line":111,"column":24},"end":{"line":111,"column":40}},"30":{"start":{"line":112,"column":6},"end":{"line":116,"column":8}},"31":{"start":{"line":121,"column":25},"end":{"line":123,"column":3}},"32":{"start":{"line":122,"column":4},"end":{"line":122,"column":68}},"33":{"start":{"line":125,"column":23},"end":{"line":125,"column":57}},"34":{"start":{"line":127,"column":2},"end":{"line":131,"column":4}},"35":{"start":{"line":106,"column":13},"end":{"line":106,"column":30}}},"fnMap":{"0":{"name":"(anonymous_0)","decl":{"start":{"line":10,"column":31},"end":{"line":10,"column":32}},"loc":{"start":{"line":10,"column":78},"end":{"line":86,"column":1}}},"1":{"name":"(anonymous_1)","decl":{"start":{"line":12,"column":26},"end":{"line":12,"column":27}},"loc":{"start":{"line":12,"column":69},"end":{"line":14,"column":3}}},"2":{"name":"(anonymous_2)","decl":{"start":{"line":89,"column":28},"end":{"line":89,"column":29}},"loc":{"start":{"line":89,"column":71},"end":{"line":103,"column":1}}},"3":{"name":"(anonymous_3)","decl":{"start":{"line":106,"column":30},"end":{"line":106,"column":31}},"loc":{"start":{"line":106,"column":72},"end":{"line":132,"column":1}}},"4":{"name":"(anonymous_4)","decl":{"start":{"line":121,"column":25},"end":{"line":121,"column":26}},"loc":{"start":{"line":121,"column":63},"end":{"line":123,"column":3}}}},"branchMap":{"0":{"loc":{"start":{"line":13,"column":11},"end":{"line":13,"column":50}},"type":"binary-expr","locations":[{"start":{"line":13,"column":11},"end":{"line":13,"column":34}},{"start":{"line":13,"column":38},"end":{"line":13,"column":50}}]},"1":{"loc":{"start":{"line":15,"column":24},"end":{"line":15,"column":59}},"type":"cond-expr","locations":[{"start":{"line":15,"column":49},"end":{"line":15,"column":54}},{"start":{"line":15,"column":57},"end":{"line":15,"column":59}}]},"2":{"loc":{"start":{"line":18,"column":10},"end":{"line":18,"column":75}},"type":"binary-expr","locations":[{"start":{"line":18,"column":10},"end":{"line":18,"column":34}},{"start":{"line":18,"column":38},"end":{"line":18,"column":56}},{"start":{"line":18,"column":60},"end":{"line":18,"column":75}}]},"3":{"loc":{"start":{"line":19,"column":13},"end":{"line":19,"column":72}},"type":"binary-expr","locations":[{"start":{"line":19,"column":13},"end":{"line":19,"column":34}},{"start":{"line":19,"column":38},"end":{"line":19,"column":72}}]},"4":{"loc":{"start":{"line":24,"column":2},"end":{"line":85,"column":3}},"type":"switch","locations":[{"start":{"line":25,"column":4},"end":{"line":30,"column":null}},{"start":{"line":32,"column":4},"end":{"line":37,"column":null}},{"start":{"line":39,"column":4},"end":{"line":44,"column":null}},{"start":{"line":46,"column":4},"end":{"line":51,"column":null}},{"start":{"line":53,"column":4},"end":{"line":58,"column":null}},{"start":{"line":60,"column":4},"end":{"line":60,"column":35}},{"start":{"line":61,"column":4},"end":{"line":66,"column":null}},{"start":{"line":68,"column":4},"end":{"line":68,"column":25}},{"start":{"line":69,"column":4},"end":{"line":74,"column":null}},{"start":{"line":76,"column":4},"end":{"line":81,"column":null}},{"start":{"line":83,"column":4},"end":{"line":84,"column":23}}]},"5":{"loc":{"start":{"line":24,"column":10},"end":{"line":24,"column":56}},"type":"binary-expr","locations":[{"start":{"line":24,"column":10},"end":{"line":24,"column":34}},{"start":{"line":24,"column":38},"end":{"line":24,"column":56}}]},"6":{"loc":{"start":{"line":90,"column":2},"end":{"line":92,"column":3}},"type":"if","locations":[{"start":{"line":90,"column":2},"end":{"line":92,"column":3}}]},"7":{"loc":{"start":{"line":90,"column":6},"end":{"line":90,"column":45}},"type":"binary-expr","locations":[{"start":{"line":90,"column":6},"end":{"line":90,"column":29}},{"start":{"line":90,"column":33},"end":{"line":90,"column":45}}]},"8":{"loc":{"start":{"line":94,"column":2},"end":{"line":96,"column":3}},"type":"if","locations":[{"start":{"line":94,"column":2},"end":{"line":96,"column":3}}]},"9":{"loc":{"start":{"line":99,"column":2},"end":{"line":101,"column":3}},"type":"if","locations":[{"start":{"line":99,"column":2},"end":{"line":101,"column":3}}]},"10":{"loc":{"start":{"line":99,"column":6},"end":{"line":99,"column":47}},"type":"binary-expr","locations":[{"start":{"line":99,"column":6},"end":{"line":99,"column":30}},{"start":{"line":99,"column":34},"end":{"line":99,"column":47}}]},"11":{"loc":{"start":{"line":108,"column":2},"end":{"line":118,"column":3}},"type":"if","locations":[{"start":{"line":108,"column":2},"end":{"line":118,"column":3}}]},"12":{"loc":{"start":{"line":110,"column":4},"end":{"line":117,"column":5}},"type":"if","locations":[{"start":{"line":110,"column":4},"end":{"line":117,"column":5}}]},"13":{"loc":{"start":{"line":110,"column":8},"end":{"line":110,"column":25}},"type":"cond-expr","locations":[{"start":{"line":110,"column":18},"end":{"line":110,"column":20}},{"start":{"line":110,"column":18},"end":{"line":110,"column":25}}]},"14":{"loc":{"start":{"line":110,"column":8},"end":{"line":110,"column":20}},"type":"binary-expr","locations":[{"start":{"line":110,"column":8},"end":{"line":110,"column":20}},{"start":{"line":110,"column":18},"end":{"line":110,"column":20}}]},"15":{"loc":{"start":{"line":113,"column":14},"end":{"line":113,"column":48}},"type":"binary-expr","locations":[{"start":{"line":113,"column":14},"end":{"line":113,"column":28}},{"start":{"line":113,"column":32},"end":{"line":113,"column":48}}]},"16":{"loc":{"start":{"line":114,"column":17},"end":{"line":114,"column":68}},"type":"binary-expr","locations":[{"start":{"line":114,"column":17},"end":{"line":114,"column":34}},{"start":{"line":114,"column":38},"end":{"line":114,"column":68}}]},"17":{"loc":{"start":{"line":115,"column":20},"end":{"line":115,"column":75}},"type":"binary-expr","locations":[{"start":{"line":115,"column":20},"end":{"line":115,"column":40}},{"start":{"line":115,"column":44},"end":{"line":115,"column":75}}]},"18":{"loc":{"start":{"line":122,"column":11},"end":{"line":122,"column":67}},"type":"binary-expr","locations":[{"start":{"line":122,"column":11},"end":{"line":122,"column":34}},{"start":{"line":122,"column":38},"end":{"line":122,"column":50}},{"start":{"line":122,"column":54},"end":{"line":122,"column":67}}]},"19":{"loc":{"start":{"line":125,"column":23},"end":{"line":125,"column":57}},"type":"cond-expr","locations":[{"start":{"line":125,"column":47},"end":{"line":125,"column":52}},{"start":{"line":125,"column":55},"end":{"line":125,"column":57}}]},"20":{"loc":{"start":{"line":128,"column":10},"end":{"line":128,"column":47}},"type":"binary-expr","locations":[{"start":{"line":128,"column":10},"end":{"line":128,"column":27}},{"start":{"line":128,"column":31},"end":{"line":128,"column":47}}]},"21":{"loc":{"start":{"line":129,"column":13},"end":{"line":129,"column":67}},"type":"binary-expr","locations":[{"start":{"line":129,"column":13},"end":{"line":129,"column":33}},{"start":{"line":129,"column":37},"end":{"line":129,"column":67}}]},"22":{"loc":{"start":{"line":130,"column":16},"end":{"line":130,"column":74}},"type":"binary-expr","locations":[{"start":{"line":130,"column":16},"end":{"line":130,"column":39}},{"start":{"line":130,"column":43},"end":{"line":130,"column":74}}]}},"s":{"0":1,"1":1,"2":24,"3":24,"4":24,"5":24,"6":24,"7":5,"8":1,"9":1,"10":1,"11":1,"12":2,"13":2,"14":1,"15":10,"16":1,"17":1,"18":38,"19":7,"20":31,"21":16,"22":15,"23":15,"24":3,"25":12,"26":1,"27":38,"28":10,"29":8,"30":8,"31":30,"32":30,"33":30,"34":30,"35":1},"f":{"0":24,"1":24,"2":38,"3":38,"4":30},"b":{"0":[24,20],"1":[19,5],"2":[24,9,7],"3":[24,7],"4":[5,1,1,1,1,1,2,1,2,1,10],"5":[24,9],"6":[7],"7":[38,32],"8":[16],"9":[3],"10":[15,13],"11":[10],"12":[8],"13":[0,10],"14":[10,10],"15":[8,2],"16":[8,2],"17":[8,2],"18":[30,24,23],"19":[13,17],"20":[30,17],"21":[30,20],"22":[30,22]}}
,"D:\\OneDrive\\Root\\My Study Life\\Unimelb\\Year 3\\Semester 2\\IT Project\\Project\\Gen-AI-Photobooth\\server\\utils\\auth\\validation.utils.ts": {"path":"D:\\OneDrive\\Root\\My Study Life\\Unimelb\\Year 3\\Semester 2\\IT Project\\Project\\Gen-AI-Photobooth\\server\\utils\\auth\\validation.utils.ts","statementMap":{"0":{"start":{"line":1,"column":0},"end":{"line":1,"column":56}},"1":{"start":{"line":5,"column":29},"end":{"line":23,"column":1}},"2":{"start":{"line":6,"column":2},"end":{"line":12,"column":3}},"3":{"start":{"line":7,"column":4},"end":{"line":11,"column":6}},"4":{"start":{"line":14,"column":21},"end":{"line":14,"column":49}},"5":{"start":{"line":15,"column":2},"end":{"line":21,"column":3}},"6":{"start":{"line":16,"column":4},"end":{"line":20,"column":6}},"7":{"start":{"line":22,"column":2},"end":{"line":22,"column":14}},"8":{"start":{"line":5,"column":13},"end":{"line":5,"column":29}},"9":{"start":{"line":26,"column":32},"end":{"line":43,"column":1}},"10":{"start":{"line":27,"column":2},"end":{"line":33,"column":3}},"11":{"start":{"line":28,"column":4},"end":{"line":32,"column":6}},"12":{"start":{"line":35,"column":2},"end":{"line":41,"column":3}},"13":{"start":{"line":36,"column":4},"end":{"line":40,"column":6}},"14":{"start":{"line":42,"column":2},"end":{"line":42,"column":14}},"15":{"start":{"line":26,"column":13},"end":{"line":26,"column":32}},"16":{"start":{"line":46,"column":36},"end":{"line":52,"column":1}},"17":{"start":{"line":47,"column":21},"end":{"line":47,"column":41}},"18":{"start":{"line":48,"column":2},"end":{"line":48,"column":36}},"19":{"start":{"line":48,"column":18},"end":{"line":48,"column":36}},"20":{"start":{"line":49,"column":24},"end":{"line":49,"column":50}},"21":{"start":{"line":50,"column":2},"end":{"line":50,"column":42}},"22":{"start":{"line":50,"column":21},"end":{"line":50,"column":42}},"23":{"start":{"line":51,"column":2},"end":{"line":51,"column":14}},"24":{"start":{"line":46,"column":13},"end":{"line":46,"column":36}},"25":{"start":{"line":55,"column":39},"end":{"line":57,"column":1}},"26":{"start":{"line":56,"column":2},"end":{"line":56,"column":47}},"27":{"start":{"line":55,"column":13},"end":{"line":55,"column":39}},"28":{"start":{"line":60,"column":45},"end":{"line":62,"column":1}},"29":{"start":{"line":61,"column":2},"end":{"line":61,"column":30}},"30":{"start":{"line":60,"column":13},"end":{"line":60,"column":45}},"31":{"start":{"line":65,"column":44},"end":{"line":95,"column":1}},"32":{"start":{"line":70,"column":2},"end":{"line":76,"column":3}},"33":{"start":{"line":71,"column":4},"end":{"line":75,"column":6}},"34":{"start":{"line":78,"column":2},"end":{"line":84,"column":3}},"35":{"start":{"line":79,"column":4},"end":{"line":83,"column":6}},"36":{"start":{"line":86,"column":2},"end":{"line":92,"column":3}},"37":{"start":{"line":87,"column":4},"end":{"line":91,"column":6}},"38":{"start":{"line":94,"column":2},"end":{"line":94,"column":36}},"39":{"start":{"line":65,"column":13},"end":{"line":65,"column":44}}},"fnMap":{"0":{"name":"(anonymous_0)","decl":{"start":{"line":5,"column":29},"end":{"line":5,"column":30}},"loc":{"start":{"line":5,"column":62},"end":{"line":23,"column":1}}},"1":{"name":"(anonymous_1)","decl":{"start":{"line":26,"column":32},"end":{"line":26,"column":33}},"loc":{"start":{"line":26,"column":68},"end":{"line":43,"column":1}}},"2":{"name":"(anonymous_2)","decl":{"start":{"line":46,"column":36},"end":{"line":46,"column":37}},"loc":{"start":{"line":46,"column":87},"end":{"line":52,"column":1}}},"3":{"name":"(anonymous_3)","decl":{"start":{"line":55,"column":39},"end":{"line":55,"column":40}},"loc":{"start":{"line":55,"column":90},"end":{"line":57,"column":1}}},"4":{"name":"(anonymous_4)","decl":{"start":{"line":60,"column":45},"end":{"line":60,"column":46}},"loc":{"start":{"line":60,"column":78},"end":{"line":62,"column":1}}},"5":{"name":"(anonymous_5)","decl":{"start":{"line":65,"column":44},"end":{"line":65,"column":null}},"loc":{"start":{"line":69,"column":19},"end":{"line":95,"column":1}}}},"branchMap":{"0":{"loc":{"start":{"line":6,"column":2},"end":{"line":12,"column":3}},"type":"if","locations":[{"start":{"line":6,"column":2},"end":{"line":12,"column":3}}]},"1":{"loc":{"start":{"line":15,"column":2},"end":{"line":21,"column":3}},"type":"if","locations":[{"start":{"line":15,"column":2},"end":{"line":21,"column":3}}]},"2":{"loc":{"start":{"line":27,"column":2},"end":{"line":33,"column":3}},"type":"if","locations":[{"start":{"line":27,"column":2},"end":{"line":33,"column":3}}]},"3":{"loc":{"start":{"line":35,"column":2},"end":{"line":41,"column":3}},"type":"if","locations":[{"start":{"line":35,"column":2},"end":{"line":41,"column":3}}]},"4":{"loc":{"start":{"line":48,"column":2},"end":{"line":48,"column":36}},"type":"if","locations":[{"start":{"line":48,"column":2},"end":{"line":48,"column":36}}]},"5":{"loc":{"start":{"line":50,"column":2},"end":{"line":50,"column":42}},"type":"if","locations":[{"start":{"line":50,"column":2},"end":{"line":50,"column":42}}]},"6":{"loc":{"start":{"line":70,"column":2},"end":{"line":76,"column":3}},"type":"if","locations":[{"start":{"line":70,"column":2},"end":{"line":76,"column":3}}]},"7":{"loc":{"start":{"line":70,"column":6},"end":{"line":70,"column":37}},"type":"binary-expr","locations":[{"start":{"line":70,"column":6},"end":{"line":70,"column":19}},{"start":{"line":70,"column":23},"end":{"line":70,"column":37}}]},"8":{"loc":{"start":{"line":78,"column":2},"end":{"line":84,"column":3}},"type":"if","locations":[{"start":{"line":78,"column":2},"end":{"line":84,"column":3}}]},"9":{"loc":{"start":{"line":86,"column":2},"end":{"line":92,"column":3}},"type":"if","locations":[{"start":{"line":86,"column":2},"end":{"line":92,"column":3}}]}},"s":{"0":1,"1":1,"2":32,"3":4,"4":28,"5":28,"6":12,"7":16,"8":1,"9":1,"10":27,"11":4,"12":23,"13":12,"14":11,"15":1,"16":1,"17":10,"18":10,"19":4,"20":6,"21":6,"22":4,"23":2,"24":1,"25":1,"26":6,"27":1,"28":1,"29":3,"30":1,"31":1,"32":9,"33":2,"34":7,"35":1,"36":6,"37":1,"38":5,"39":1},"f":{"0":32,"1":27,"2":10,"3":6,"4":3,"5":9},"b":{"0":[4],"1":[12],"2":[4],"3":[12],"4":[4],"5":[4],"6":[2],"7":[9,3],"8":[1],"9":[1]}}
,"D:\\OneDrive\\Root\\My Study Life\\Unimelb\\Year 3\\Semester 2\\IT Project\\Project\\Gen-AI-Photobooth\\server\\utils\\core\\index.ts": {"path":"D:\\OneDrive\\Root\\My Study Life\\Unimelb\\Year 3\\Semester 2\\IT Project\\Project\\Gen-AI-Photobooth\\server\\utils\\core\\index.ts","statementMap":{"0":{"start":{"line":1,"column":0},"end":{"line":1,"column":33}}},"fnMap":{},"branchMap":{},"s":{"0":2},"f":{},"b":{}}
,"D:\\OneDrive\\Root\\My Study Life\\Unimelb\\Year 3\\Semester 2\\IT Project\\Project\\Gen-AI-Photobooth\\server\\utils\\core\\response.utils.ts": {"path":"D:\\OneDrive\\Root\\My Study Life\\Unimelb\\Year 3\\Semester 2\\IT Project\\Project\\Gen-AI-Photobooth\\server\\utils\\core\\response.utils.ts","statementMap":{"0":{"start":{"line":4,"column":37},"end":{"line":10,"column":1}},"1":{"start":{"line":5,"column":2},"end":{"line":9,"column":4}},"2":{"start":{"line":4,"column":13},"end":{"line":4,"column":37}},"3":{"start":{"line":13,"column":35},"end":{"line":18,"column":1}},"4":{"start":{"line":14,"column":2},"end":{"line":17,"column":4}},"5":{"start":{"line":13,"column":13},"end":{"line":13,"column":35}}},"fnMap":{"0":{"name":"(anonymous_0)","decl":{"start":{"line":4,"column":37},"end":{"line":4,"column":41}},"loc":{"start":{"line":4,"column":87},"end":{"line":10,"column":1}}},"1":{"name":"(anonymous_1)","decl":{"start":{"line":13,"column":35},"end":{"line":13,"column":47}},"loc":{"start":{"line":13,"column":80},"end":{"line":18,"column":1}}}},"branchMap":{},"s":{"0":3,"1":3,"2":3,"3":3,"4":23,"5":3},"f":{"0":3,"1":23},"b":{}}
,"D:\\OneDrive\\Root\\My Study Life\\Unimelb\\Year 3\\Semester 2\\IT Project\\Project\\Gen-AI-Photobooth\\server\\utils\\image\\image-processer.utils.ts": {"path":"D:\\OneDrive\\Root\\My Study Life\\Unimelb\\Year 3\\Semester 2\\IT Project\\Project\\Gen-AI-Photobooth\\server\\utils\\image\\image-processer.utils.ts","statementMap":{"0":{"start":{"line":125,"column":0},"end":{"line":125,"column":16}},"1":{"start":{"line":129,"column":0},"end":{"line":129,"column":22}},"2":{"start":{"line":140,"column":0},"end":{"line":140,"column":22}},"3":{"start":{"line":1,"column":0},"end":{"line":1,"column":26}},"4":{"start":{"line":6,"column":19},"end":{"line":12,"column":4}},"5":{"start":{"line":15,"column":4},"end":{"line":98,"column":null}},"6":{"start":{"line":19,"column":14},"end":{"line":19,"column":55}},"7":{"start":{"line":21,"column":4},"end":{"line":97,"column":5}},"8":{"start":{"line":22,"column":24},"end":{"line":22,"column":45}},"9":{"start":{"line":23,"column":27},"end":{"line":23,"column":53}},"10":{"start":{"line":25,"column":26},"end":{"line":25,"column":81}},"11":{"start":{"line":26,"column":26},"end":{"line":26,"column":50}},"12":{"start":{"line":27,"column":27},"end":{"line":27,"column":51}},"13":{"start":{"line":29,"column":6},"end":{"line":31,"column":8}},"14":{"start":{"line":32,"column":6},"end":{"line":32,"column":65}},"15":{"start":{"line":34,"column":6},"end":{"line":39,"column":7}},"16":{"start":{"line":35,"column":8},"end":{"line":37,"column":10}},"17":{"start":{"line":38,"column":8},"end":{"line":38,"column":69}},"18":{"start":{"line":41,"column":24},"end":{"line":41,"column":45}},"19":{"start":{"line":42,"column":26},"end":{"line":45,"column":8}},"20":{"start":{"line":47,"column":26},"end":{"line":47,"column":42}},"21":{"start":{"line":48,"column":26},"end":{"line":48,"column":55}},"22":{"start":{"line":49,"column":27},"end":{"line":49,"column":57}},"23":{"start":{"line":51,"column":20},"end":{"line":51,"column":67}},"24":{"start":{"line":52,"column":20},"end":{"line":52,"column":69}},"25":{"start":{"line":54,"column":21},"end":{"line":61,"column":8}},"26":{"start":{"line":63,"column":25},"end":{"line":63,"column":51}},"27":{"start":{"line":64,"column":25},"end":{"line":64,"column":53}},"28":{"start":{"line":66,"column":25},"end":{"line":80,"column":19}},"29":{"start":{"line":82,"column":23},"end":{"line":82,"column":58}},"30":{"start":{"line":84,"column":6},"end":{"line":91,"column":8}},"31":{"start":{"line":93,"column":6},"end":{"line":93,"column":49}},"32":{"start":{"line":94,"column":6},"end":{"line":96,"column":8}},"33":{"start":{"line":101,"column":44},"end":{"line":105,"column":6}},"34":{"start":{"line":106,"column":4},"end":{"line":106,"column":43}},"35":{"start":{"line":110,"column":4},"end":{"line":112,"column":5}},"36":{"start":{"line":111,"column":6},"end":{"line":111,"column":50}},"37":{"start":{"line":114,"column":25},"end":{"line":114,"column":66}},"38":{"start":{"line":115,"column":4},"end":{"line":117,"column":5}},"39":{"start":{"line":116,"column":6},"end":{"line":116,"column":62}},"40":{"start":{"line":121,"column":4},"end":{"line":121,"column":45}},"41":{"start":{"line":5,"column":0},"end":{"line":5,"column":13}},"42":{"start":{"line":126,"column":2},"end":{"line":126,"column":27}},"43":{"start":{"line":130,"column":2},"end":{"line":138,"column":null}},"44":{"start":{"line":134,"column":17},"end":{"line":134,"column":36}},"45":{"start":{"line":135,"column":2},"end":{"line":135,"column":38}},"46":{"start":{"line":136,"column":2},"end":{"line":136,"column":38}},"47":{"start":{"line":137,"column":2},"end":{"line":137,"column":65}},"48":{"start":{"line":141,"column":2},"end":{"line":214,"column":null}},"49":{"start":{"line":144,"column":12},"end":{"line":149,"column":null}},"50":{"start":{"line":152,"column":2},"end":{"line":213,"column":3}},"51":{"start":{"line":153,"column":22},"end":{"line":153,"column":43}},"52":{"start":{"line":154,"column":25},"end":{"line":154,"column":51}},"53":{"start":{"line":156,"column":24},"end":{"line":156,"column":79}},"54":{"start":{"line":157,"column":24},"end":{"line":157,"column":48}},"55":{"start":{"line":158,"column":25},"end":{"line":158,"column":49}},"56":{"start":{"line":160,"column":4},"end":{"line":162,"column":6}},"57":{"start":{"line":163,"column":4},"end":{"line":163,"column":63}},"58":{"start":{"line":165,"column":4},"end":{"line":170,"column":5}},"59":{"start":{"line":166,"column":6},"end":{"line":168,"column":8}},"60":{"start":{"line":169,"column":6},"end":{"line":169,"column":67}},"61":{"start":{"line":172,"column":24},"end":{"line":172,"column":40}},"62":{"start":{"line":173,"column":24},"end":{"line":173,"column":53}},"63":{"start":{"line":174,"column":25},"end":{"line":174,"column":55}},"64":{"start":{"line":175,"column":19},"end":{"line":182,"column":6}},"65":{"start":{"line":184,"column":23},"end":{"line":184,"column":49}},"66":{"start":{"line":185,"column":23},"end":{"line":194,"column":17}},"67":{"start":{"line":197,"column":6},"end":{"line":201,"column":24}},"68":{"start":{"line":203,"column":4},"end":{"line":207,"column":6}},"69":{"start":{"line":209,"column":4},"end":{"line":209,"column":52}},"70":{"start":{"line":210,"column":4},"end":{"line":212,"column":6}}},"fnMap":{"0":{"name":"(anonymous_8)","decl":{"start":{"line":5,"column":0},"end":{"line":5,"column":13}},"loc":{"start":{"line":5,"column":0},"end":{"line":123,"column":1}}},"1":{"name":"(anonymous_9)","decl":{"start":{"line":14,"column":8},"end":{"line":14,"column":19}},"loc":{"start":{"line":14,"column":19},"end":{"line":98,"column":null}}},"2":{"name":"(anonymous_10)","decl":{"start":{"line":15,"column":4},"end":{"line":15,"column":25}},"loc":{"start":{"line":17,"column":30},"end":{"line":98,"column":3}}},"3":{"name":"(anonymous_11)","decl":{"start":{"line":100,"column":10},"end":{"line":100,"column":21}},"loc":{"start":{"line":100,"column":36},"end":{"line":107,"column":3}}},"4":{"name":"(anonymous_12)","decl":{"start":{"line":109,"column":2},"end":{"line":109,"column":19}},"loc":{"start":{"line":109,"column":36},"end":{"line":118,"column":3}}},"5":{"name":"(anonymous_13)","decl":{"start":{"line":120,"column":8},"end":{"line":120,"column":24}},"loc":{"start":{"line":120,"column":41},"end":{"line":122,"column":null}}},"6":{"name":"createImageMerger","decl":{"start":{"line":125,"column":16},"end":{"line":125,"column":33}},"loc":{"start":{"line":125,"column":33},"end":{"line":127,"column":1}}},"7":{"name":"mergeImages","decl":{"start":{"line":129,"column":22},"end":{"line":129,"column":33}},"loc":{"start":{"line":129,"column":33},"end":{"line":138,"column":null}}},"8":{"name":"(anonymous_17)","decl":{"start":{"line":130,"column":2},"end":{"line":130,"column":23}},"loc":{"start":{"line":132,"column":28},"end":{"line":138,"column":1}}},"9":{"name":"addWhiteBorder","decl":{"start":{"line":140,"column":22},"end":{"line":140,"column":36}},"loc":{"start":{"line":140,"column":36},"end":{"line":214,"column":null}}},"10":{"name":"(anonymous_19)","decl":{"start":{"line":141,"column":2},"end":{"line":141,"column":23}},"loc":{"start":{"line":142,"column":28},"end":{"line":214,"column":1}}}},"branchMap":{"0":{"loc":{"start":{"line":17,"column":4},"end":{"line":17,"column":30}},"type":"default-arg","locations":[{"start":{"line":17,"column":28},"end":{"line":17,"column":30}}]},"1":{"loc":{"start":{"line":25,"column":27},"end":{"line":25,"column":50}},"type":"binary-expr","locations":[{"start":{"line":25,"column":27},"end":{"line":25,"column":45}},{"start":{"line":25,"column":49},"end":{"line":25,"column":50}}]},"2":{"loc":{"start":{"line":25,"column":56},"end":{"line":25,"column":80}},"type":"binary-expr","locations":[{"start":{"line":25,"column":56},"end":{"line":25,"column":75}},{"start":{"line":25,"column":79},"end":{"line":25,"column":80}}]},"3":{"loc":{"start":{"line":26,"column":26},"end":{"line":26,"column":50}},"type":"cond-expr","locations":[{"start":{"line":26,"column":40},"end":{"line":26,"column":44}},{"start":{"line":26,"column":47},"end":{"line":26,"column":50}}]},"4":{"loc":{"start":{"line":27,"column":27},"end":{"line":27,"column":51}},"type":"cond-expr","locations":[{"start":{"line":27,"column":41},"end":{"line":27,"column":44}},{"start":{"line":27,"column":47},"end":{"line":27,"column":51}}]},"5":{"loc":{"start":{"line":30,"column":85},"end":{"line":30,"column":123}},"type":"cond-expr","locations":[{"start":{"line":30,"column":99},"end":{"line":30,"column":110}},{"start":{"line":30,"column":113},"end":{"line":30,"column":123}}]},"6":{"loc":{"start":{"line":34,"column":6},"end":{"line":39,"column":7}},"type":"if","locations":[{"start":{"line":34,"column":6},"end":{"line":39,"column":7}}]},"7":{"loc":{"start":{"line":34,"column":10},"end":{"line":34,"column":84}},"type":"binary-expr","locations":[{"start":{"line":34,"column":10},"end":{"line":34,"column":44}},{"start":{"line":34,"column":48},"end":{"line":34,"column":84}}]},"8":{"loc":{"start":{"line":95,"column":35},"end":{"line":95,"column":91}},"type":"cond-expr","locations":[{"start":{"line":95,"column":60},"end":{"line":95,"column":73}},{"start":{"line":95,"column":76},"end":{"line":95,"column":91}}]},"9":{"loc":{"start":{"line":106,"column":11},"end":{"line":106,"column":42}},"type":"binary-expr","locations":[{"start":{"line":106,"column":11},"end":{"line":106,"column":26}},{"start":{"line":106,"column":30},"end":{"line":106,"column":42}}]},"10":{"loc":{"start":{"line":110,"column":4},"end":{"line":112,"column":5}},"type":"if","locations":[{"start":{"line":110,"column":4},"end":{"line":112,"column":5}}]},"11":{"loc":{"start":{"line":110,"column":8},"end":{"line":110,"column":44}},"type":"binary-expr","locations":[{"start":{"line":110,"column":8},"end":{"line":110,"column":18}},{"start":{"line":110,"column":22},"end":{"line":110,"column":44}}]},"12":{"loc":{"start":{"line":115,"column":4},"end":{"line":117,"column":5}},"type":"if","locations":[{"start":{"line":115,"column":4},"end":{"line":117,"column":5}}]},"13":{"loc":{"start":{"line":132,"column":2},"end":{"line":132,"column":28}},"type":"default-arg","locations":[{"start":{"line":132,"column":26},"end":{"line":132,"column":28}}]},"14":{"loc":{"start":{"line":142,"column":2},"end":{"line":142,"column":28}},"type":"default-arg","locations":[{"start":{"line":142,"column":26},"end":{"line":142,"column":28}}]},"15":{"loc":{"start":{"line":156,"column":25},"end":{"line":156,"column":48}},"type":"binary-expr","locations":[{"start":{"line":156,"column":25},"end":{"line":156,"column":43}},{"start":{"line":156,"column":47},"end":{"line":156,"column":48}}]},"16":{"loc":{"start":{"line":156,"column":54},"end":{"line":156,"column":78}},"type":"binary-expr","locations":[{"start":{"line":156,"column":54},"end":{"line":156,"column":73}},{"start":{"line":156,"column":77},"end":{"line":156,"column":78}}]},"17":{"loc":{"start":{"line":157,"column":24},"end":{"line":157,"column":48}},"type":"cond-expr","locations":[{"start":{"line":157,"column":38},"end":{"line":157,"column":42}},{"start":{"line":157,"column":45},"end":{"line":157,"column":48}}]},"18":{"loc":{"start":{"line":158,"column":25},"end":{"line":158,"column":49}},"type":"cond-expr","locations":[{"start":{"line":158,"column":39},"end":{"line":158,"column":42}},{"start":{"line":158,"column":45},"end":{"line":158,"column":49}}]},"19":{"loc":{"start":{"line":161,"column":83},"end":{"line":161,"column":121}},"type":"cond-expr","locations":[{"start":{"line":161,"column":97},"end":{"line":161,"column":108}},{"start":{"line":161,"column":111},"end":{"line":161,"column":121}}]},"20":{"loc":{"start":{"line":165,"column":4},"end":{"line":170,"column":5}},"type":"if","locations":[{"start":{"line":165,"column":4},"end":{"line":170,"column":5}}]},"21":{"loc":{"start":{"line":165,"column":8},"end":{"line":165,"column":82}},"type":"binary-expr","locations":[{"start":{"line":165,"column":8},"end":{"line":165,"column":42}},{"start":{"line":165,"column":46},"end":{"line":165,"column":82}}]},"22":{"loc":{"start":{"line":197,"column":6},"end":{"line":201,"column":24}},"type":"cond-expr","locations":[{"start":{"line":198,"column":10},"end":{"line":198,"column":22}},{"start":{"line":199,"column":10},"end":{"line":201,"column":24}}]},"23":{"loc":{"start":{"line":199,"column":10},"end":{"line":201,"column":24}},"type":"cond-expr","locations":[{"start":{"line":200,"column":12},"end":{"line":200,"column":23}},{"start":{"line":201,"column":12},"end":{"line":201,"column":24}}]},"24":{"loc":{"start":{"line":211,"column":37},"end":{"line":211,"column":93}},"type":"cond-expr","locations":[{"start":{"line":211,"column":62},"end":{"line":211,"column":75}},{"start":{"line":211,"column":78},"end":{"line":211,"column":93}}]}},"s":{"0":1,"1":1,"2":1,"3":1,"4":30,"5":11,"6":11,"7":11,"8":11,"9":11,"10":9,"11":9,"12":9,"13":9,"14":9,"15":9,"16":3,"17":3,"18":9,"19":9,"20":9,"21":9,"22":9,"23":9,"24":9,"25":9,"26":9,"27":9,"28":9,"29":9,"30":9,"31":2,"32":2,"33":9,"34":9,"35":17,"36":3,"37":14,"38":14,"39":5,"40":1,"41":1,"42":11,"43":6,"44":6,"45":6,"46":4,"47":2,"48":14,"49":14,"50":14,"51":14,"52":14,"53":12,"54":12,"55":12,"56":12,"57":12,"58":12,"59":3,"60":3,"61":12,"62":12,"63":12,"64":12,"65":12,"66":12,"67":12,"68":12,"69":2,"70":2},"f":{"0":30,"1":11,"2":11,"3":9,"4":17,"5":1,"6":11,"7":6,"8":6,"9":14,"10":14},"b":{"0":[8],"1":[9,1],"2":[9,1],"3":[7,2],"4":[7,2],"5":[7,2],"6":[3],"7":[9,6],"8":[1,1],"9":[9,1],"10":[3],"11":[17,17],"12":[5],"13":[5],"14":[8],"15":[12,1],"16":[12,1],"17":[10,2],"18":[10,2],"19":[10,2],"20":[3],"21":[12,9],"22":[10,2],"23":[1,1],"24":[1,1]}}
,"D:\\OneDrive\\Root\\My Study Life\\Unimelb\\Year 3\\Semester 2\\IT Project\\Project\\Gen-AI-Photobooth\\server\\utils\\image\\logo.utils.ts": {"path":"D:\\OneDrive\\Root\\My Study Life\\Unimelb\\Year 3\\Semester 2\\IT Project\\Project\\Gen-AI-Photobooth\\server\\utils\\image\\logo.utils.ts","statementMap":{"0":{"start":{"line":5,"column":0},"end":{"line":5,"column":22}},"1":{"start":{"line":33,"column":0},"end":{"line":33,"column":16}},"2":{"start":{"line":1,"column":0},"end":{"line":1,"column":54}},"3":{"start":{"line":2,"column":0},"end":{"line":2,"column":70}},"4":{"start":{"line":6,"column":2},"end":{"line":30,"column":3}},"5":{"start":{"line":7,"column":21},"end":{"line":7,"column":40}},"6":{"start":{"line":8,"column":19},"end":{"line":8,"column":37}},"7":{"start":{"line":10,"column":28},"end":{"line":10,"column":81}},"8":{"start":{"line":12,"column":4},"end":{"line":14,"column":5}},"9":{"start":{"line":13,"column":6},"end":{"line":13,"column":88}},"10":{"start":{"line":16,"column":24},"end":{"line":16,"column":48}},"11":{"start":{"line":17,"column":19},"end":{"line":17,"column":43}},"12":{"start":{"line":19,"column":4},"end":{"line":24,"column":6}},"13":{"start":{"line":26,"column":4},"end":{"line":26,"column":58}},"14":{"start":{"line":27,"column":4},"end":{"line":29,"column":6}},"15":{"start":{"line":34,"column":2},"end":{"line":34,"column":50}}},"fnMap":{"0":{"name":"downloadEventLogo","decl":{"start":{"line":5,"column":22},"end":{"line":5,"column":39}},"loc":{"start":{"line":5,"column":55},"end":{"line":31,"column":null}}},"1":{"name":"hasEventLogo","decl":{"start":{"line":33,"column":16},"end":{"line":33,"column":28}},"loc":{"start":{"line":33,"column":63},"end":{"line":35,"column":1}}}},"branchMap":{"0":{"loc":{"start":{"line":12,"column":4},"end":{"line":14,"column":5}},"type":"if","locations":[{"start":{"line":12,"column":4},"end":{"line":14,"column":5}}]},"1":{"loc":{"start":{"line":12,"column":8},"end":{"line":12,"column":22}},"type":"binary-expr","locations":[{"start":{"line":12,"column":8},"end":{"line":12,"column":13}},{"start":{"line":12,"column":17},"end":{"line":12,"column":22}}]},"2":{"loc":{"start":{"line":13,"column":50},"end":{"line":13,"column":84}},"type":"binary-expr","locations":[{"start":{"line":13,"column":50},"end":{"line":13,"column":64}},{"start":{"line":13,"column":68},"end":{"line":13,"column":84}}]},"3":{"loc":{"start":{"line":13,"column":50},"end":{"line":13,"column":64}},"type":"cond-expr","locations":[{"start":{"line":13,"column":55},"end":{"line":13,"column":57}},{"start":{"line":13,"column":50},"end":{"line":13,"column":64}}]},"4":{"loc":{"start":{"line":13,"column":50},"end":{"line":13,"column":57}},"type":"binary-expr","locations":[{"start":{"line":13,"column":50},"end":{"line":13,"column":57}},{"start":{"line":13,"column":50},"end":{"line":13,"column":57}}]},"5":{"loc":{"start":{"line":21,"column":12},"end":{"line":21,"column":36}},"type":"binary-expr","locations":[{"start":{"line":21,"column":12},"end":{"line":21,"column":21}},{"start":{"line":21,"column":25},"end":{"line":21,"column":36}}]},"6":{"loc":{"start":{"line":28,"column":31},"end":{"line":28,"column":87}},"type":"cond-expr","locations":[{"start":{"line":28,"column":56},"end":{"line":28,"column":69}},{"start":{"line":28,"column":72},"end":{"line":28,"column":87}}]},"7":{"loc":{"start":{"line":34,"column":12},"end":{"line":34,"column":48}},"type":"binary-expr","locations":[{"start":{"line":34,"column":12},"end":{"line":34,"column":19}},{"start":{"line":34,"column":23},"end":{"line":34,"column":48}}]}},"s":{"0":1,"1":1,"2":1,"3":1,"4":8,"5":8,"6":7,"7":7,"8":7,"9":2,"10":5,"11":5,"12":5,"13":3,"14":3,"15":20},"f":{"0":8,"1":20},"b":{"0":[2],"1":[7,6],"2":[2,1],"3":[1,1],"4":[2,1],"5":[5,1],"6":[2,1],"7":[20,15]}}
,"D:\\OneDrive\\Root\\My Study Life\\Unimelb\\Year 3\\Semester 2\\IT Project\\Project\\Gen-AI-Photobooth\\server\\utils\\qrcode\\qrcode.utils.ts": {"path":"D:\\OneDrive\\Root\\My Study Life\\Unimelb\\Year 3\\Semester 2\\IT Project\\Project\\Gen-AI-Photobooth\\server\\utils\\qrcode\\qrcode.utils.ts","statementMap":{"0":{"start":{"line":4,"column":0},"end":{"line":4,"column":22}},"1":{"start":{"line":26,"column":0},"end":{"line":26,"column":16}},"2":{"start":{"line":35,"column":0},"end":{"line":35,"column":22}},"3":{"start":{"line":1,"column":0},"end":{"line":1,"column":28}},"4":{"start":{"line":8,"column":2},"end":{"line":23,"column":3}},"5":{"start":{"line":9,"column":19},"end":{"line":17,"column":null}},"6":{"start":{"line":19,"column":4},"end":{"line":19,"column":18}},"7":{"start":{"line":21,"column":4},"end":{"line":21,"column":54}},"8":{"start":{"line":22,"column":4},"end":{"line":22,"column":50}},"9":{"start":{"line":27,"column":2},"end":{"line":32,"column":4}},"10":{"start":{"line":36,"column":2},"end":{"line":42,"column":null}},"11":{"start":{"line":40,"column":17},"end":{"line":40,"column":52}},"12":{"start":{"line":41,"column":2},"end":{"line":41,"column":44}}},"fnMap":{"0":{"name":"generateQRCode","decl":{"start":{"line":4,"column":22},"end":{"line":4,"column":36}},"loc":{"start":{"line":6,"column":40},"end":{"line":24,"column":null}}},"1":{"name":"createQRCodeFile","decl":{"start":{"line":26,"column":16},"end":{"line":26,"column":32}},"loc":{"start":{"line":26,"column":76},"end":{"line":33,"column":1}}},"2":{"name":"generateQRCodeFile","decl":{"start":{"line":35,"column":22},"end":{"line":35,"column":40}},"loc":{"start":{"line":35,"column":40},"end":{"line":42,"column":null}}},"3":{"name":"(anonymous_12)","decl":{"start":{"line":36,"column":2},"end":{"line":36,"column":14}},"loc":{"start":{"line":38,"column":40},"end":{"line":42,"column":1}}}},"branchMap":{"0":{"loc":{"start":{"line":26,"column":49},"end":{"line":26,"column":76}},"type":"default-arg","locations":[{"start":{"line":26,"column":68},"end":{"line":26,"column":76}}]},"1":{"loc":{"start":{"line":37,"column":2},"end":{"line":37,"column":29}},"type":"default-arg","locations":[{"start":{"line":37,"column":21},"end":{"line":37,"column":29}}]}},"s":{"0":1,"1":1,"2":1,"3":1,"4":44,"5":44,"6":36,"7":8,"8":8,"9":40,"10":23,"11":23,"12":19},"f":{"0":44,"1":40,"2":23,"3":23},"b":{"0":[10],"1":[4]}}
,"D:\\OneDrive\\Root\\My Study Life\\Unimelb\\Year 3\\Semester 2\\IT Project\\Project\\Gen-AI-Photobooth\\server\\utils\\share\\share.utils.ts": {"path":"D:\\OneDrive\\Root\\My Study Life\\Unimelb\\Year 3\\Semester 2\\IT Project\\Project\\Gen-AI-Photobooth\\server\\utils\\share\\share.utils.ts","statementMap":{"0":{"start":{"line":6,"column":0},"end":{"line":6,"column":22}},"1":{"start":{"line":24,"column":0},"end":{"line":24,"column":22}},"2":{"start":{"line":53,"column":0},"end":{"line":53,"column":22}},"3":{"start":{"line":1,"column":0},"end":{"line":1,"column":54}},"4":{"start":{"line":2,"column":0},"end":{"line":2,"column":70}},"5":{"start":{"line":3,"column":0},"end":{"line":3,"column":60}},"6":{"start":{"line":4,"column":0},"end":{"line":4,"column":72}},"7":{"start":{"line":7,"column":2},"end":{"line":22,"column":null}},"8":{"start":{"line":10,"column":19},"end":{"line":10,"column":38}},"9":{"start":{"line":11,"column":17},"end":{"line":11,"column":35}},"10":{"start":{"line":13,"column":26},"end":{"line":15,"column":50}},"11":{"start":{"line":17,"column":2},"end":{"line":19,"column":3}},"12":{"start":{"line":18,"column":4},"end":{"line":18,"column":70}},"13":{"start":{"line":21,"column":2},"end":{"line":21,"column":24}},"14":{"start":{"line":25,"column":2},"end":{"line":51,"column":null}},"15":{"start":{"line":31,"column":2},"end":{"line":50,"column":3}},"16":{"start":{"line":32,"column":21},"end":{"line":32,"column":40}},"17":{"start":{"line":34,"column":22},"end":{"line":34,"column":83}},"18":{"start":{"line":35,"column":23},"end":{"line":35,"column":68}},"19":{"start":{"line":37,"column":23},"end":{"line":37,"column":31}},"20":{"start":{"line":38,"column":21},"end":{"line":38,"column":77}},"21":{"start":{"line":40,"column":25},"end":{"line":45,"column":6}},"22":{"start":{"line":46,"column":4},"end":{"line":46,"column":29}},"23":{"start":{"line":48,"column":4},"end":{"line":48,"column":62}},"24":{"start":{"line":49,"column":4},"end":{"line":49,"column":16}},"25":{"start":{"line":54,"column":19},"end":{"line":54,"column":38}},"26":{"start":{"line":55,"column":17},"end":{"line":55,"column":35}},"27":{"start":{"line":57,"column":26},"end":{"line":57,"column":82}},"28":{"start":{"line":59,"column":2},"end":{"line":62,"column":3}},"29":{"start":{"line":60,"column":4},"end":{"line":60,"column":52}},"30":{"start":{"line":61,"column":4},"end":{"line":61,"column":16}},"31":{"start":{"line":64,"column":19},"end":{"line":64,"column":43}},"32":{"start":{"line":65,"column":2},"end":{"line":65,"column":31}}},"fnMap":{"0":{"name":"createSignedUrlForAIPhoto","decl":{"start":{"line":6,"column":22},"end":{"line":6,"column":47}},"loc":{"start":{"line":6,"column":47},"end":{"line":22,"column":null}}},"1":{"name":"(anonymous_8)","decl":{"start":{"line":7,"column":2},"end":{"line":7,"column":20}},"loc":{"start":{"line":8,"column":45},"end":{"line":22,"column":1}}},"2":{"name":"generateAndUploadQRCode","decl":{"start":{"line":24,"column":22},"end":{"line":24,"column":45}},"loc":{"start":{"line":24,"column":45},"end":{"line":51,"column":null}}},"3":{"name":"(anonymous_10)","decl":{"start":{"line":25,"column":2},"end":{"line":25,"column":20}},"loc":{"start":{"line":29,"column":45},"end":{"line":51,"column":1}}},"4":{"name":"getQRCodeFromStorage","decl":{"start":{"line":53,"column":22},"end":{"line":53,"column":42}},"loc":{"start":{"line":53,"column":61},"end":{"line":66,"column":null}}}},"branchMap":{"0":{"loc":{"start":{"line":8,"column":2},"end":{"line":8,"column":45}},"type":"default-arg","locations":[{"start":{"line":8,"column":29},"end":{"line":8,"column":45}}]},"1":{"loc":{"start":{"line":17,"column":2},"end":{"line":19,"column":3}},"type":"if","locations":[{"start":{"line":17,"column":2},"end":{"line":19,"column":3}}]},"2":{"loc":{"start":{"line":17,"column":6},"end":{"line":17,"column":33}},"type":"binary-expr","locations":[{"start":{"line":17,"column":6},"end":{"line":17,"column":11}},{"start":{"line":17,"column":15},"end":{"line":17,"column":33}}]},"3":{"loc":{"start":{"line":17,"column":16},"end":{"line":17,"column":31}},"type":"cond-expr","locations":[{"start":{"line":17,"column":20},"end":{"line":17,"column":22}},{"start":{"line":17,"column":16},"end":{"line":17,"column":31}}]},"4":{"loc":{"start":{"line":17,"column":16},"end":{"line":17,"column":22}},"type":"binary-expr","locations":[{"start":{"line":17,"column":16},"end":{"line":17,"column":22}},{"start":{"line":17,"column":16},"end":{"line":17,"column":22}}]},"5":{"loc":{"start":{"line":18,"column":52},"end":{"line":18,"column":66}},"type":"cond-expr","locations":[{"start":{"line":18,"column":57},"end":{"line":18,"column":59}},{"start":{"line":18,"column":52},"end":{"line":18,"column":66}}]},"6":{"loc":{"start":{"line":18,"column":52},"end":{"line":18,"column":59}},"type":"binary-expr","locations":[{"start":{"line":18,"column":52},"end":{"line":18,"column":59}},{"start":{"line":18,"column":52},"end":{"line":18,"column":59}}]},"7":{"loc":{"start":{"line":29,"column":2},"end":{"line":29,"column":45}},"type":"default-arg","locations":[{"start":{"line":29,"column":29},"end":{"line":29,"column":45}}]},"8":{"loc":{"start":{"line":59,"column":2},"end":{"line":62,"column":3}},"type":"if","locations":[{"start":{"line":59,"column":2},"end":{"line":62,"column":3}}]},"9":{"loc":{"start":{"line":59,"column":6},"end":{"line":59,"column":20}},"type":"binary-expr","locations":[{"start":{"line":59,"column":6},"end":{"line":59,"column":11}},{"start":{"line":59,"column":15},"end":{"line":59,"column":20}}]}},"s":{"0":1,"1":1,"2":1,"3":1,"4":1,"5":1,"6":1,"7":33,"8":33,"9":33,"10":33,"11":33,"12":6,"13":27,"14":18,"15":18,"16":18,"17":18,"18":16,"19":14,"20":14,"21":14,"22":11,"23":7,"24":7,"25":17,"26":17,"27":17,"28":17,"29":5,"30":5,"31":12,"32":12},"f":{"0":33,"1":33,"2":18,"3":18,"4":17},"b":{"0":[12],"1":[6],"2":[33,29],"3":[1,28],"4":[29,28],"5":[2,4],"6":[6,4],"7":[17],"8":[5],"9":[17,13]}}
,"D:\\OneDrive\\Root\\My Study Life\\Unimelb\\Year 3\\Semester 2\\IT Project\\Project\\Gen-AI-Photobooth\\server\\utils\\storage\\path.utils.ts": {"path":"D:\\OneDrive\\Root\\My Study Life\\Unimelb\\Year 3\\Semester 2\\IT Project\\Project\\Gen-AI-Photobooth\\server\\utils\\storage\\path.utils.ts","statementMap":{"0":{"start":{"line":6,"column":0},"end":{"line":6,"column":16}},"1":{"start":{"line":22,"column":0},"end":{"line":22,"column":16}},"2":{"start":{"line":33,"column":0},"end":{"line":33,"column":16}},"3":{"start":{"line":52,"column":0},"end":{"line":52,"column":16}},"4":{"start":{"line":73,"column":0},"end":{"line":73,"column":16}},"5":{"start":{"line":90,"column":0},"end":{"line":90,"column":16}},"6":{"start":{"line":99,"column":0},"end":{"line":99,"column":16}},"7":{"start":{"line":2,"column":0},"end":{"line":2,"column":57}},"8":{"start":{"line":3,"column":0},"end":{"line":3,"column":42}},"9":{"start":{"line":4,"column":0},"end":{"line":4,"column":49}},"10":{"start":{"line":11,"column":13},"end":{"line":11,"column":21}},"11":{"start":{"line":13,"column":2},"end":{"line":15,"column":5}},"12":{"start":{"line":14,"column":4},"end":{"line":14,"column":43}},"13":{"start":{"line":17,"column":14},"end":{"line":17,"column":36}},"14":{"start":{"line":18,"column":2},"end":{"line":18,"column":36}},"15":{"start":{"line":19,"column":2},"end":{"line":19,"column":14}},"16":{"start":{"line":23,"column":2},"end":{"line":30,"column":4}},"17":{"start":{"line":40,"column":2},"end":{"line":49,"column":4}},"18":{"start":{"line":60,"column":2},"end":{"line":70,"column":4}},"19":{"start":{"line":79,"column":2},"end":{"line":87,"column":4}},"20":{"start":{"line":91,"column":2},"end":{"line":96,"column":3}},"21":{"start":{"line":92,"column":4},"end":{"line":92,"column":35}},"22":{"start":{"line":94,"column":4},"end":{"line":94,"column":58}},"23":{"start":{"line":95,"column":4},"end":{"line":95,"column":24}},"24":{"start":{"line":100,"column":17},"end":{"line":100,"column":35}},"25":{"start":{"line":101,"column":2},"end":{"line":101,"column":69}}},"fnMap":{"0":{"name":"generateFilePath","decl":{"start":{"line":6,"column":16},"end":{"line":6,"column":32}},"loc":{"start":{"line":9,"column":18},"end":{"line":20,"column":1}}},"1":{"name":"(anonymous_1)","decl":{"start":{"line":13,"column":33},"end":{"line":13,"column":34}},"loc":{"start":{"line":13,"column":50},"end":{"line":15,"column":3}}},"2":{"name":"generateLogoPath","decl":{"start":{"line":22,"column":16},"end":{"line":22,"column":32}},"loc":{"start":{"line":22,"column":82},"end":{"line":31,"column":1}}},"3":{"name":"generatePhotoPath","decl":{"start":{"line":33,"column":16},"end":{"line":33,"column":33}},"loc":{"start":{"line":38,"column":18},"end":{"line":50,"column":1}}},"4":{"name":"generateAIPhotoPath","decl":{"start":{"line":52,"column":16},"end":{"line":52,"column":35}},"loc":{"start":{"line":58,"column":18},"end":{"line":71,"column":1}}},"5":{"name":"generateQRCodePath","decl":{"start":{"line":73,"column":16},"end":{"line":73,"column":34}},"loc":{"start":{"line":77,"column":18},"end":{"line":88,"column":1}}},"6":{"name":"getStorageBucket","decl":{"start":{"line":90,"column":16},"end":{"line":90,"column":32}},"loc":{"start":{"line":90,"column":32},"end":{"line":97,"column":1}}},"7":{"name":"generatePublicUrl","decl":{"start":{"line":99,"column":16},"end":{"line":99,"column":33}},"loc":{"start":{"line":99,"column":67},"end":{"line":102,"column":1}}}},"branchMap":{},"s":{"0":1,"1":1,"2":1,"3":1,"4":1,"5":1,"6":1,"7":1,"8":1,"9":1,"10":18,"11":18,"12":60,"13":18,"14":18,"15":18,"16":4,"17":4,"18":5,"19":0,"20":13,"21":13,"22":2,"23":2,"24":9,"25":9},"f":{"0":18,"1":60,"2":4,"3":4,"4":5,"5":0,"6":13,"7":9},"b":{}}
,"D:\\OneDrive\\Root\\My Study Life\\Unimelb\\Year 3\\Semester 2\\IT Project\\Project\\Gen-AI-Photobooth\\server\\utils\\storage\\upload.utils.ts": {"path":"D:\\OneDrive\\Root\\My Study Life\\Unimelb\\Year 3\\Semester 2\\IT Project\\Project\\Gen-AI-Photobooth\\server\\utils\\storage\\upload.utils.ts","statementMap":{"0":{"start":{"line":7,"column":0},"end":{"line":7,"column":22}},"1":{"start":{"line":35,"column":0},"end":{"line":35,"column":22}},"2":{"start":{"line":50,"column":0},"end":{"line":50,"column":22}},"3":{"start":{"line":71,"column":0},"end":{"line":71,"column":22}},"4":{"start":{"line":89,"column":0},"end":{"line":89,"column":22}},"5":{"start":{"line":3,"column":0},"end":{"line":3,"column":59}},"6":{"start":{"line":4,"column":0},"end":{"line":4,"column":56}},"7":{"start":{"line":5,"column":0},"end":{"line":5,"column":49}},"8":{"start":{"line":12,"column":65},"end":{"line":12,"column":72}},"9":{"start":{"line":13,"column":20},"end":{"line":17,"column":4}},"10":{"start":{"line":19,"column":2},"end":{"line":31,"column":3}},"11":{"start":{"line":20,"column":4},"end":{"line":20,"column":51}},"12":{"start":{"line":21,"column":4},"end":{"line":30,"column":6}},"13":{"start":{"line":32,"column":2},"end":{"line":32,"column":18}},"14":{"start":{"line":41,"column":17},"end":{"line":41,"column":64}},"15":{"start":{"line":42,"column":14},"end":{"line":42,"column":57}},"16":{"start":{"line":44,"column":2},"end":{"line":46,"column":null}},"17":{"start":{"line":55,"column":20},"end":{"line":55,"column":70}},"18":{"start":{"line":57,"column":2},"end":{"line":68,"column":3}},"19":{"start":{"line":58,"column":4},"end":{"line":67,"column":6}},"20":{"start":{"line":76,"column":26},"end":{"line":80,"column":6}},"21":{"start":{"line":82,"column":2},"end":{"line":84,"column":3}},"22":{"start":{"line":83,"column":4},"end":{"line":83,"column":17}},"23":{"start":{"line":86,"column":2},"end":{"line":86,"column":33}},"24":{"start":{"line":94,"column":26},"end":{"line":98,"column":6}},"25":{"start":{"line":100,"column":2},"end":{"line":102,"column":3}},"26":{"start":{"line":101,"column":4},"end":{"line":101,"column":16}},"27":{"start":{"line":104,"column":15},"end":{"line":104,"column":22}},"28":{"start":{"line":105,"column":2},"end":{"line":109,"column":4}}},"fnMap":{"0":{"name":"uploadToSupabase","decl":{"start":{"line":7,"column":22},"end":{"line":7,"column":38}},"loc":{"start":{"line":10,"column":24},"end":{"line":33,"column":null}}},"1":{"name":"uploadToSupabaseWithUrl","decl":{"start":{"line":35,"column":22},"end":{"line":35,"column":45}},"loc":{"start":{"line":39,"column":21},"end":{"line":48,"column":null}}},"2":{"name":"deleteFromSupabase","decl":{"start":{"line":50,"column":22},"end":{"line":50,"column":40}},"loc":{"start":{"line":53,"column":14},"end":{"line":69,"column":null}}},"3":{"name":"fileExistsInSupabase","decl":{"start":{"line":71,"column":22},"end":{"line":71,"column":42}},"loc":{"start":{"line":74,"column":14},"end":{"line":87,"column":null}}},"4":{"name":"getFileInfoFromSupabase","decl":{"start":{"line":89,"column":22},"end":{"line":89,"column":45}},"loc":{"start":{"line":92,"column":14},"end":{"line":110,"column":null}}}},"branchMap":{"0":{"loc":{"start":{"line":12,"column":24},"end":{"line":12,"column":37}},"type":"default-arg","locations":[{"start":{"line":12,"column":33},"end":{"line":12,"column":37}}]},"1":{"loc":{"start":{"line":12,"column":39},"end":{"line":12,"column":60}},"type":"default-arg","locations":[{"start":{"line":12,"column":54},"end":{"line":12,"column":60}}]},"2":{"loc":{"start":{"line":19,"column":2},"end":{"line":31,"column":3}},"type":"if","locations":[{"start":{"line":19,"column":2},"end":{"line":31,"column":3}}]},"3":{"loc":{"start":{"line":57,"column":2},"end":{"line":68,"column":3}},"type":"if","locations":[{"start":{"line":57,"column":2},"end":{"line":68,"column":3}}]},"4":{"loc":{"start":{"line":82,"column":2},"end":{"line":84,"column":3}},"type":"if","locations":[{"start":{"line":82,"column":2},"end":{"line":84,"column":3}}]},"5":{"loc":{"start":{"line":86,"column":9},"end":{"line":86,"column":32}},"type":"binary-expr","locations":[{"start":{"line":86,"column":9},"end":{"line":86,"column":13}},{"start":{"line":86,"column":17},"end":{"line":86,"column":32}}]},"6":{"loc":{"start":{"line":100,"column":2},"end":{"line":102,"column":3}},"type":"if","locations":[{"start":{"line":100,"column":2},"end":{"line":102,"column":3}}]},"7":{"loc":{"start":{"line":100,"column":6},"end":{"line":100,"column":41}},"type":"binary-expr","locations":[{"start":{"line":100,"column":6},"end":{"line":100,"column":11}},{"start":{"line":100,"column":15},"end":{"line":100,"column":20}},{"start":{"line":100,"column":24},"end":{"line":100,"column":41}}]},"8":{"loc":{"start":{"line":106,"column":10},"end":{"line":106,"column":34}},"type":"binary-expr","locations":[{"start":{"line":106,"column":10},"end":{"line":106,"column":29}},{"start":{"line":106,"column":33},"end":{"line":106,"column":34}}]},"9":{"loc":{"start":{"line":106,"column":10},"end":{"line":106,"column":29}},"type":"cond-expr","locations":[{"start":{"line":106,"column":23},"end":{"line":106,"column":25}},{"start":{"line":106,"column":23},"end":{"line":106,"column":29}}]},"10":{"loc":{"start":{"line":106,"column":10},"end":{"line":106,"column":25}},"type":"binary-expr","locations":[{"start":{"line":106,"column":10},"end":{"line":106,"column":25}},{"start":{"line":106,"column":23},"end":{"line":106,"column":25}}]},"11":{"loc":{"start":{"line":107,"column":18},"end":{"line":107,"column":58}},"type":"binary-expr","locations":[{"start":{"line":107,"column":18},"end":{"line":107,"column":33}},{"start":{"line":107,"column":37},"end":{"line":107,"column":52}},{"start":{"line":107,"column":56},"end":{"line":107,"column":58}}]},"12":{"loc":{"start":{"line":108,"column":17},"end":{"line":108,"column":70}},"type":"binary-expr","locations":[{"start":{"line":108,"column":17},"end":{"line":108,"column":40}},{"start":{"line":108,"column":44},"end":{"line":108,"column":70}}]},"13":{"loc":{"start":{"line":108,"column":17},"end":{"line":108,"column":40}},"type":"cond-expr","locations":[{"start":{"line":108,"column":30},"end":{"line":108,"column":32}},{"start":{"line":108,"column":30},"end":{"line":108,"column":40}}]},"14":{"loc":{"start":{"line":108,"column":17},"end":{"line":108,"column":32}},"type":"binary-expr","locations":[{"start":{"line":108,"column":17},"end":{"line":108,"column":32}},{"start":{"line":108,"column":30},"end":{"line":108,"column":32}}]}},"s":{"0":1,"1":1,"2":1,"3":1,"4":1,"5":1,"6":1,"7":1,"8":8,"9":8,"10":8,"11":3,"12":3,"13":5,"14":3,"15":2,"16":2,"17":4,"18":4,"19":2,"20":7,"21":7,"22":1,"23":6,"24":10,"25":10,"26":3,"27":7,"28":7},"f":{"0":8,"1":3,"2":4,"3":7,"4":10},"b":{"0":[6],"1":[6],"2":[3],"3":[2],"4":[1],"5":[6,6],"6":[3],"7":[10,9,8],"8":[7,3],"9":[1,6],"10":[7,7],"11":[7,2,1],"12":[7,5],"13":[1,6],"14":[7,7]}}
,"D:\\OneDrive\\Root\\My Study Life\\Unimelb\\Year 3\\Semester 2\\IT Project\\Project\\Gen-AI-Photobooth\\server\\utils\\storage\\validation.utils.ts": {"path":"D:\\OneDrive\\Root\\My Study Life\\Unimelb\\Year 3\\Semester 2\\IT Project\\Project\\Gen-AI-Photobooth\\server\\utils\\storage\\validation.utils.ts","statementMap":{"0":{"start":{"line":6,"column":0},"end":{"line":6,"column":16}},"1":{"start":{"line":11,"column":0},"end":{"line":11,"column":16}},"2":{"start":{"line":16,"column":0},"end":{"line":16,"column":16}},"3":{"start":{"line":35,"column":0},"end":{"line":35,"column":16}},"4":{"start":{"line":50,"column":0},"end":{"line":50,"column":16}},"5":{"start":{"line":59,"column":0},"end":{"line":59,"column":16}},"6":{"start":{"line":69,"column":0},"end":{"line":69,"column":16}},"7":{"start":{"line":2,"column":0},"end":{"line":2,"column":95}},"8":{"start":{"line":3,"column":0},"end":{"line":3,"column":59}},"9":{"start":{"line":4,"column":0},"end":{"line":4,"column":56}},"10":{"start":{"line":7,"column":14},"end":{"line":7,"column":61}},"11":{"start":{"line":8,"column":2},"end":{"line":8,"column":35}},"12":{"start":{"line":12,"column":14},"end":{"line":12,"column":39}},"13":{"start":{"line":13,"column":2},"end":{"line":13,"column":35}},"14":{"start":{"line":17,"column":2},"end":{"line":19,"column":3}},"15":{"start":{"line":18,"column":4},"end":{"line":18,"column":16}},"16":{"start":{"line":21,"column":15},"end":{"line":23,"column":64}},"17":{"start":{"line":25,"column":15},"end":{"line":25,"column":72}},"18":{"start":{"line":27,"column":2},"end":{"line":32,"column":4}},"19":{"start":{"line":36,"column":19},"end":{"line":36,"column":40}},"20":{"start":{"line":38,"column":2},"end":{"line":40,"column":3}},"21":{"start":{"line":39,"column":4},"end":{"line":39,"column":91}},"22":{"start":{"line":42,"column":2},"end":{"line":47,"column":3}},"23":{"start":{"line":43,"column":4},"end":{"line":46,"column":6}},"24":{"start":{"line":51,"column":2},"end":{"line":56,"column":3}},"25":{"start":{"line":52,"column":4},"end":{"line":55,"column":6}},"26":{"start":{"line":60,"column":2},"end":{"line":66,"column":3}},"27":{"start":{"line":61,"column":22},"end":{"line":61,"column":57}},"28":{"start":{"line":62,"column":4},"end":{"line":65,"column":6}},"29":{"start":{"line":70,"column":21},"end":{"line":70,"column":56}},"30":{"start":{"line":71,"column":20},"end":{"line":71,"column":53}},"31":{"start":{"line":72,"column":18},"end":{"line":72,"column":50}},"32":{"start":{"line":73,"column":2},"end":{"line":73,"column":46}},"33":{"start":{"line":74,"column":2},"end":{"line":74,"column":42}},"34":{"start":{"line":75,"column":2},"end":{"line":75,"column":39}},"35":{"start":{"line":79,"column":2},"end":{"line":88,"column":4}}},"fnMap":{"0":{"name":"inferMimeFromFilename","decl":{"start":{"line":6,"column":16},"end":{"line":6,"column":37}},"loc":{"start":{"line":6,"column":79},"end":{"line":9,"column":1}}},"1":{"name":"getExtLower","decl":{"start":{"line":11,"column":16},"end":{"line":11,"column":27}},"loc":{"start":{"line":11,"column":44},"end":{"line":14,"column":1}}},"2":{"name":"normalizeFilePart","decl":{"start":{"line":16,"column":16},"end":{"line":16,"column":33}},"loc":{"start":{"line":16,"column":52},"end":{"line":33,"column":1}}},"3":{"name":"validateFileExtension","decl":{"start":{"line":35,"column":16},"end":{"line":35,"column":37}},"loc":{"start":{"line":35,"column":77},"end":{"line":48,"column":1}}},"4":{"name":"validateFileType","decl":{"start":{"line":50,"column":16},"end":{"line":50,"column":32}},"loc":{"start":{"line":50,"column":73},"end":{"line":57,"column":1}}},"5":{"name":"validateFileSize","decl":{"start":{"line":59,"column":16},"end":{"line":59,"column":32}},"loc":{"start":{"line":59,"column":62},"end":{"line":67,"column":1}}},"6":{"name":"validateFileOrThrow","decl":{"start":{"line":69,"column":16},"end":{"line":69,"column":35}},"loc":{"start":{"line":69,"column":85},"end":{"line":76,"column":1}}},"7":{"name":"createH3ValidationError","decl":{"start":{"line":78,"column":9},"end":{"line":78,"column":32}},"loc":{"start":{"line":78,"column":62},"end":{"line":89,"column":1}}}},"branchMap":{"0":{"loc":{"start":{"line":6,"column":56},"end":{"line":6,"column":79}},"type":"default-arg","locations":[{"start":{"line":6,"column":67},"end":{"line":6,"column":79}}]},"1":{"loc":{"start":{"line":7,"column":15},"end":{"line":7,"column":46}},"type":"binary-expr","locations":[{"start":{"line":7,"column":15},"end":{"line":7,"column":40}},{"start":{"line":7,"column":44},"end":{"line":7,"column":46}}]},"2":{"loc":{"start":{"line":8,"column":9},"end":{"line":8,"column":34}},"type":"binary-expr","locations":[{"start":{"line":8,"column":9},"end":{"line":8,"column":22}},{"start":{"line":8,"column":26},"end":{"line":8,"column":34}}]},"3":{"loc":{"start":{"line":13,"column":10},"end":{"line":13,"column":19}},"type":"binary-expr","locations":[{"start":{"line":13,"column":10},"end":{"line":13,"column":13}},{"start":{"line":13,"column":17},"end":{"line":13,"column":19}}]},"4":{"loc":{"start":{"line":17,"column":2},"end":{"line":19,"column":3}},"type":"if","locations":[{"start":{"line":17,"column":2},"end":{"line":19,"column":3}}]},"5":{"loc":{"start":{"line":17,"column":6},"end":{"line":17,"column":46}},"type":"binary-expr","locations":[{"start":{"line":17,"column":6},"end":{"line":17,"column":29}},{"start":{"line":17,"column":29},"end":{"line":17,"column":46}}]},"6":{"loc":{"start":{"line":17,"column":7},"end":{"line":17,"column":25}},"type":"cond-expr","locations":[{"start":{"line":17,"column":15},"end":{"line":17,"column":17}},{"start":{"line":17,"column":7},"end":{"line":17,"column":25}}]},"7":{"loc":{"start":{"line":17,"column":7},"end":{"line":17,"column":17}},"type":"binary-expr","locations":[{"start":{"line":17,"column":7},"end":{"line":17,"column":17}},{"start":{"line":17,"column":7},"end":{"line":17,"column":17}}]},"8":{"loc":{"start":{"line":17,"column":30},"end":{"line":17,"column":44}},"type":"cond-expr","locations":[{"start":{"line":17,"column":38},"end":{"line":17,"column":40}},{"start":{"line":17,"column":30},"end":{"line":17,"column":44}}]},"9":{"loc":{"start":{"line":17,"column":30},"end":{"line":17,"column":40}},"type":"binary-expr","locations":[{"start":{"line":17,"column":30},"end":{"line":17,"column":40}},{"start":{"line":17,"column":30},"end":{"line":17,"column":40}}]},"10":{"loc":{"start":{"line":21,"column":15},"end":{"line":23,"column":64}},"type":"cond-expr","locations":[{"start":{"line":22,"column":6},"end":{"line":22,"column":19}},{"start":{"line":23,"column":6},"end":{"line":23,"column":64}}]},"11":{"loc":{"start":{"line":25,"column":15},"end":{"line":25,"column":72}},"type":"binary-expr","locations":[{"start":{"line":25,"column":15},"end":{"line":25,"column":28}},{"start":{"line":25,"column":32},"end":{"line":25,"column":72}}]},"12":{"loc":{"start":{"line":38,"column":2},"end":{"line":40,"column":3}},"type":"if","locations":[{"start":{"line":38,"column":2},"end":{"line":40,"column":3}}]},"13":{"loc":{"start":{"line":42,"column":2},"end":{"line":47,"column":3}},"type":"if","locations":[{"start":{"line":42,"column":2},"end":{"line":47,"column":3}}]},"14":{"loc":{"start":{"line":51,"column":2},"end":{"line":56,"column":3}},"type":"if","locations":[{"start":{"line":51,"column":2},"end":{"line":56,"column":3}}]},"15":{"loc":{"start":{"line":60,"column":2},"end":{"line":66,"column":3}},"type":"if","locations":[{"start":{"line":60,"column":2},"end":{"line":66,"column":3}}]},"16":{"loc":{"start":{"line":69,"column":54},"end":{"line":69,"column":85}},"type":"default-arg","locations":[{"start":{"line":69,"column":83},"end":{"line":69,"column":85}}]},"17":{"loc":{"start":{"line":70,"column":21},"end":{"line":70,"column":56}},"type":"cond-expr","locations":[{"start":{"line":70,"column":39},"end":{"line":70,"column":43}},{"start":{"line":70,"column":43},"end":{"line":70,"column":56}}]},"18":{"loc":{"start":{"line":70,"column":21},"end":{"line":70,"column":43}},"type":"binary-expr","locations":[{"start":{"line":70,"column":21},"end":{"line":70,"column":43}},{"start":{"line":70,"column":39},"end":{"line":70,"column":43}}]},"19":{"loc":{"start":{"line":71,"column":20},"end":{"line":71,"column":53}},"type":"cond-expr","locations":[{"start":{"line":71,"column":37},"end":{"line":71,"column":41}},{"start":{"line":71,"column":41},"end":{"line":71,"column":53}}]},"20":{"loc":{"start":{"line":71,"column":20},"end":{"line":71,"column":41}},"type":"binary-expr","locations":[{"start":{"line":71,"column":20},"end":{"line":71,"column":41}},{"start":{"line":71,"column":37},"end":{"line":71,"column":41}}]},"21":{"loc":{"start":{"line":72,"column":18},"end":{"line":72,"column":50}},"type":"cond-expr","locations":[{"start":{"line":72,"column":33},"end":{"line":72,"column":37}},{"start":{"line":72,"column":37},"end":{"line":72,"column":50}}]},"22":{"loc":{"start":{"line":72,"column":18},"end":{"line":72,"column":37}},"type":"binary-expr","locations":[{"start":{"line":72,"column":18},"end":{"line":72,"column":37}},{"start":{"line":72,"column":33},"end":{"line":72,"column":37}}]}},"s":{"0":1,"1":1,"2":1,"3":1,"4":1,"5":1,"6":1,"7":1,"8":1,"9":1,"10":17,"11":17,"12":31,"13":31,"14":16,"15":12,"16":4,"17":4,"18":4,"19":24,"20":24,"21":1,"22":23,"23":7,"24":17,"25":3,"26":18,"27":5,"28":5,"29":18,"30":18,"31":18,"32":18,"33":13,"34":12,"35":16},"f":{"0":17,"1":31,"2":16,"3":24,"4":17,"5":18,"6":18,"7":16},"b":{"0":[16],"1":[17,2],"2":[17,7],"3":[31,3],"4":[12],"5":[16,9],"6":[2,14],"7":[16,15],"8":[0,9],"9":[9,9],"10":[2,2],"11":[4,3],"12":[1],"13":[7],"14":[3],"15":[5],"16":[12],"17":[2,16],"18":[18,18],"19":[2,16],"20":[18,18],"21":[3,15],"22":[18,18]}}
}
