{
  "D:\\OneDrive\\Root\\My Study Life\\Unimelb\\Year 3\\Semester 2\\IT Project\\Project\\Gen-AI-Photobooth\\server\\utils\\auth\\auth-guard.utils.ts": {
    "path": "D:\\OneDrive\\Root\\My Study Life\\Unimelb\\Year 3\\Semester 2\\IT Project\\Project\\Gen-AI-Photobooth\\server\\utils\\auth\\auth-guard.utils.ts",
    "statementMap": {
      "0": {
        "start": { "line": 1, "column": 0 },
        "end": { "line": 1, "column": 70 }
      },
      "1": {
        "start": { "line": 2, "column": 0 },
        "end": { "line": 2, "column": 69 }
      },
      "2": {
        "start": { "line": 4, "column": 0 },
        "end": { "line": 4, "column": 56 }
      },
      "3": {
        "start": { "line": 5, "column": 0 },
        "end": { "line": 5, "column": 58 }
      },
      "4": {
        "start": { "line": 15, "column": 27 },
        "end": { "line": 70, "column": 2 }
      },
      "5": {
        "start": { "line": 15, "column": 71 },
        "end": { "line": 70, "column": 2 }
      },
      "6": {
        "start": { "line": 16, "column": 21 },
        "end": { "line": 16, "column": 54 }
      },
      "7": {
        "start": { "line": 18, "column": 2 },
        "end": { "line": 23, "column": 3 }
      },
      "8": {
        "start": { "line": 19, "column": 4 },
        "end": { "line": 22, "column": 7 }
      },
      "9": {
        "start": { "line": 25, "column": 16 },
        "end": { "line": 25, "column": 39 }
      },
      "10": {
        "start": { "line": 26, "column": 2 },
        "end": { "line": 69, "column": 3 }
      },
      "11": {
        "start": { "line": 27, "column": 21 },
        "end": { "line": 27, "column": 39 }
      },
      "12": {
        "start": { "line": 31, "column": 8 },
        "end": { "line": 31, "column": 42 }
      },
      "13": {
        "start": { "line": 33, "column": 4 },
        "end": { "line": 39, "column": 5 }
      },
      "14": {
        "start": { "line": 34, "column": 24 },
        "end": { "line": 34, "column": 46 }
      },
      "15": {
        "start": { "line": 35, "column": 6 },
        "end": { "line": 38, "column": 9 }
      },
      "16": {
        "start": { "line": 41, "column": 31 },
        "end": { "line": 47, "column": 6 }
      },
      "17": {
        "start": { "line": 50, "column": 4 },
        "end": { "line": 50, "column": 34 }
      },
      "18": {
        "start": { "line": 52, "column": 4 },
        "end": { "line": 52, "column": 20 }
      },
      "19": {
        "start": { "line": 55, "column": 22 },
        "end": { "line": 57, "column": 5 }
      },
      "20": {
        "start": { "line": 56, "column": 6 },
        "end": { "line": 56, "column": 76 }
      },
      "21": {
        "start": { "line": 60, "column": 4 },
        "end": { "line": 62, "column": 5 }
      },
      "22": {
        "start": { "line": 61, "column": 6 },
        "end": { "line": 61, "column": 18 }
      },
      "23": {
        "start": { "line": 65, "column": 4 },
        "end": { "line": 68, "column": 7 }
      },
      "24": {
        "start": { "line": 15, "column": 13 },
        "end": { "line": 15, "column": 27 }
      },
      "25": {
        "start": { "line": 73, "column": 28 },
        "end": { "line": 81, "column": 2 }
      },
      "26": {
        "start": { "line": 75, "column": 30 },
        "end": { "line": 81, "column": 2 }
      },
      "27": {
        "start": { "line": 76, "column": 2 },
        "end": { "line": 80, "column": 3 }
      },
      "28": {
        "start": { "line": 77, "column": 4 },
        "end": { "line": 77, "column": 36 }
      },
      "29": {
        "start": { "line": 79, "column": 4 },
        "end": { "line": 79, "column": 16 }
      },
      "30": {
        "start": { "line": 73, "column": 13 },
        "end": { "line": 73, "column": 28 }
      }
    },
    "fnMap": {
      "0": {
        "name": "(anonymous_7)",
        "decl": {
          "start": { "line": 15, "column": 27 },
          "end": { "line": 15, "column": 34 }
        },
        "loc": {
          "start": { "line": 15, "column": 71 },
          "end": { "line": 70, "column": 2 }
        }
      },
      "1": {
        "name": "(anonymous_8)",
        "decl": {
          "start": { "line": 15, "column": 71 },
          "end": { "line": 15, "column": null }
        },
        "loc": {
          "start": { "line": 15, "column": 71 },
          "end": { "line": 70, "column": 1 }
        }
      },
      "2": {
        "name": "(anonymous_9)",
        "decl": {
          "start": { "line": 55, "column": 22 },
          "end": { "line": 55, "column": 23 }
        },
        "loc": {
          "start": { "line": 55, "column": 55 },
          "end": { "line": 57, "column": 5 }
        }
      },
      "3": {
        "name": "(anonymous_10)",
        "decl": {
          "start": { "line": 73, "column": 28 },
          "end": { "line": 73, "column": null }
        },
        "loc": {
          "start": { "line": 75, "column": 30 },
          "end": { "line": 81, "column": 2 }
        }
      },
      "4": {
        "name": "(anonymous_11)",
        "decl": {
          "start": { "line": 75, "column": 30 },
          "end": { "line": 75, "column": null }
        },
        "loc": {
          "start": { "line": 75, "column": 30 },
          "end": { "line": 81, "column": 1 }
        }
      }
    },
    "branchMap": {
      "0": {
        "loc": {
          "start": { "line": 18, "column": 2 },
          "end": { "line": 23, "column": 3 }
        },
        "type": "if",
        "locations": [
          {
            "start": { "line": 18, "column": 2 },
            "end": { "line": 23, "column": 3 }
          }
        ]
      },
      "1": {
        "loc": {
          "start": { "line": 18, "column": 6 },
          "end": { "line": 18, "column": 54 }
        },
        "type": "binary-expr",
        "locations": [
          {
            "start": { "line": 18, "column": 6 },
            "end": { "line": 18, "column": 17 }
          },
          {
            "start": { "line": 18, "column": 21 },
            "end": { "line": 18, "column": 54 }
          }
        ]
      },
      "2": {
        "loc": {
          "start": { "line": 33, "column": 4 },
          "end": { "line": 39, "column": 5 }
        },
        "type": "if",
        "locations": [
          {
            "start": { "line": 33, "column": 4 },
            "end": { "line": 39, "column": 5 }
          }
        ]
      },
      "3": {
        "loc": {
          "start": { "line": 33, "column": 8 },
          "end": { "line": 33, "column": 22 }
        },
        "type": "binary-expr",
        "locations": [
          {
            "start": { "line": 33, "column": 8 },
            "end": { "line": 33, "column": 13 }
          },
          {
            "start": { "line": 33, "column": 17 },
            "end": { "line": 33, "column": 22 }
          }
        ]
      },
      "4": {
        "loc": {
          "start": { "line": 36, "column": 20 },
          "end": { "line": 36, "column": 47 }
        },
        "type": "binary-expr",
        "locations": [
          {
            "start": { "line": 36, "column": 20 },
            "end": { "line": 36, "column": 40 }
          },
          {
            "start": { "line": 36, "column": 44 },
            "end": { "line": 36, "column": 47 }
          }
        ]
      },
      "5": {
        "loc": {
          "start": { "line": 43, "column": 13 },
          "end": { "line": 43, "column": 29 }
        },
        "type": "binary-expr",
        "locations": [
          {
            "start": { "line": 43, "column": 13 },
            "end": { "line": 43, "column": 23 }
          },
          {
            "start": { "line": 43, "column": 27 },
            "end": { "line": 43, "column": 29 }
          }
        ]
      },
      "6": {
        "loc": {
          "start": { "line": 44, "column": 26 },
          "end": { "line": 44, "column": 57 }
        },
        "type": "binary-expr",
        "locations": [
          {
            "start": { "line": 44, "column": 26 },
            "end": { "line": 44, "column": 49 }
          },
          {
            "start": { "line": 44, "column": 53 },
            "end": { "line": 44, "column": 57 }
          }
        ]
      },
      "7": {
        "loc": {
          "start": { "line": 45, "column": 18 },
          "end": { "line": 45, "column": 61 }
        },
        "type": "binary-expr",
        "locations": [
          {
            "start": { "line": 45, "column": 18 },
            "end": { "line": 45, "column": 33 }
          },
          {
            "start": { "line": 45, "column": 37 },
            "end": { "line": 45, "column": 61 }
          }
        ]
      },
      "8": {
        "loc": {
          "start": { "line": 46, "column": 18 },
          "end": { "line": 46, "column": 61 }
        },
        "type": "binary-expr",
        "locations": [
          {
            "start": { "line": 46, "column": 18 },
            "end": { "line": 46, "column": 33 }
          },
          {
            "start": { "line": 46, "column": 37 },
            "end": { "line": 46, "column": 61 }
          }
        ]
      },
      "9": {
        "loc": {
          "start": { "line": 56, "column": 13 },
          "end": { "line": 56, "column": 75 }
        },
        "type": "binary-expr",
        "locations": [
          {
            "start": { "line": 56, "column": 13 },
            "end": { "line": 56, "column": 36 }
          },
          {
            "start": { "line": 56, "column": 40 },
            "end": { "line": 56, "column": 52 }
          },
          {
            "start": { "line": 56, "column": 56 },
            "end": { "line": 56, "column": 75 }
          }
        ]
      },
      "10": {
        "loc": {
          "start": { "line": 60, "column": 4 },
          "end": { "line": 62, "column": 5 }
        },
        "type": "if",
        "locations": [
          {
            "start": { "line": 60, "column": 4 },
            "end": { "line": 62, "column": 5 }
          }
        ]
      },
      "11": {
        "loc": {
          "start": { "line": 60, "column": 8 },
          "end": { "line": 60, "column": 44 }
        },
        "type": "binary-expr",
        "locations": [
          {
            "start": { "line": 60, "column": 8 },
            "end": { "line": 60, "column": 24 }
          },
          {
            "start": { "line": 60, "column": 28 },
            "end": { "line": 60, "column": 44 }
          }
        ]
      }
    },
    "s": {
      "0": 1,
      "1": 1,
      "2": 1,
      "3": 1,
      "4": 1,
      "5": 13,
      "6": 13,
      "7": 13,
      "8": 2,
      "9": 11,
      "10": 11,
      "11": 11,
      "12": 11,
      "13": 9,
      "14": 4,
      "15": 4,
      "16": 5,
      "17": 5,
      "18": 5,
      "19": 6,
      "20": 6,
      "21": 6,
      "22": 5,
      "23": 1,
      "24": 1,
      "25": 1,
      "26": 2,
      "27": 2,
      "28": 2,
      "29": 1,
      "30": 1
    },
    "f": { "0": 13, "1": 13, "2": 6, "3": 2, "4": 2 },
    "b": {
      "0": [2],
      "1": [13, 12],
      "2": [4],
      "3": [9, 6],
      "4": [4, 1],
      "5": [5, 2],
      "6": [5, 2],
      "7": [5, 2],
      "8": [5, 2],
      "9": [6, 6, 6],
      "10": [5],
      "11": [6, 5]
    }
  },
  "D:\\OneDrive\\Root\\My Study Life\\Unimelb\\Year 3\\Semester 2\\IT Project\\Project\\Gen-AI-Photobooth\\server\\utils\\auth\\error-handler.utils.ts": {
    "path": "D:\\OneDrive\\Root\\My Study Life\\Unimelb\\Year 3\\Semester 2\\IT Project\\Project\\Gen-AI-Photobooth\\server\\utils\\auth\\error-handler.utils.ts",
    "statementMap": {
      "0": {
        "start": { "line": 1, "column": 0 },
        "end": { "line": 1, "column": 70 }
      },
      "1": {
        "start": { "line": 10, "column": 31 },
        "end": { "line": 88, "column": 1 }
      },
      "2": {
        "start": { "line": 12, "column": 26 },
        "end": { "line": 14, "column": 3 }
      },
      "3": {
        "start": { "line": 13, "column": 4 },
        "end": { "line": 13, "column": 51 }
      },
      "4": {
        "start": { "line": 15, "column": 24 },
        "end": { "line": 15, "column": 59 }
      },
      "5": {
        "start": { "line": 17, "column": 28 },
        "end": { "line": 21, "column": 4 }
      },
      "6": {
        "start": { "line": 24, "column": 2 },
        "end": { "line": 87, "column": 3 }
      },
      "7": {
        "start": { "line": 26, "column": 6 },
        "end": { "line": 30, "column": null }
      },
      "8": {
        "start": { "line": 33, "column": 6 },
        "end": { "line": 37, "column": null }
      },
      "9": {
        "start": { "line": 40, "column": 6 },
        "end": { "line": 44, "column": null }
      },
      "10": {
        "start": { "line": 47, "column": 6 },
        "end": { "line": 51, "column": null }
      },
      "11": {
        "start": { "line": 54, "column": 6 },
        "end": { "line": 58, "column": null }
      },
      "12": {
        "start": { "line": 62, "column": 6 },
        "end": { "line": 67, "column": null }
      },
      "13": {
        "start": { "line": 71, "column": 6 },
        "end": { "line": 76, "column": null }
      },
      "14": {
        "start": { "line": 79, "column": 6 },
        "end": { "line": 83, "column": null }
      },
      "15": {
        "start": { "line": 86, "column": 6 },
        "end": { "line": 86, "column": 23 }
      },
      "16": {
        "start": { "line": 10, "column": 13 },
        "end": { "line": 10, "column": 31 }
      },
      "17": {
        "start": { "line": 91, "column": 28 },
        "end": { "line": 105, "column": 1 }
      },
      "18": {
        "start": { "line": 92, "column": 2 },
        "end": { "line": 94, "column": 3 }
      },
      "19": {
        "start": { "line": 93, "column": 4 },
        "end": { "line": 93, "column": 17 }
      },
      "20": {
        "start": { "line": 96, "column": 2 },
        "end": { "line": 98, "column": 3 }
      },
      "21": {
        "start": { "line": 97, "column": 4 },
        "end": { "line": 97, "column": 17 }
      },
      "22": {
        "start": { "line": 100, "column": 16 },
        "end": { "line": 100, "column": 52 }
      },
      "23": {
        "start": { "line": 101, "column": 2 },
        "end": { "line": 103, "column": 3 }
      },
      "24": {
        "start": { "line": 102, "column": 4 },
        "end": { "line": 102, "column": 17 }
      },
      "25": {
        "start": { "line": 104, "column": 2 },
        "end": { "line": 104, "column": 25 }
      },
      "26": {
        "start": { "line": 108, "column": 30 },
        "end": { "line": 134, "column": 1 }
      },
      "27": {
        "start": { "line": 110, "column": 2 },
        "end": { "line": 120, "column": 3 }
      },
      "28": {
        "start": { "line": 112, "column": 4 },
        "end": { "line": 119, "column": 5 }
      },
      "29": {
        "start": { "line": 113, "column": 24 },
        "end": { "line": 113, "column": 40 }
      },
      "30": {
        "start": { "line": 114, "column": 6 },
        "end": { "line": 118, "column": 8 }
      },
      "31": {
        "start": { "line": 123, "column": 25 },
        "end": { "line": 125, "column": 3 }
      },
      "32": {
        "start": { "line": 124, "column": 4 },
        "end": { "line": 124, "column": 68 }
      },
      "33": {
        "start": { "line": 127, "column": 23 },
        "end": { "line": 127, "column": 57 }
      },
      "34": {
        "start": { "line": 129, "column": 2 },
        "end": { "line": 133, "column": 4 }
      },
      "35": {
        "start": { "line": 108, "column": 13 },
        "end": { "line": 108, "column": 30 }
      }
    },
    "fnMap": {
      "0": {
        "name": "(anonymous_0)",
        "decl": {
          "start": { "line": 10, "column": 31 },
          "end": { "line": 10, "column": 32 }
        },
        "loc": {
          "start": { "line": 10, "column": 78 },
          "end": { "line": 88, "column": 1 }
        }
      },
      "1": {
        "name": "(anonymous_1)",
        "decl": {
          "start": { "line": 12, "column": 26 },
          "end": { "line": 12, "column": 27 }
        },
        "loc": {
          "start": { "line": 12, "column": 69 },
          "end": { "line": 14, "column": 3 }
        }
      },
      "2": {
        "name": "(anonymous_2)",
        "decl": {
          "start": { "line": 91, "column": 28 },
          "end": { "line": 91, "column": 29 }
        },
        "loc": {
          "start": { "line": 91, "column": 71 },
          "end": { "line": 105, "column": 1 }
        }
      },
      "3": {
        "name": "(anonymous_3)",
        "decl": {
          "start": { "line": 108, "column": 30 },
          "end": { "line": 108, "column": 31 }
        },
        "loc": {
          "start": { "line": 108, "column": 72 },
          "end": { "line": 134, "column": 1 }
        }
      },
      "4": {
        "name": "(anonymous_4)",
        "decl": {
          "start": { "line": 123, "column": 25 },
          "end": { "line": 123, "column": 26 }
        },
        "loc": {
          "start": { "line": 123, "column": 63 },
          "end": { "line": 125, "column": 3 }
        }
      }
    },
    "branchMap": {
      "0": {
        "loc": {
          "start": { "line": 13, "column": 11 },
          "end": { "line": 13, "column": 50 }
        },
        "type": "binary-expr",
        "locations": [
          {
            "start": { "line": 13, "column": 11 },
            "end": { "line": 13, "column": 34 }
          },
          {
            "start": { "line": 13, "column": 38 },
            "end": { "line": 13, "column": 50 }
          }
        ]
      },
      "1": {
        "loc": {
          "start": { "line": 15, "column": 24 },
          "end": { "line": 15, "column": 59 }
        },
        "type": "cond-expr",
        "locations": [
          {
            "start": { "line": 15, "column": 49 },
            "end": { "line": 15, "column": 54 }
          },
          {
            "start": { "line": 15, "column": 57 },
            "end": { "line": 15, "column": 59 }
          }
        ]
      },
      "2": {
        "loc": {
          "start": { "line": 18, "column": 10 },
          "end": { "line": 18, "column": 75 }
        },
        "type": "binary-expr",
        "locations": [
          {
            "start": { "line": 18, "column": 10 },
            "end": { "line": 18, "column": 34 }
          },
          {
            "start": { "line": 18, "column": 38 },
            "end": { "line": 18, "column": 56 }
          },
          {
            "start": { "line": 18, "column": 60 },
            "end": { "line": 18, "column": 75 }
          }
        ]
      },
      "3": {
        "loc": {
          "start": { "line": 19, "column": 13 },
          "end": { "line": 19, "column": 72 }
        },
        "type": "binary-expr",
        "locations": [
          {
            "start": { "line": 19, "column": 13 },
            "end": { "line": 19, "column": 34 }
          },
          {
            "start": { "line": 19, "column": 38 },
            "end": { "line": 19, "column": 72 }
          }
        ]
      },
      "4": {
        "loc": {
          "start": { "line": 24, "column": 2 },
          "end": { "line": 87, "column": 3 }
        },
        "type": "switch",
        "locations": [
          {
            "start": { "line": 25, "column": 4 },
            "end": { "line": 30, "column": null }
          },
          {
            "start": { "line": 32, "column": 4 },
            "end": { "line": 37, "column": null }
          },
          {
            "start": { "line": 39, "column": 4 },
            "end": { "line": 44, "column": null }
          },
          {
            "start": { "line": 46, "column": 4 },
            "end": { "line": 51, "column": null }
          },
          {
            "start": { "line": 53, "column": 4 },
            "end": { "line": 58, "column": null }
          },
          {
            "start": { "line": 60, "column": 4 },
            "end": { "line": 60, "column": 35 }
          },
          {
            "start": { "line": 61, "column": 4 },
            "end": { "line": 67, "column": null }
          },
          {
            "start": { "line": 69, "column": 4 },
            "end": { "line": 69, "column": 25 }
          },
          {
            "start": { "line": 70, "column": 4 },
            "end": { "line": 76, "column": null }
          },
          {
            "start": { "line": 78, "column": 4 },
            "end": { "line": 83, "column": null }
          },
          {
            "start": { "line": 85, "column": 4 },
            "end": { "line": 86, "column": 23 }
          }
        ]
      },
      "5": {
        "loc": {
          "start": { "line": 24, "column": 10 },
          "end": { "line": 24, "column": 56 }
        },
        "type": "binary-expr",
        "locations": [
          {
            "start": { "line": 24, "column": 10 },
            "end": { "line": 24, "column": 34 }
          },
          {
            "start": { "line": 24, "column": 38 },
            "end": { "line": 24, "column": 56 }
          }
        ]
      },
      "6": {
        "loc": {
          "start": { "line": 92, "column": 2 },
          "end": { "line": 94, "column": 3 }
        },
        "type": "if",
        "locations": [
          {
            "start": { "line": 92, "column": 2 },
            "end": { "line": 94, "column": 3 }
          }
        ]
      },
      "7": {
        "loc": {
          "start": { "line": 92, "column": 6 },
          "end": { "line": 92, "column": 45 }
        },
        "type": "binary-expr",
        "locations": [
          {
            "start": { "line": 92, "column": 6 },
            "end": { "line": 92, "column": 29 }
          },
          {
            "start": { "line": 92, "column": 33 },
            "end": { "line": 92, "column": 45 }
          }
        ]
      },
      "8": {
        "loc": {
          "start": { "line": 96, "column": 2 },
          "end": { "line": 98, "column": 3 }
        },
        "type": "if",
        "locations": [
          {
            "start": { "line": 96, "column": 2 },
            "end": { "line": 98, "column": 3 }
          }
        ]
      },
      "9": {
        "loc": {
          "start": { "line": 101, "column": 2 },
          "end": { "line": 103, "column": 3 }
        },
        "type": "if",
        "locations": [
          {
            "start": { "line": 101, "column": 2 },
            "end": { "line": 103, "column": 3 }
          }
        ]
      },
      "10": {
        "loc": {
          "start": { "line": 101, "column": 6 },
          "end": { "line": 101, "column": 47 }
        },
        "type": "binary-expr",
        "locations": [
          {
            "start": { "line": 101, "column": 6 },
            "end": { "line": 101, "column": 30 }
          },
          {
            "start": { "line": 101, "column": 34 },
            "end": { "line": 101, "column": 47 }
          }
        ]
      },
      "11": {
        "loc": {
          "start": { "line": 110, "column": 2 },
          "end": { "line": 120, "column": 3 }
        },
        "type": "if",
        "locations": [
          {
            "start": { "line": 110, "column": 2 },
            "end": { "line": 120, "column": 3 }
          }
        ]
      },
      "12": {
        "loc": {
          "start": { "line": 112, "column": 4 },
          "end": { "line": 119, "column": 5 }
        },
        "type": "if",
        "locations": [
          {
            "start": { "line": 112, "column": 4 },
            "end": { "line": 119, "column": 5 }
          }
        ]
      },
      "13": {
        "loc": {
          "start": { "line": 112, "column": 8 },
          "end": { "line": 112, "column": 25 }
        },
        "type": "cond-expr",
        "locations": [
          {
            "start": { "line": 112, "column": 18 },
            "end": { "line": 112, "column": 20 }
          },
          {
            "start": { "line": 112, "column": 18 },
            "end": { "line": 112, "column": 25 }
          }
        ]
      },
      "14": {
        "loc": {
          "start": { "line": 112, "column": 8 },
          "end": { "line": 112, "column": 20 }
        },
        "type": "binary-expr",
        "locations": [
          {
            "start": { "line": 112, "column": 8 },
            "end": { "line": 112, "column": 20 }
          },
          {
            "start": { "line": 112, "column": 18 },
            "end": { "line": 112, "column": 20 }
          }
        ]
      },
      "15": {
        "loc": {
          "start": { "line": 115, "column": 14 },
          "end": { "line": 115, "column": 48 }
        },
        "type": "binary-expr",
        "locations": [
          {
            "start": { "line": 115, "column": 14 },
            "end": { "line": 115, "column": 28 }
          },
          {
            "start": { "line": 115, "column": 32 },
            "end": { "line": 115, "column": 48 }
          }
        ]
      },
      "16": {
        "loc": {
          "start": { "line": 116, "column": 17 },
          "end": { "line": 116, "column": 68 }
        },
        "type": "binary-expr",
        "locations": [
          {
            "start": { "line": 116, "column": 17 },
            "end": { "line": 116, "column": 34 }
          },
          {
            "start": { "line": 116, "column": 38 },
            "end": { "line": 116, "column": 68 }
          }
        ]
      },
      "17": {
        "loc": {
          "start": { "line": 117, "column": 20 },
          "end": { "line": 117, "column": 75 }
        },
        "type": "binary-expr",
        "locations": [
          {
            "start": { "line": 117, "column": 20 },
            "end": { "line": 117, "column": 40 }
          },
          {
            "start": { "line": 117, "column": 44 },
            "end": { "line": 117, "column": 75 }
          }
        ]
      },
      "18": {
        "loc": {
          "start": { "line": 124, "column": 11 },
          "end": { "line": 124, "column": 67 }
        },
        "type": "binary-expr",
        "locations": [
          {
            "start": { "line": 124, "column": 11 },
            "end": { "line": 124, "column": 34 }
          },
          {
            "start": { "line": 124, "column": 38 },
            "end": { "line": 124, "column": 50 }
          },
          {
            "start": { "line": 124, "column": 54 },
            "end": { "line": 124, "column": 67 }
          }
        ]
      },
      "19": {
        "loc": {
          "start": { "line": 127, "column": 23 },
          "end": { "line": 127, "column": 57 }
        },
        "type": "cond-expr",
        "locations": [
          {
            "start": { "line": 127, "column": 47 },
            "end": { "line": 127, "column": 52 }
          },
          {
            "start": { "line": 127, "column": 55 },
            "end": { "line": 127, "column": 57 }
          }
        ]
      },
      "20": {
        "loc": {
          "start": { "line": 130, "column": 10 },
          "end": { "line": 130, "column": 47 }
        },
        "type": "binary-expr",
        "locations": [
          {
            "start": { "line": 130, "column": 10 },
            "end": { "line": 130, "column": 27 }
          },
          {
            "start": { "line": 130, "column": 31 },
            "end": { "line": 130, "column": 47 }
          }
        ]
      },
      "21": {
        "loc": {
          "start": { "line": 131, "column": 13 },
          "end": { "line": 131, "column": 67 }
        },
        "type": "binary-expr",
        "locations": [
          {
            "start": { "line": 131, "column": 13 },
            "end": { "line": 131, "column": 33 }
          },
          {
            "start": { "line": 131, "column": 37 },
            "end": { "line": 131, "column": 67 }
          }
        ]
      },
      "22": {
        "loc": {
          "start": { "line": 132, "column": 16 },
          "end": { "line": 132, "column": 74 }
        },
        "type": "binary-expr",
        "locations": [
          {
            "start": { "line": 132, "column": 16 },
            "end": { "line": 132, "column": 39 }
          },
          {
            "start": { "line": 132, "column": 43 },
            "end": { "line": 132, "column": 74 }
          }
        ]
      }
    },
    "s": {
      "0": 1,
      "1": 1,
      "2": 24,
      "3": 24,
      "4": 24,
      "5": 24,
      "6": 24,
      "7": 5,
      "8": 1,
      "9": 1,
      "10": 1,
      "11": 1,
      "12": 2,
      "13": 2,
      "14": 1,
      "15": 10,
      "16": 1,
      "17": 1,
      "18": 38,
      "19": 7,
      "20": 31,
      "21": 16,
      "22": 15,
      "23": 15,
      "24": 3,
      "25": 12,
      "26": 1,
      "27": 38,
      "28": 10,
      "29": 8,
      "30": 8,
      "31": 30,
      "32": 30,
      "33": 30,
      "34": 30,
      "35": 1
    },
    "f": { "0": 24, "1": 24, "2": 38, "3": 38, "4": 30 },
    "b": {
      "0": [24, 20],
      "1": [19, 5],
      "2": [24, 9, 7],
      "3": [24, 7],
      "4": [5, 1, 1, 1, 1, 1, 2, 1, 2, 1, 10],
      "5": [24, 9],
      "6": [7],
      "7": [38, 32],
      "8": [16],
      "9": [3],
      "10": [15, 13],
      "11": [10],
      "12": [8],
      "13": [0, 10],
      "14": [10, 10],
      "15": [8, 2],
      "16": [8, 2],
      "17": [8, 2],
      "18": [30, 24, 23],
      "19": [13, 17],
      "20": [30, 17],
      "21": [30, 20],
      "22": [30, 22]
    }
  },
  "D:\\OneDrive\\Root\\My Study Life\\Unimelb\\Year 3\\Semester 2\\IT Project\\Project\\Gen-AI-Photobooth\\server\\utils\\auth\\validation.utils.ts": {
    "path": "D:\\OneDrive\\Root\\My Study Life\\Unimelb\\Year 3\\Semester 2\\IT Project\\Project\\Gen-AI-Photobooth\\server\\utils\\auth\\validation.utils.ts",
    "statementMap": {
      "0": {
        "start": { "line": 1, "column": 0 },
        "end": { "line": 1, "column": 56 }
      },
      "1": {
        "start": { "line": 5, "column": 29 },
        "end": { "line": 23, "column": 1 }
      },
      "2": {
        "start": { "line": 6, "column": 2 },
        "end": { "line": 12, "column": 3 }
      },
      "3": {
        "start": { "line": 7, "column": 4 },
        "end": { "line": 11, "column": 6 }
      },
      "4": {
        "start": { "line": 14, "column": 21 },
        "end": { "line": 14, "column": 49 }
      },
      "5": {
        "start": { "line": 15, "column": 2 },
        "end": { "line": 21, "column": 3 }
      },
      "6": {
        "start": { "line": 16, "column": 4 },
        "end": { "line": 20, "column": 6 }
      },
      "7": {
        "start": { "line": 22, "column": 2 },
        "end": { "line": 22, "column": 14 }
      },
      "8": {
        "start": { "line": 5, "column": 13 },
        "end": { "line": 5, "column": 29 }
      },
      "9": {
        "start": { "line": 26, "column": 32 },
        "end": { "line": 43, "column": 1 }
      },
      "10": {
        "start": { "line": 27, "column": 2 },
        "end": { "line": 33, "column": 3 }
      },
      "11": {
        "start": { "line": 28, "column": 4 },
        "end": { "line": 32, "column": 6 }
      },
      "12": {
        "start": { "line": 35, "column": 2 },
        "end": { "line": 41, "column": 3 }
      },
      "13": {
        "start": { "line": 36, "column": 4 },
        "end": { "line": 40, "column": 6 }
      },
      "14": {
        "start": { "line": 42, "column": 2 },
        "end": { "line": 42, "column": 14 }
      },
      "15": {
        "start": { "line": 26, "column": 13 },
        "end": { "line": 26, "column": 32 }
      },
      "16": {
        "start": { "line": 46, "column": 36 },
        "end": { "line": 55, "column": 1 }
      },
      "17": {
        "start": { "line": 50, "column": 21 },
        "end": { "line": 50, "column": 41 }
      },
      "18": {
        "start": { "line": 51, "column": 2 },
        "end": { "line": 51, "column": 36 }
      },
      "19": {
        "start": { "line": 51, "column": 18 },
        "end": { "line": 51, "column": 36 }
      },
      "20": {
        "start": { "line": 52, "column": 24 },
        "end": { "line": 52, "column": 50 }
      },
      "21": {
        "start": { "line": 53, "column": 2 },
        "end": { "line": 53, "column": 42 }
      },
      "22": {
        "start": { "line": 53, "column": 21 },
        "end": { "line": 53, "column": 42 }
      },
      "23": {
        "start": { "line": 54, "column": 2 },
        "end": { "line": 54, "column": 14 }
      },
      "24": {
        "start": { "line": 46, "column": 13 },
        "end": { "line": 46, "column": 36 }
      },
      "25": {
        "start": { "line": 58, "column": 39 },
        "end": { "line": 63, "column": 1 }
      },
      "26": {
        "start": { "line": 62, "column": 2 },
        "end": { "line": 62, "column": 47 }
      },
      "27": {
        "start": { "line": 58, "column": 13 },
        "end": { "line": 58, "column": 39 }
      },
      "28": {
        "start": { "line": 66, "column": 45 },
        "end": { "line": 68, "column": 1 }
      },
      "29": {
        "start": { "line": 67, "column": 2 },
        "end": { "line": 67, "column": 30 }
      },
      "30": {
        "start": { "line": 66, "column": 13 },
        "end": { "line": 66, "column": 45 }
      },
      "31": {
        "start": { "line": 71, "column": 44 },
        "end": { "line": 101, "column": 1 }
      },
      "32": {
        "start": { "line": 76, "column": 2 },
        "end": { "line": 82, "column": 3 }
      },
      "33": {
        "start": { "line": 77, "column": 4 },
        "end": { "line": 81, "column": 6 }
      },
      "34": {
        "start": { "line": 84, "column": 2 },
        "end": { "line": 90, "column": 3 }
      },
      "35": {
        "start": { "line": 85, "column": 4 },
        "end": { "line": 89, "column": 6 }
      },
      "36": {
        "start": { "line": 92, "column": 2 },
        "end": { "line": 98, "column": 3 }
      },
      "37": {
        "start": { "line": 93, "column": 4 },
        "end": { "line": 97, "column": 6 }
      },
      "38": {
        "start": { "line": 100, "column": 2 },
        "end": { "line": 100, "column": 36 }
      },
      "39": {
        "start": { "line": 71, "column": 13 },
        "end": { "line": 71, "column": 44 }
      }
    },
    "fnMap": {
      "0": {
        "name": "(anonymous_0)",
        "decl": {
          "start": { "line": 5, "column": 29 },
          "end": { "line": 5, "column": 30 }
        },
        "loc": {
          "start": { "line": 5, "column": 62 },
          "end": { "line": 23, "column": 1 }
        }
      },
      "1": {
        "name": "(anonymous_1)",
        "decl": {
          "start": { "line": 26, "column": 32 },
          "end": { "line": 26, "column": 33 }
        },
        "loc": {
          "start": { "line": 26, "column": 68 },
          "end": { "line": 43, "column": 1 }
        }
      },
      "2": {
        "name": "(anonymous_2)",
        "decl": {
          "start": { "line": 46, "column": 36 },
          "end": { "line": 46, "column": null }
        },
        "loc": {
          "start": { "line": 49, "column": 19 },
          "end": { "line": 55, "column": 1 }
        }
      },
      "3": {
        "name": "(anonymous_3)",
        "decl": {
          "start": { "line": 58, "column": 39 },
          "end": { "line": 58, "column": null }
        },
        "loc": {
          "start": { "line": 61, "column": 19 },
          "end": { "line": 63, "column": 1 }
        }
      },
      "4": {
        "name": "(anonymous_4)",
        "decl": {
          "start": { "line": 66, "column": 45 },
          "end": { "line": 66, "column": 46 }
        },
        "loc": {
          "start": { "line": 66, "column": 78 },
          "end": { "line": 68, "column": 1 }
        }
      },
      "5": {
        "name": "(anonymous_5)",
        "decl": {
          "start": { "line": 71, "column": 44 },
          "end": { "line": 71, "column": null }
        },
        "loc": {
          "start": { "line": 75, "column": 19 },
          "end": { "line": 101, "column": 1 }
        }
      }
    },
    "branchMap": {
      "0": {
        "loc": {
          "start": { "line": 6, "column": 2 },
          "end": { "line": 12, "column": 3 }
        },
        "type": "if",
        "locations": [
          {
            "start": { "line": 6, "column": 2 },
            "end": { "line": 12, "column": 3 }
          }
        ]
      },
      "1": {
        "loc": {
          "start": { "line": 15, "column": 2 },
          "end": { "line": 21, "column": 3 }
        },
        "type": "if",
        "locations": [
          {
            "start": { "line": 15, "column": 2 },
            "end": { "line": 21, "column": 3 }
          }
        ]
      },
      "2": {
        "loc": {
          "start": { "line": 27, "column": 2 },
          "end": { "line": 33, "column": 3 }
        },
        "type": "if",
        "locations": [
          {
            "start": { "line": 27, "column": 2 },
            "end": { "line": 33, "column": 3 }
          }
        ]
      },
      "3": {
        "loc": {
          "start": { "line": 35, "column": 2 },
          "end": { "line": 41, "column": 3 }
        },
        "type": "if",
        "locations": [
          {
            "start": { "line": 35, "column": 2 },
            "end": { "line": 41, "column": 3 }
          }
        ]
      },
      "4": {
        "loc": {
          "start": { "line": 51, "column": 2 },
          "end": { "line": 51, "column": 36 }
        },
        "type": "if",
        "locations": [
          {
            "start": { "line": 51, "column": 2 },
            "end": { "line": 51, "column": 36 }
          }
        ]
      },
      "5": {
        "loc": {
          "start": { "line": 53, "column": 2 },
          "end": { "line": 53, "column": 42 }
        },
        "type": "if",
        "locations": [
          {
            "start": { "line": 53, "column": 2 },
            "end": { "line": 53, "column": 42 }
          }
        ]
      },
      "6": {
        "loc": {
          "start": { "line": 76, "column": 2 },
          "end": { "line": 82, "column": 3 }
        },
        "type": "if",
        "locations": [
          {
            "start": { "line": 76, "column": 2 },
            "end": { "line": 82, "column": 3 }
          }
        ]
      },
      "7": {
        "loc": {
          "start": { "line": 76, "column": 6 },
          "end": { "line": 76, "column": 37 }
        },
        "type": "binary-expr",
        "locations": [
          {
            "start": { "line": 76, "column": 6 },
            "end": { "line": 76, "column": 19 }
          },
          {
            "start": { "line": 76, "column": 23 },
            "end": { "line": 76, "column": 37 }
          }
        ]
      },
      "8": {
        "loc": {
          "start": { "line": 84, "column": 2 },
          "end": { "line": 90, "column": 3 }
        },
        "type": "if",
        "locations": [
          {
            "start": { "line": 84, "column": 2 },
            "end": { "line": 90, "column": 3 }
          }
        ]
      },
      "9": {
        "loc": {
          "start": { "line": 92, "column": 2 },
          "end": { "line": 98, "column": 3 }
        },
        "type": "if",
        "locations": [
          {
            "start": { "line": 92, "column": 2 },
            "end": { "line": 98, "column": 3 }
          }
        ]
      }
    },
    "s": {
      "0": 1,
      "1": 1,
      "2": 32,
      "3": 4,
      "4": 28,
      "5": 28,
      "6": 12,
      "7": 16,
      "8": 1,
      "9": 1,
      "10": 27,
      "11": 4,
      "12": 23,
      "13": 12,
      "14": 11,
      "15": 1,
      "16": 1,
      "17": 10,
      "18": 10,
      "19": 4,
      "20": 6,
      "21": 6,
      "22": 4,
      "23": 2,
      "24": 1,
      "25": 1,
      "26": 6,
      "27": 1,
      "28": 1,
      "29": 3,
      "30": 1,
      "31": 1,
      "32": 9,
      "33": 2,
      "34": 7,
      "35": 1,
      "36": 6,
      "37": 1,
      "38": 5,
      "39": 1
    },
    "f": { "0": 32, "1": 27, "2": 10, "3": 6, "4": 3, "5": 9 },
    "b": {
      "0": [4],
      "1": [12],
      "2": [4],
      "3": [12],
      "4": [4],
      "5": [4],
      "6": [2],
      "7": [9, 3],
      "8": [1],
      "9": [1]
    }
  },
  "D:\\OneDrive\\Root\\My Study Life\\Unimelb\\Year 3\\Semester 2\\IT Project\\Project\\Gen-AI-Photobooth\\server\\utils\\core\\index.ts": {
    "path": "D:\\OneDrive\\Root\\My Study Life\\Unimelb\\Year 3\\Semester 2\\IT Project\\Project\\Gen-AI-Photobooth\\server\\utils\\core\\index.ts",
    "statementMap": {
      "0": {
        "start": { "line": 1, "column": 0 },
        "end": { "line": 1, "column": 33 }
      }
    },
    "fnMap": {},
    "branchMap": {},
    "s": { "0": 2 },
    "f": {},
    "b": {}
  },
  "D:\\OneDrive\\Root\\My Study Life\\Unimelb\\Year 3\\Semester 2\\IT Project\\Project\\Gen-AI-Photobooth\\server\\utils\\core\\response.utils.ts": {
    "path": "D:\\OneDrive\\Root\\My Study Life\\Unimelb\\Year 3\\Semester 2\\IT Project\\Project\\Gen-AI-Photobooth\\server\\utils\\core\\response.utils.ts",
    "statementMap": {
      "0": {
        "start": { "line": 4, "column": 37 },
        "end": { "line": 13, "column": 1 }
      },
      "1": {
        "start": { "line": 8, "column": 2 },
        "end": { "line": 12, "column": 4 }
      },
      "2": {
        "start": { "line": 4, "column": 13 },
        "end": { "line": 4, "column": 37 }
      },
      "3": {
        "start": { "line": 16, "column": 35 },
        "end": { "line": 23, "column": 1 }
      },
      "4": {
        "start": { "line": 19, "column": 2 },
        "end": { "line": 22, "column": 4 }
      },
      "5": {
        "start": { "line": 16, "column": 13 },
        "end": { "line": 16, "column": 35 }
      }
    },
    "fnMap": {
      "0": {
        "name": "(anonymous_0)",
        "decl": {
          "start": { "line": 4, "column": 37 },
          "end": { "line": 4, "column": null }
        },
        "loc": {
          "start": { "line": 7, "column": 20 },
          "end": { "line": 13, "column": 1 }
        }
      },
      "1": {
        "name": "(anonymous_1)",
        "decl": {
          "start": { "line": 16, "column": 35 },
          "end": { "line": 16, "column": null }
        },
        "loc": {
          "start": { "line": 18, "column": 20 },
          "end": { "line": 23, "column": 1 }
        }
      }
    },
    "branchMap": {},
    "s": { "0": 3, "1": 3, "2": 3, "3": 3, "4": 23, "5": 3 },
    "f": { "0": 3, "1": 23 },
    "b": {}
  },
  "D:\\OneDrive\\Root\\My Study Life\\Unimelb\\Year 3\\Semester 2\\IT Project\\Project\\Gen-AI-Photobooth\\server\\utils\\image\\image-processer.utils.ts": {
    "path": "D:\\OneDrive\\Root\\My Study Life\\Unimelb\\Year 3\\Semester 2\\IT Project\\Project\\Gen-AI-Photobooth\\server\\utils\\image\\image-processer.utils.ts",
    "statementMap": {
      "0": {
        "start": { "line": 133, "column": 0 },
        "end": { "line": 133, "column": 16 }
      },
      "1": {
        "start": { "line": 137, "column": 0 },
        "end": { "line": 137, "column": 22 }
      },
      "2": {
        "start": { "line": 148, "column": 0 },
        "end": { "line": 148, "column": 22 }
      },
      "3": {
        "start": { "line": 1, "column": 0 },
        "end": { "line": 1, "column": 26 }
      },
      "4": {
        "start": { "line": 6, "column": 19 },
        "end": { "line": 12, "column": 4 }
      },
      "5": {
        "start": { "line": 15, "column": 4 },
        "end": { "line": 106, "column": null }
      },
      "6": {
        "start": { "line": 19, "column": 14 },
        "end": { "line": 19, "column": 55 }
      },
      "7": {
        "start": { "line": 21, "column": 4 },
        "end": { "line": 105, "column": 5 }
      },
      "8": {
        "start": { "line": 22, "column": 24 },
        "end": { "line": 22, "column": 45 }
      },
      "9": {
        "start": { "line": 23, "column": 27 },
        "end": { "line": 23, "column": 53 }
      },
      "10": {
        "start": { "line": 26, "column": 8 },
        "end": { "line": 26, "column": 63 }
      },
      "11": {
        "start": { "line": 27, "column": 26 },
        "end": { "line": 27, "column": 50 }
      },
      "12": {
        "start": { "line": 28, "column": 27 },
        "end": { "line": 28, "column": 51 }
      },
      "13": {
        "start": { "line": 30, "column": 6 },
        "end": { "line": 32, "column": 8 }
      },
      "14": {
        "start": { "line": 33, "column": 6 },
        "end": { "line": 33, "column": 65 }
      },
      "15": {
        "start": { "line": 35, "column": 6 },
        "end": { "line": 43, "column": 7 }
      },
      "16": {
        "start": { "line": 39, "column": 8 },
        "end": { "line": 41, "column": 10 }
      },
      "17": {
        "start": { "line": 42, "column": 8 },
        "end": { "line": 42, "column": 69 }
      },
      "18": {
        "start": { "line": 45, "column": 24 },
        "end": { "line": 45, "column": 45 }
      },
      "19": {
        "start": { "line": 46, "column": 26 },
        "end": { "line": 52, "column": null }
      },
      "20": {
        "start": { "line": 55, "column": 26 },
        "end": { "line": 55, "column": 42 }
      },
      "21": {
        "start": { "line": 56, "column": 26 },
        "end": { "line": 56, "column": 55 }
      },
      "22": {
        "start": { "line": 57, "column": 27 },
        "end": { "line": 57, "column": 57 }
      },
      "23": {
        "start": { "line": 59, "column": 20 },
        "end": { "line": 59, "column": 67 }
      },
      "24": {
        "start": { "line": 60, "column": 20 },
        "end": { "line": 60, "column": 69 }
      },
      "25": {
        "start": { "line": 62, "column": 21 },
        "end": { "line": 69, "column": 8 }
      },
      "26": {
        "start": { "line": 71, "column": 25 },
        "end": { "line": 71, "column": 51 }
      },
      "27": {
        "start": { "line": 72, "column": 25 },
        "end": { "line": 72, "column": 53 }
      },
      "28": {
        "start": { "line": 74, "column": 25 },
        "end": { "line": 88, "column": 19 }
      },
      "29": {
        "start": { "line": 90, "column": 23 },
        "end": { "line": 90, "column": 58 }
      },
      "30": {
        "start": { "line": 92, "column": 6 },
        "end": { "line": 99, "column": 8 }
      },
      "31": {
        "start": { "line": 101, "column": 6 },
        "end": { "line": 101, "column": 49 }
      },
      "32": {
        "start": { "line": 102, "column": 6 },
        "end": { "line": 104, "column": 8 }
      },
      "33": {
        "start": { "line": 109, "column": 44 },
        "end": { "line": 113, "column": 6 }
      },
      "34": {
        "start": { "line": 114, "column": 4 },
        "end": { "line": 114, "column": 43 }
      },
      "35": {
        "start": { "line": 118, "column": 4 },
        "end": { "line": 120, "column": 5 }
      },
      "36": {
        "start": { "line": 119, "column": 6 },
        "end": { "line": 119, "column": 50 }
      },
      "37": {
        "start": { "line": 122, "column": 25 },
        "end": { "line": 122, "column": 66 }
      },
      "38": {
        "start": { "line": 123, "column": 4 },
        "end": { "line": 125, "column": 5 }
      },
      "39": {
        "start": { "line": 124, "column": 6 },
        "end": { "line": 124, "column": 62 }
      },
      "40": {
        "start": { "line": 129, "column": 4 },
        "end": { "line": 129, "column": 45 }
      },
      "41": {
        "start": { "line": 5, "column": 0 },
        "end": { "line": 5, "column": 13 }
      },
      "42": {
        "start": { "line": 134, "column": 2 },
        "end": { "line": 134, "column": 27 }
      },
      "43": {
        "start": { "line": 138, "column": 2 },
        "end": { "line": 146, "column": null }
      },
      "44": {
        "start": { "line": 142, "column": 17 },
        "end": { "line": 142, "column": 36 }
      },
      "45": {
        "start": { "line": 143, "column": 2 },
        "end": { "line": 143, "column": 38 }
      },
      "46": {
        "start": { "line": 144, "column": 2 },
        "end": { "line": 144, "column": 38 }
      },
      "47": {
        "start": { "line": 145, "column": 2 },
        "end": { "line": 145, "column": 65 }
      },
      "48": {
        "start": { "line": 149, "column": 2 },
        "end": { "line": 225, "column": null }
      },
      "49": {
        "start": { "line": 152, "column": 12 },
        "end": { "line": 157, "column": null }
      },
      "50": {
        "start": { "line": 160, "column": 2 },
        "end": { "line": 224, "column": 3 }
      },
      "51": {
        "start": { "line": 161, "column": 22 },
        "end": { "line": 161, "column": 43 }
      },
      "52": {
        "start": { "line": 162, "column": 25 },
        "end": { "line": 162, "column": 51 }
      },
      "53": {
        "start": { "line": 164, "column": 24 },
        "end": { "line": 164, "column": 79 }
      },
      "54": {
        "start": { "line": 165, "column": 24 },
        "end": { "line": 165, "column": 48 }
      },
      "55": {
        "start": { "line": 166, "column": 25 },
        "end": { "line": 166, "column": 49 }
      },
      "56": {
        "start": { "line": 168, "column": 4 },
        "end": { "line": 170, "column": 6 }
      },
      "57": {
        "start": { "line": 171, "column": 4 },
        "end": { "line": 171, "column": 63 }
      },
      "58": {
        "start": { "line": 173, "column": 4 },
        "end": { "line": 181, "column": 5 }
      },
      "59": {
        "start": { "line": 177, "column": 6 },
        "end": { "line": 179, "column": 8 }
      },
      "60": {
        "start": { "line": 180, "column": 6 },
        "end": { "line": 180, "column": 67 }
      },
      "61": {
        "start": { "line": 183, "column": 24 },
        "end": { "line": 183, "column": 40 }
      },
      "62": {
        "start": { "line": 184, "column": 24 },
        "end": { "line": 184, "column": 53 }
      },
      "63": {
        "start": { "line": 185, "column": 25 },
        "end": { "line": 185, "column": 55 }
      },
      "64": {
        "start": { "line": 186, "column": 19 },
        "end": { "line": 193, "column": 6 }
      },
      "65": {
        "start": { "line": 195, "column": 23 },
        "end": { "line": 195, "column": 49 }
      },
      "66": {
        "start": { "line": 196, "column": 23 },
        "end": { "line": 205, "column": 17 }
      },
      "67": {
        "start": { "line": 208, "column": 6 },
        "end": { "line": 212, "column": 24 }
      },
      "68": {
        "start": { "line": 214, "column": 4 },
        "end": { "line": 218, "column": 6 }
      },
      "69": {
        "start": { "line": 220, "column": 4 },
        "end": { "line": 220, "column": 52 }
      },
      "70": {
        "start": { "line": 221, "column": 4 },
        "end": { "line": 223, "column": 6 }
      }
    },
    "fnMap": {
      "0": {
        "name": "(anonymous_8)",
        "decl": {
          "start": { "line": 5, "column": 0 },
          "end": { "line": 5, "column": 13 }
        },
        "loc": {
          "start": { "line": 5, "column": 0 },
          "end": { "line": 131, "column": 1 }
        }
      },
      "1": {
        "name": "(anonymous_9)",
        "decl": {
          "start": { "line": 14, "column": 8 },
          "end": { "line": 14, "column": 19 }
        },
        "loc": {
          "start": { "line": 14, "column": 19 },
          "end": { "line": 106, "column": null }
        }
      },
      "2": {
        "name": "(anonymous_10)",
        "decl": {
          "start": { "line": 15, "column": 4 },
          "end": { "line": 15, "column": 25 }
        },
        "loc": {
          "start": { "line": 17, "column": 30 },
          "end": { "line": 106, "column": 3 }
        }
      },
      "3": {
        "name": "(anonymous_11)",
        "decl": {
          "start": { "line": 108, "column": 10 },
          "end": { "line": 108, "column": 21 }
        },
        "loc": {
          "start": { "line": 108, "column": 36 },
          "end": { "line": 115, "column": 3 }
        }
      },
      "4": {
        "name": "(anonymous_12)",
        "decl": {
          "start": { "line": 117, "column": 2 },
          "end": { "line": 117, "column": 19 }
        },
        "loc": {
          "start": { "line": 117, "column": 36 },
          "end": { "line": 126, "column": 3 }
        }
      },
      "5": {
        "name": "(anonymous_13)",
        "decl": {
          "start": { "line": 128, "column": 8 },
          "end": { "line": 128, "column": 24 }
        },
        "loc": {
          "start": { "line": 128, "column": 41 },
          "end": { "line": 130, "column": null }
        }
      },
      "6": {
        "name": "createImageMerger",
        "decl": {
          "start": { "line": 133, "column": 16 },
          "end": { "line": 133, "column": 33 }
        },
        "loc": {
          "start": { "line": 133, "column": 33 },
          "end": { "line": 135, "column": 1 }
        }
      },
      "7": {
        "name": "mergeImages",
        "decl": {
          "start": { "line": 137, "column": 22 },
          "end": { "line": 137, "column": 33 }
        },
        "loc": {
          "start": { "line": 137, "column": 33 },
          "end": { "line": 146, "column": null }
        }
      },
      "8": {
        "name": "(anonymous_17)",
        "decl": {
          "start": { "line": 138, "column": 2 },
          "end": { "line": 138, "column": 23 }
        },
        "loc": {
          "start": { "line": 140, "column": 28 },
          "end": { "line": 146, "column": 1 }
        }
      },
      "9": {
        "name": "addWhiteBorder",
        "decl": {
          "start": { "line": 148, "column": 22 },
          "end": { "line": 148, "column": 36 }
        },
        "loc": {
          "start": { "line": 148, "column": 36 },
          "end": { "line": 225, "column": null }
        }
      },
      "10": {
        "name": "(anonymous_19)",
        "decl": {
          "start": { "line": 149, "column": 2 },
          "end": { "line": 149, "column": 23 }
        },
        "loc": {
          "start": { "line": 150, "column": 28 },
          "end": { "line": 225, "column": 1 }
        }
      }
    },
    "branchMap": {
      "0": {
        "loc": {
          "start": { "line": 17, "column": 4 },
          "end": { "line": 17, "column": 30 }
        },
        "type": "default-arg",
        "locations": [
          {
            "start": { "line": 17, "column": 28 },
            "end": { "line": 17, "column": 30 }
          }
        ]
      },
      "1": {
        "loc": {
          "start": { "line": 26, "column": 9 },
          "end": { "line": 26, "column": 32 }
        },
        "type": "binary-expr",
        "locations": [
          {
            "start": { "line": 26, "column": 9 },
            "end": { "line": 26, "column": 27 }
          },
          {
            "start": { "line": 26, "column": 31 },
            "end": { "line": 26, "column": 32 }
          }
        ]
      },
      "2": {
        "loc": {
          "start": { "line": 26, "column": 38 },
          "end": { "line": 26, "column": 62 }
        },
        "type": "binary-expr",
        "locations": [
          {
            "start": { "line": 26, "column": 38 },
            "end": { "line": 26, "column": 57 }
          },
          {
            "start": { "line": 26, "column": 61 },
            "end": { "line": 26, "column": 62 }
          }
        ]
      },
      "3": {
        "loc": {
          "start": { "line": 27, "column": 26 },
          "end": { "line": 27, "column": 50 }
        },
        "type": "cond-expr",
        "locations": [
          {
            "start": { "line": 27, "column": 40 },
            "end": { "line": 27, "column": 44 }
          },
          {
            "start": { "line": 27, "column": 47 },
            "end": { "line": 27, "column": 50 }
          }
        ]
      },
      "4": {
        "loc": {
          "start": { "line": 28, "column": 27 },
          "end": { "line": 28, "column": 51 }
        },
        "type": "cond-expr",
        "locations": [
          {
            "start": { "line": 28, "column": 41 },
            "end": { "line": 28, "column": 44 }
          },
          {
            "start": { "line": 28, "column": 47 },
            "end": { "line": 28, "column": 51 }
          }
        ]
      },
      "5": {
        "loc": {
          "start": { "line": 31, "column": 85 },
          "end": { "line": 31, "column": 123 }
        },
        "type": "cond-expr",
        "locations": [
          {
            "start": { "line": 31, "column": 99 },
            "end": { "line": 31, "column": 110 }
          },
          {
            "start": { "line": 31, "column": 113 },
            "end": { "line": 31, "column": 123 }
          }
        ]
      },
      "6": {
        "loc": {
          "start": { "line": 35, "column": 6 },
          "end": { "line": 43, "column": 7 }
        },
        "type": "if",
        "locations": [
          {
            "start": { "line": 35, "column": 6 },
            "end": { "line": 43, "column": 7 }
          }
        ]
      },
      "7": {
        "loc": {
          "start": { "line": 36, "column": 8 },
          "end": { "line": 37, "column": 44 }
        },
        "type": "binary-expr",
        "locations": [
          {
            "start": { "line": 36, "column": 8 },
            "end": { "line": 36, "column": 42 }
          },
          {
            "start": { "line": 37, "column": 8 },
            "end": { "line": 37, "column": 44 }
          }
        ]
      },
      "8": {
        "loc": {
          "start": { "line": 103, "column": 35 },
          "end": { "line": 103, "column": 91 }
        },
        "type": "cond-expr",
        "locations": [
          {
            "start": { "line": 103, "column": 60 },
            "end": { "line": 103, "column": 73 }
          },
          {
            "start": { "line": 103, "column": 76 },
            "end": { "line": 103, "column": 91 }
          }
        ]
      },
      "9": {
        "loc": {
          "start": { "line": 114, "column": 11 },
          "end": { "line": 114, "column": 42 }
        },
        "type": "binary-expr",
        "locations": [
          {
            "start": { "line": 114, "column": 11 },
            "end": { "line": 114, "column": 26 }
          },
          {
            "start": { "line": 114, "column": 30 },
            "end": { "line": 114, "column": 42 }
          }
        ]
      },
      "10": {
        "loc": {
          "start": { "line": 118, "column": 4 },
          "end": { "line": 120, "column": 5 }
        },
        "type": "if",
        "locations": [
          {
            "start": { "line": 118, "column": 4 },
            "end": { "line": 120, "column": 5 }
          }
        ]
      },
      "11": {
        "loc": {
          "start": { "line": 118, "column": 8 },
          "end": { "line": 118, "column": 44 }
        },
        "type": "binary-expr",
        "locations": [
          {
            "start": { "line": 118, "column": 8 },
            "end": { "line": 118, "column": 18 }
          },
          {
            "start": { "line": 118, "column": 22 },
            "end": { "line": 118, "column": 44 }
          }
        ]
      },
      "12": {
        "loc": {
          "start": { "line": 123, "column": 4 },
          "end": { "line": 125, "column": 5 }
        },
        "type": "if",
        "locations": [
          {
            "start": { "line": 123, "column": 4 },
            "end": { "line": 125, "column": 5 }
          }
        ]
      },
      "13": {
        "loc": {
          "start": { "line": 140, "column": 2 },
          "end": { "line": 140, "column": 28 }
        },
        "type": "default-arg",
        "locations": [
          {
            "start": { "line": 140, "column": 26 },
            "end": { "line": 140, "column": 28 }
          }
        ]
      },
      "14": {
        "loc": {
          "start": { "line": 150, "column": 2 },
          "end": { "line": 150, "column": 28 }
        },
        "type": "default-arg",
        "locations": [
          {
            "start": { "line": 150, "column": 26 },
            "end": { "line": 150, "column": 28 }
          }
        ]
      },
      "15": {
        "loc": {
          "start": { "line": 164, "column": 25 },
          "end": { "line": 164, "column": 48 }
        },
        "type": "binary-expr",
        "locations": [
          {
            "start": { "line": 164, "column": 25 },
            "end": { "line": 164, "column": 43 }
          },
          {
            "start": { "line": 164, "column": 47 },
            "end": { "line": 164, "column": 48 }
          }
        ]
      },
      "16": {
        "loc": {
          "start": { "line": 164, "column": 54 },
          "end": { "line": 164, "column": 78 }
        },
        "type": "binary-expr",
        "locations": [
          {
            "start": { "line": 164, "column": 54 },
            "end": { "line": 164, "column": 73 }
          },
          {
            "start": { "line": 164, "column": 77 },
            "end": { "line": 164, "column": 78 }
          }
        ]
      },
      "17": {
        "loc": {
          "start": { "line": 165, "column": 24 },
          "end": { "line": 165, "column": 48 }
        },
        "type": "cond-expr",
        "locations": [
          {
            "start": { "line": 165, "column": 38 },
            "end": { "line": 165, "column": 42 }
          },
          {
            "start": { "line": 165, "column": 45 },
            "end": { "line": 165, "column": 48 }
          }
        ]
      },
      "18": {
        "loc": {
          "start": { "line": 166, "column": 25 },
          "end": { "line": 166, "column": 49 }
        },
        "type": "cond-expr",
        "locations": [
          {
            "start": { "line": 166, "column": 39 },
            "end": { "line": 166, "column": 42 }
          },
          {
            "start": { "line": 166, "column": 45 },
            "end": { "line": 166, "column": 49 }
          }
        ]
      },
      "19": {
        "loc": {
          "start": { "line": 169, "column": 83 },
          "end": { "line": 169, "column": 121 }
        },
        "type": "cond-expr",
        "locations": [
          {
            "start": { "line": 169, "column": 97 },
            "end": { "line": 169, "column": 108 }
          },
          {
            "start": { "line": 169, "column": 111 },
            "end": { "line": 169, "column": 121 }
          }
        ]
      },
      "20": {
        "loc": {
          "start": { "line": 173, "column": 4 },
          "end": { "line": 181, "column": 5 }
        },
        "type": "if",
        "locations": [
          {
            "start": { "line": 173, "column": 4 },
            "end": { "line": 181, "column": 5 }
          }
        ]
      },
      "21": {
        "loc": {
          "start": { "line": 174, "column": 6 },
          "end": { "line": 175, "column": 42 }
        },
        "type": "binary-expr",
        "locations": [
          {
            "start": { "line": 174, "column": 6 },
            "end": { "line": 174, "column": 40 }
          },
          {
            "start": { "line": 175, "column": 6 },
            "end": { "line": 175, "column": 42 }
          }
        ]
      },
      "22": {
        "loc": {
          "start": { "line": 208, "column": 6 },
          "end": { "line": 212, "column": 24 }
        },
        "type": "cond-expr",
        "locations": [
          {
            "start": { "line": 209, "column": 10 },
            "end": { "line": 209, "column": 22 }
          },
          {
            "start": { "line": 210, "column": 10 },
            "end": { "line": 212, "column": 24 }
          }
        ]
      },
      "23": {
        "loc": {
          "start": { "line": 210, "column": 10 },
          "end": { "line": 212, "column": 24 }
        },
        "type": "cond-expr",
        "locations": [
          {
            "start": { "line": 211, "column": 12 },
            "end": { "line": 211, "column": 23 }
          },
          {
            "start": { "line": 212, "column": 12 },
            "end": { "line": 212, "column": 24 }
          }
        ]
      },
      "24": {
        "loc": {
          "start": { "line": 222, "column": 37 },
          "end": { "line": 222, "column": 93 }
        },
        "type": "cond-expr",
        "locations": [
          {
            "start": { "line": 222, "column": 62 },
            "end": { "line": 222, "column": 75 }
          },
          {
            "start": { "line": 222, "column": 78 },
            "end": { "line": 222, "column": 93 }
          }
        ]
      }
    },
    "s": {
      "0": 1,
      "1": 1,
      "2": 1,
      "3": 1,
      "4": 30,
      "5": 11,
      "6": 11,
      "7": 11,
      "8": 11,
      "9": 11,
      "10": 9,
      "11": 9,
      "12": 9,
      "13": 9,
      "14": 9,
      "15": 9,
      "16": 3,
      "17": 3,
      "18": 9,
      "19": 9,
      "20": 9,
      "21": 9,
      "22": 9,
      "23": 9,
      "24": 9,
      "25": 9,
      "26": 9,
      "27": 9,
      "28": 9,
      "29": 9,
      "30": 9,
      "31": 2,
      "32": 2,
      "33": 9,
      "34": 9,
      "35": 17,
      "36": 3,
      "37": 14,
      "38": 14,
      "39": 5,
      "40": 1,
      "41": 1,
      "42": 11,
      "43": 6,
      "44": 6,
      "45": 6,
      "46": 4,
      "47": 2,
      "48": 14,
      "49": 14,
      "50": 14,
      "51": 14,
      "52": 14,
      "53": 12,
      "54": 12,
      "55": 12,
      "56": 12,
      "57": 12,
      "58": 12,
      "59": 3,
      "60": 3,
      "61": 12,
      "62": 12,
      "63": 12,
      "64": 12,
      "65": 12,
      "66": 12,
      "67": 12,
      "68": 12,
      "69": 2,
      "70": 2
    },
    "f": {
      "0": 30,
      "1": 11,
      "2": 11,
      "3": 9,
      "4": 17,
      "5": 1,
      "6": 11,
      "7": 6,
      "8": 6,
      "9": 14,
      "10": 14
    },
    "b": {
      "0": [8],
      "1": [9, 1],
      "2": [9, 1],
      "3": [7, 2],
      "4": [7, 2],
      "5": [7, 2],
      "6": [3],
      "7": [9, 6],
      "8": [1, 1],
      "9": [9, 1],
      "10": [3],
      "11": [17, 17],
      "12": [5],
      "13": [5],
      "14": [8],
      "15": [12, 1],
      "16": [12, 1],
      "17": [10, 2],
      "18": [10, 2],
      "19": [10, 2],
      "20": [3],
      "21": [12, 9],
      "22": [10, 2],
      "23": [1, 1],
      "24": [1, 1]
    }
  },
  "D:\\OneDrive\\Root\\My Study Life\\Unimelb\\Year 3\\Semester 2\\IT Project\\Project\\Gen-AI-Photobooth\\server\\utils\\image\\logo.utils.ts": {
    "path": "D:\\OneDrive\\Root\\My Study Life\\Unimelb\\Year 3\\Semester 2\\IT Project\\Project\\Gen-AI-Photobooth\\server\\utils\\image\\logo.utils.ts",
    "statementMap": {
      "0": {
        "start": { "line": 5, "column": 0 },
        "end": { "line": 5, "column": 22 }
      },
      "1": {
        "start": { "line": 37, "column": 0 },
        "end": { "line": 37, "column": 16 }
      },
      "2": {
        "start": { "line": 1, "column": 0 },
        "end": { "line": 1, "column": 54 }
      },
      "3": {
        "start": { "line": 2, "column": 0 },
        "end": { "line": 2, "column": 70 }
      },
      "4": {
        "start": { "line": 6, "column": 2 },
        "end": { "line": 34, "column": 3 }
      },
      "5": {
        "start": { "line": 7, "column": 21 },
        "end": { "line": 7, "column": 40 }
      },
      "6": {
        "start": { "line": 8, "column": 19 },
        "end": { "line": 8, "column": 37 }
      },
      "7": {
        "start": { "line": 10, "column": 28 },
        "end": { "line": 12, "column": 24 }
      },
      "8": {
        "start": { "line": 14, "column": 4 },
        "end": { "line": 18, "column": 5 }
      },
      "9": {
        "start": { "line": 15, "column": 6 },
        "end": { "line": 17, "column": 8 }
      },
      "10": {
        "start": { "line": 20, "column": 24 },
        "end": { "line": 20, "column": 48 }
      },
      "11": {
        "start": { "line": 21, "column": 19 },
        "end": { "line": 21, "column": 43 }
      },
      "12": {
        "start": { "line": 23, "column": 4 },
        "end": { "line": 28, "column": 6 }
      },
      "13": {
        "start": { "line": 30, "column": 4 },
        "end": { "line": 30, "column": 58 }
      },
      "14": {
        "start": { "line": 31, "column": 4 },
        "end": { "line": 33, "column": 6 }
      },
      "15": {
        "start": { "line": 38, "column": 2 },
        "end": { "line": 38, "column": 50 }
      }
    },
    "fnMap": {
      "0": {
        "name": "downloadEventLogo",
        "decl": {
          "start": { "line": 5, "column": 22 },
          "end": { "line": 5, "column": 39 }
        },
        "loc": {
          "start": { "line": 5, "column": 55 },
          "end": { "line": 35, "column": null }
        }
      },
      "1": {
        "name": "hasEventLogo",
        "decl": {
          "start": { "line": 37, "column": 16 },
          "end": { "line": 37, "column": 28 }
        },
        "loc": {
          "start": { "line": 37, "column": 63 },
          "end": { "line": 39, "column": 1 }
        }
      }
    },
    "branchMap": {
      "0": {
        "loc": {
          "start": { "line": 14, "column": 4 },
          "end": { "line": 18, "column": 5 }
        },
        "type": "if",
        "locations": [
          {
            "start": { "line": 14, "column": 4 },
            "end": { "line": 18, "column": 5 }
          }
        ]
      },
      "1": {
        "loc": {
          "start": { "line": 14, "column": 8 },
          "end": { "line": 14, "column": 22 }
        },
        "type": "binary-expr",
        "locations": [
          {
            "start": { "line": 14, "column": 8 },
            "end": { "line": 14, "column": 13 }
          },
          {
            "start": { "line": 14, "column": 17 },
            "end": { "line": 14, "column": 22 }
          }
        ]
      },
      "2": {
        "loc": {
          "start": { "line": 16, "column": 36 },
          "end": { "line": 16, "column": 70 }
        },
        "type": "binary-expr",
        "locations": [
          {
            "start": { "line": 16, "column": 36 },
            "end": { "line": 16, "column": 50 }
          },
          {
            "start": { "line": 16, "column": 54 },
            "end": { "line": 16, "column": 70 }
          }
        ]
      },
      "3": {
        "loc": {
          "start": { "line": 16, "column": 36 },
          "end": { "line": 16, "column": 50 }
        },
        "type": "cond-expr",
        "locations": [
          {
            "start": { "line": 16, "column": 41 },
            "end": { "line": 16, "column": 43 }
          },
          {
            "start": { "line": 16, "column": 36 },
            "end": { "line": 16, "column": 50 }
          }
        ]
      },
      "4": {
        "loc": {
          "start": { "line": 16, "column": 36 },
          "end": { "line": 16, "column": 43 }
        },
        "type": "binary-expr",
        "locations": [
          {
            "start": { "line": 16, "column": 36 },
            "end": { "line": 16, "column": 43 }
          },
          {
            "start": { "line": 16, "column": 36 },
            "end": { "line": 16, "column": 43 }
          }
        ]
      },
      "5": {
        "loc": {
          "start": { "line": 25, "column": 12 },
          "end": { "line": 25, "column": 36 }
        },
        "type": "binary-expr",
        "locations": [
          {
            "start": { "line": 25, "column": 12 },
            "end": { "line": 25, "column": 21 }
          },
          {
            "start": { "line": 25, "column": 25 },
            "end": { "line": 25, "column": 36 }
          }
        ]
      },
      "6": {
        "loc": {
          "start": { "line": 32, "column": 31 },
          "end": { "line": 32, "column": 87 }
        },
        "type": "cond-expr",
        "locations": [
          {
            "start": { "line": 32, "column": 56 },
            "end": { "line": 32, "column": 69 }
          },
          {
            "start": { "line": 32, "column": 72 },
            "end": { "line": 32, "column": 87 }
          }
        ]
      },
      "7": {
        "loc": {
          "start": { "line": 38, "column": 12 },
          "end": { "line": 38, "column": 48 }
        },
        "type": "binary-expr",
        "locations": [
          {
            "start": { "line": 38, "column": 12 },
            "end": { "line": 38, "column": 19 }
          },
          {
            "start": { "line": 38, "column": 23 },
            "end": { "line": 38, "column": 48 }
          }
        ]
      }
    },
    "s": {
      "0": 1,
      "1": 1,
      "2": 1,
      "3": 1,
      "4": 8,
      "5": 8,
      "6": 7,
      "7": 7,
      "8": 7,
      "9": 2,
      "10": 5,
      "11": 5,
      "12": 5,
      "13": 3,
      "14": 3,
      "15": 20
    },
    "f": { "0": 8, "1": 20 },
    "b": {
      "0": [2],
      "1": [7, 6],
      "2": [2, 1],
      "3": [1, 1],
      "4": [2, 1],
      "5": [5, 1],
      "6": [2, 1],
      "7": [20, 15]
    }
  },
  "D:\\OneDrive\\Root\\My Study Life\\Unimelb\\Year 3\\Semester 2\\IT Project\\Project\\Gen-AI-Photobooth\\server\\utils\\storage\\path.utils.ts": {
    "path": "D:\\OneDrive\\Root\\My Study Life\\Unimelb\\Year 3\\Semester 2\\IT Project\\Project\\Gen-AI-Photobooth\\server\\utils\\storage\\path.utils.ts",
    "statementMap": {
      "0": {
        "start": { "line": 6, "column": 0 },
        "end": { "line": 6, "column": 16 }
      },
      "1": {
        "start": { "line": 22, "column": 0 },
        "end": { "line": 22, "column": 16 }
      },
      "2": {
        "start": { "line": 37, "column": 0 },
        "end": { "line": 37, "column": 16 }
      },
      "3": {
        "start": { "line": 56, "column": 0 },
        "end": { "line": 56, "column": 16 }
      },
      "4": {
        "start": { "line": 77, "column": 0 },
        "end": { "line": 77, "column": 16 }
      },
      "5": {
        "start": { "line": 86, "column": 0 },
        "end": { "line": 86, "column": 16 }
      },
      "6": {
        "start": { "line": 2, "column": 0 },
        "end": { "line": 2, "column": 57 }
      },
      "7": {
        "start": { "line": 3, "column": 0 },
        "end": { "line": 3, "column": 42 }
      },
      "8": {
        "start": { "line": 4, "column": 0 },
        "end": { "line": 4, "column": 49 }
      },
      "9": {
        "start": { "line": 11, "column": 13 },
        "end": { "line": 11, "column": 21 }
      },
      "10": {
        "start": { "line": 13, "column": 2 },
        "end": { "line": 15, "column": 5 }
      },
      "11": {
        "start": { "line": 14, "column": 4 },
        "end": { "line": 14, "column": 43 }
      },
      "12": {
        "start": { "line": 17, "column": 14 },
        "end": { "line": 17, "column": 36 }
      },
      "13": {
        "start": { "line": 18, "column": 2 },
        "end": { "line": 18, "column": 36 }
      },
      "14": {
        "start": { "line": 19, "column": 2 },
        "end": { "line": 19, "column": 14 }
      },
      "15": {
        "start": { "line": 27, "column": 2 },
        "end": { "line": 34, "column": 4 }
      },
      "16": {
        "start": { "line": 44, "column": 2 },
        "end": { "line": 53, "column": 4 }
      },
      "17": {
        "start": { "line": 64, "column": 2 },
        "end": { "line": 74, "column": 4 }
      },
      "18": {
        "start": { "line": 78, "column": 2 },
        "end": { "line": 83, "column": 3 }
      },
      "19": {
        "start": { "line": 79, "column": 4 },
        "end": { "line": 79, "column": 35 }
      },
      "20": {
        "start": { "line": 81, "column": 4 },
        "end": { "line": 81, "column": 58 }
      },
      "21": {
        "start": { "line": 82, "column": 4 },
        "end": { "line": 82, "column": 24 }
      },
      "22": {
        "start": { "line": 87, "column": 17 },
        "end": { "line": 87, "column": 35 }
      },
      "23": {
        "start": { "line": 88, "column": 2 },
        "end": { "line": 88, "column": 69 }
      }
    },
    "fnMap": {
      "0": {
        "name": "generateFilePath",
        "decl": {
          "start": { "line": 6, "column": 16 },
          "end": { "line": 6, "column": 32 }
        },
        "loc": {
          "start": { "line": 9, "column": 18 },
          "end": { "line": 20, "column": 1 }
        }
      },
      "1": {
        "name": "(anonymous_1)",
        "decl": {
          "start": { "line": 13, "column": 33 },
          "end": { "line": 13, "column": 34 }
        },
        "loc": {
          "start": { "line": 13, "column": 50 },
          "end": { "line": 15, "column": 3 }
        }
      },
      "2": {
        "name": "generateLogoPath",
        "decl": {
          "start": { "line": 22, "column": 16 },
          "end": { "line": 22, "column": 32 }
        },
        "loc": {
          "start": { "line": 25, "column": 18 },
          "end": { "line": 35, "column": 1 }
        }
      },
      "3": {
        "name": "generatePhotoPath",
        "decl": {
          "start": { "line": 37, "column": 16 },
          "end": { "line": 37, "column": 33 }
        },
        "loc": {
          "start": { "line": 42, "column": 18 },
          "end": { "line": 54, "column": 1 }
        }
      },
      "4": {
        "name": "generateAIPhotoPath",
        "decl": {
          "start": { "line": 56, "column": 16 },
          "end": { "line": 56, "column": 35 }
        },
        "loc": {
          "start": { "line": 62, "column": 18 },
          "end": { "line": 75, "column": 1 }
        }
      },
      "5": {
        "name": "getStorageBucket",
        "decl": {
          "start": { "line": 77, "column": 16 },
          "end": { "line": 77, "column": 32 }
        },
        "loc": {
          "start": { "line": 77, "column": 32 },
          "end": { "line": 84, "column": 1 }
        }
      },
      "6": {
        "name": "generatePublicUrl",
        "decl": {
          "start": { "line": 86, "column": 16 },
          "end": { "line": 86, "column": 33 }
        },
        "loc": {
          "start": { "line": 86, "column": 67 },
          "end": { "line": 89, "column": 1 }
        }
      }
    },
    "branchMap": {},
    "s": {
      "0": 1,
      "1": 1,
      "2": 1,
      "3": 1,
      "4": 1,
      "5": 1,
      "6": 1,
      "7": 1,
      "8": 1,
      "9": 18,
      "10": 18,
      "11": 60,
      "12": 18,
      "13": 18,
      "14": 18,
      "15": 4,
      "16": 4,
      "17": 5,
      "18": 13,
      "19": 13,
      "20": 2,
      "21": 2,
      "22": 9,
      "23": 9
    },
    "f": { "0": 18, "1": 60, "2": 4, "3": 4, "4": 5, "5": 13, "6": 9 },
    "b": {}
  },
  "D:\\OneDrive\\Root\\My Study Life\\Unimelb\\Year 3\\Semester 2\\IT Project\\Project\\Gen-AI-Photobooth\\server\\utils\\storage\\upload.utils.ts": {
    "path": "D:\\OneDrive\\Root\\My Study Life\\Unimelb\\Year 3\\Semester 2\\IT Project\\Project\\Gen-AI-Photobooth\\server\\utils\\storage\\upload.utils.ts",
    "statementMap": {
      "0": {
        "start": { "line": 11, "column": 0 },
        "end": { "line": 11, "column": 22 }
      },
      "1": {
        "start": { "line": 41, "column": 0 },
[...]
          },
          {
            "start": { "line": 113, "column": 56 },
            "end": { "line": 113, "column": 58 }
          }
        ]
      },
      "12": {
        "loc": {
          "start": { "line": 114, "column": 17 },
          "end": { "line": 114, "column": 70 }
        },
        "type": "binary-expr",
        "locations": [
          {
            "start": { "line": 114, "column": 17 },
            "end": { "line": 114, "column": 40 }
          },
          {
            "start": { "line": 114, "column": 44 },
            "end": { "line": 114, "column": 70 }
          }
        ]
      },
      "13": {
        "loc": {
          "start": { "line": 114, "column": 17 },
          "end": { "line": 114, "column": 40 }
        },
        "type": "cond-expr",
        "locations": [
          {
            "start": { "line": 114, "column": 30 },
            "end": { "line": 114, "column": 32 }
          },
          {
            "start": { "line": 114, "column": 30 },
            "end": { "line": 114, "column": 40 }
          }
        ]
      },
      "14": {
        "loc": {
          "start": { "line": 114, "column": 17 },
          "end": { "line": 114, "column": 32 }
        },
        "type": "binary-expr",
        "locations": [
          {
            "start": { "line": 114, "column": 17 },
            "end": { "line": 114, "column": 32 }
          },
          {
            "start": { "line": 114, "column": 30 },
            "end": { "line": 114, "column": 32 }
          }
        ]
      }
    },
    "s": {
      "0": 1,
      "1": 1,
      "2": 1,
      "3": 1,
      "4": 1,
      "5": 1,
      "6": 1,
      "7": 1,
      "8": 8,
      "9": 8,
      "10": 8,
      "11": 3,
      "12": 3,
      "13": 5,
      "14": 3,
      "15": 2,
      "16": 2,
      "17": 4,
      "18": 4,
      "19": 2,
      "20": 7,
      "21": 7,
      "22": 1,
      "23": 6,
      "24": 10,
      "25": 10,
      "26": 3,
      "27": 7,
      "28": 7
    },
    "f": { "0": 8, "1": 3, "2": 4, "3": 7, "4": 10 },
    "b": {
      "0": [6],
      "1": [6],
      "2": [3],
      "3": [2],
      "4": [1],
      "5": [6, 6],
      "6": [3],
      "7": [10, 9, 8],
      "8": [7, 3],
      "9": [1, 6],
      "10": [7, 7],
      "11": [7, 2, 1],
      "12": [7, 5],
      "13": [1, 6],
      "14": [7, 7]
    }
  },
  "D:\\OneDrive\\Root\\My Study Life\\Unimelb\\Year 3\\Semester 2\\IT Project\\Project\\Gen-AI-Photobooth\\server\\utils\\storage\\validation.utils.ts": {
    "path": "D:\\OneDrive\\Root\\My Study Life\\Unimelb\\Year 3\\Semester 2\\IT Project\\Project\\Gen-AI-Photobooth\\server\\utils\\storage\\validation.utils.ts",
    "statementMap": {
      "0": {
        "start": { "line": 15, "column": 0 },
        "end": { "line": 15, "column": 16 }
      },
      "1": {
        "start": { "line": 23, "column": 0 },
        "end": { "line": 23, "column": 16 }
      },
      "2": {
        "start": { "line": 28, "column": 0 },
        "end": { "line": 28, "column": 16 }
      },
      "3": {
        "start": { "line": 47, "column": 0 },
        "end": { "line": 47, "column": 16 }
      },
      "4": {
        "start": { "line": 68, "column": 0 },
        "end": { "line": 68, "column": 16 }
      },
      "5": {
        "start": { "line": 80, "column": 0 },
        "end": { "line": 80, "column": 16 }
      },
      "6": {
        "start": { "line": 90, "column": 0 },
        "end": { "line": 90, "column": 16 }
      },
      "7": {
        "start": { "line": 6, "column": 0 },
        "end": { "line": 6, "column": null }
      },
      "8": {
        "start": { "line": 12, "column": 0 },
        "end": { "line": 12, "column": 59 }
      },
      "9": {
        "start": { "line": 13, "column": 0 },
        "end": { "line": 13, "column": 56 }
      },
      "10": {
        "start": { "line": 19, "column": 14 },
        "end": { "line": 19, "column": 61 }
      },
      "11": {
        "start": { "line": 20, "column": 2 },
        "end": { "line": 20, "column": 35 }
      },
      "12": {
        "start": { "line": 24, "column": 14 },
        "end": { "line": 24, "column": 39 }
      },
      "13": {
        "start": { "line": 25, "column": 2 },
        "end": { "line": 25, "column": 35 }
      },
      "14": {
        "start": { "line": 29, "column": 2 },
        "end": { "line": 31, "column": 3 }
      },
      "15": {
        "start": { "line": 30, "column": 4 },
        "end": { "line": 30, "column": 16 }
      },
      "16": {
        "start": { "line": 33, "column": 15 },
        "end": { "line": 35, "column": 64 }
      },
      "17": {
        "start": { "line": 37, "column": 15 },
        "end": { "line": 37, "column": 72 }
      },
      "18": {
        "start": { "line": 39, "column": 2 },
        "end": { "line": 44, "column": 4 }
      },
      "19": {
        "start": { "line": 51, "column": 19 },
        "end": { "line": 51, "column": 40 }
      },
      "20": {
        "start": { "line": 53, "column": 2 },
        "end": { "line": 58, "column": 3 }
      },
      "21": {
        "start": { "line": 54, "column": 4 },
        "end": { "line": 57, "column": 6 }
      },
      "22": {
        "start": { "line": 60, "column": 2 },
        "end": { "line": 65, "column": 3 }
      },
      "23": {
        "start": { "line": 61, "column": 4 },
        "end": { "line": 64, "column": 6 }
      },
      "24": {
        "start": { "line": 72, "column": 2 },
        "end": { "line": 77, "column": 3 }
      },
      "25": {
        "start": { "line": 73, "column": 4 },
        "end": { "line": 76, "column": 6 }
      },
      "26": {
        "start": { "line": 81, "column": 2 },
        "end": { "line": 87, "column": 3 }
      },
      "27": {
        "start": { "line": 82, "column": 22 },
        "end": { "line": 82, "column": 57 }
      },
      "28": {
        "start": { "line": 83, "column": 4 },
        "end": { "line": 86, "column": 6 }
      },
      "29": {
        "start": { "line": 94, "column": 21 },
        "end": { "line": 94, "column": 56 }
      },
      "30": {
        "start": { "line": 95, "column": 20 },
        "end": { "line": 95, "column": 53 }
      },
      "31": {
        "start": { "line": 96, "column": 18 },
        "end": { "line": 96, "column": 50 }
      },
      "32": {
        "start": { "line": 97, "column": 2 },
        "end": { "line": 97, "column": 46 }
      },
      "33": {
        "start": { "line": 98, "column": 2 },
        "end": { "line": 98, "column": 42 }
      },
      "34": {
        "start": { "line": 99, "column": 2 },
        "end": { "line": 99, "column": 39 }
      },
      "35": {
        "start": { "line": 103, "column": 2 },
        "end": { "line": 112, "column": 4 }
      }
    },
    "fnMap": {
      "0": {
        "name": "inferMimeFromFilename",
        "decl": {
          "start": { "line": 15, "column": 16 },
          "end": { "line": 15, "column": 37 }
        },
        "loc": {
          "start": { "line": 17, "column": 25 },
          "end": { "line": 21, "column": 1 }
        }
      },
      "1": {
        "name": "getExtLower",
        "decl": {
          "start": { "line": 23, "column": 16 },
          "end": { "line": 23, "column": 27 }
        },
        "loc": {
          "start": { "line": 23, "column": 44 },
          "end": { "line": 26, "column": 1 }
        }
      },
      "2": {
        "name": "normalizeFilePart",
        "decl": {
          "start": { "line": 28, "column": 16 },
          "end": { "line": 28, "column": 33 }
        },
        "loc": {
          "start": { "line": 28, "column": 52 },
          "end": { "line": 45, "column": 1 }
        }
      },
      "3": {
        "name": "validateFileExtension",
        "decl": {
          "start": { "line": 47, "column": 16 },
          "end": { "line": 47, "column": 37 }
        },
        "loc": {
          "start": { "line": 49, "column": 23 },
          "end": { "line": 66, "column": 1 }
        }
      },
      "4": {
        "name": "validateFileType",
        "decl": {
          "start": { "line": 68, "column": 16 },
          "end": { "line": 68, "column": 32 }
        },
        "loc": {
          "start": { "line": 70, "column": 24 },
          "end": { "line": 78, "column": 1 }
        }
      },
      "5": {
        "name": "validateFileSize",
        "decl": {
          "start": { "line": 80, "column": 16 },
          "end": { "line": 80, "column": 32 }
        },
        "loc": {
          "start": { "line": 80, "column": 62 },
          "end": { "line": 88, "column": 1 }
        }
      },
      "6": {
        "name": "validateFileOrThrow",
        "decl": {
          "start": { "line": 90, "column": 16 },
          "end": { "line": 90, "column": 35 }
        },
        "loc": {
          "start": { "line": 92, "column": 33 },
          "end": { "line": 100, "column": 1 }
        }
      },
      "7": {
        "name": "createH3ValidationError",
        "decl": {
          "start": { "line": 102, "column": 9 },
          "end": { "line": 102, "column": 32 }
        },
        "loc": {
          "start": { "line": 102, "column": 62 },
          "end": { "line": 113, "column": 1 }
        }
      }
    },
    "branchMap": {
      "0": {
        "loc": {
          "start": { "line": 17, "column": 2 },
          "end": { "line": 17, "column": 25 }
        },
        "type": "default-arg",
        "locations": [
          {
            "start": { "line": 17, "column": 13 },
            "end": { "line": 17, "column": 25 }
          }
        ]
      },
      "1": {
        "loc": {
          "start": { "line": 19, "column": 15 },
          "end": { "line": 19, "column": 46 }
        },
        "type": "binary-expr",
        "locations": [
          {
            "start": { "line": 19, "column": 15 },
            "end": { "line": 19, "column": 40 }
          },
          {
            "start": { "line": 19, "column": 44 },
            "end": { "line": 19, "column": 46 }
          }
        ]
      },
      "2": {
        "loc": {
          "start": { "line": 20, "column": 9 },
          "end": { "line": 20, "column": 34 }
        },
        "type": "binary-expr",
        "locations": [
          {
            "start": { "line": 20, "column": 9 },
            "end": { "line": 20, "column": 22 }
          },
          {
            "start": { "line": 20, "column": 26 },
            "end": { "line": 20, "column": 34 }
          }
        ]
      },
      "3": {
        "loc": {
          "start": { "line": 25, "column": 10 },
          "end": { "line": 25, "column": 19 }
        },
        "type": "binary-expr",
        "locations": [
          {
            "start": { "line": 25, "column": 10 },
            "end": { "line": 25, "column": 13 }
          },
          {
            "start": { "line": 25, "column": 17 },
            "end": { "line": 25, "column": 19 }
          }
        ]
      },
      "4": {
        "loc": {
          "start": { "line": 29, "column": 2 },
          "end": { "line": 31, "column": 3 }
        },
        "type": "if",
        "locations": [
          {
            "start": { "line": 29, "column": 2 },
            "end": { "line": 31, "column": 3 }
          }
        ]
      },
      "5": {
        "loc": {
          "start": { "line": 29, "column": 6 },
          "end": { "line": 29, "column": 46 }
        },
        "type": "binary-expr",
        "locations": [
          {
            "start": { "line": 29, "column": 6 },
            "end": { "line": 29, "column": 29 }
          },
          {
            "start": { "line": 29, "column": 29 },
            "end": { "line": 29, "column": 46 }
          }
        ]
      },
      "6": {
        "loc": {
          "start": { "line": 29, "column": 7 },
          "end": { "line": 29, "column": 25 }
        },
        "type": "cond-expr",
        "locations": [
          {
            "start": { "line": 29, "column": 15 },
            "end": { "line": 29, "column": 17 }
          },
          {
            "start": { "line": 29, "column": 7 },
            "end": { "line": 29, "column": 25 }
          }
        ]
      },
      "7": {
        "loc": {
          "start": { "line": 29, "column": 7 },
          "end": { "line": 29, "column": 17 }
        },
        "type": "binary-expr",
        "locations": [
          {
            "start": { "line": 29, "column": 7 },
            "end": { "line": 29, "column": 17 }
          },
          {
            "start": { "line": 29, "column": 7 },
            "end": { "line": 29, "column": 17 }
          }
        ]
      },
      "8": {
        "loc": {
          "start": { "line": 29, "column": 30 },
          "end": { "line": 29, "column": 44 }
        },
        "type": "cond-expr",
        "locations": [
          {
            "start": { "line": 29, "column": 38 },
            "end": { "line": 29, "column": 40 }
          },
          {
            "start": { "line": 29, "column": 30 },
            "end": { "line": 29, "column": 44 }
          }
        ]
      },
      "9": {
        "loc": {
          "start": { "line": 29, "column": 30 },
          "end": { "line": 29, "column": 40 }
        },
        "type": "binary-expr",
        "locations": [
          {
            "start": { "line": 29, "column": 30 },
            "end": { "line": 29, "column": 40 }
          },
          {
            "start": { "line": 29, "column": 30 },
            "end": { "line": 29, "column": 40 }
          }
        ]
      },
      "10": {
        "loc": {
          "start": { "line": 33, "column": 15 },
          "end": { "line": 35, "column": 64 }
        },
        "type": "cond-expr",
        "locations": [
          {
            "start": { "line": 34, "column": 6 },
            "end": { "line": 34, "column": 19 }
          },
          {
            "start": { "line": 35, "column": 6 },
            "end": { "line": 35, "column": 64 }
          }
        ]
      },
      "11": {
        "loc": {
          "start": { "line": 37, "column": 15 },
          "end": { "line": 37, "column": 72 }
        },
        "type": "binary-expr",
        "locations": [
          {
            "start": { "line": 37, "column": 15 },
            "end": { "line": 37, "column": 28 }
          },
          {
            "start": { "line": 37, "column": 32 },
            "end": { "line": 37, "column": 72 }
          }
        ]
      },
      "12": {
        "loc": {
          "start": { "line": 53, "column": 2 },
          "end": { "line": 58, "column": 3 }
        },
        "type": "if",
        "locations": [
          {
            "start": { "line": 53, "column": 2 },
            "end": { "line": 58, "column": 3 }
          }
        ]
      },
      "13": {
        "loc": {
          "start": { "line": 60, "column": 2 },
          "end": { "line": 65, "column": 3 }
        },
        "type": "if",
        "locations": [
          {
            "start": { "line": 60, "column": 2 },
            "end": { "line": 65, "column": 3 }
          }
        ]
      },
      "14": {
        "loc": {
          "start": { "line": 72, "column": 2 },
          "end": { "line": 77, "column": 3 }
        },
        "type": "if",
        "locations": [
          {
            "start": { "line": 72, "column": 2 },
            "end": { "line": 77, "column": 3 }
          }
        ]
      },
      "15": {
        "loc": {
          "start": { "line": 81, "column": 2 },
          "end": { "line": 87, "column": 3 }
        },
        "type": "if",
        "locations": [
          {
            "start": { "line": 81, "column": 2 },
            "end": { "line": 87, "column": 3 }
          }
        ]
      },
      "16": {
        "loc": {
          "start": { "line": 92, "column": 2 },
          "end": { "line": 92, "column": 33 }
        },
        "type": "default-arg",
        "locations": [
          {
            "start": { "line": 92, "column": 31 },
            "end": { "line": 92, "column": 33 }
          }
        ]
      },
      "17": {
        "loc": {
          "start": { "line": 94, "column": 21 },
          "end": { "line": 94, "column": 56 }
        },
        "type": "cond-expr",
        "locations": [
          {
            "start": { "line": 94, "column": 39 },
            "end": { "line": 94, "column": 43 }
          },
          {
            "start": { "line": 94, "column": 43 },
            "end": { "line": 94, "column": 56 }
          }
        ]
      },
      "18": {
        "loc": {
          "start": { "line": 94, "column": 21 },
          "end": { "line": 94, "column": 43 }
        },
        "type": "binary-expr",
        "locations": [
          {
            "start": { "line": 94, "column": 21 },
            "end": { "line": 94, "column": 43 }
          },
          {
            "start": { "line": 94, "column": 39 },
            "end": { "line": 94, "column": 43 }
          }
        ]
      },
      "19": {
        "loc": {
          "start": { "line": 95, "column": 20 },
          "end": { "line": 95, "column": 53 }
        },
        "type": "cond-expr",
        "locations": [
          {
            "start": { "line": 95, "column": 37 },
            "end": { "line": 95, "column": 41 }
          },
          {
            "start": { "line": 95, "column": 41 },
            "end": { "line": 95, "column": 53 }
          }
        ]
      },
      "20": {
        "loc": {
          "start": { "line": 95, "column": 20 },
          "end": { "line": 95, "column": 41 }
        },
        "type": "binary-expr",
        "locations": [
          {
            "start": { "line": 95, "column": 20 },
            "end": { "line": 95, "column": 41 }
          },
          {
            "start": { "line": 95, "column": 37 },
            "end": { "line": 95, "column": 41 }
          }
        ]
      },
      "21": {
        "loc": {
          "start": { "line": 96, "column": 18 },
          "end": { "line": 96, "column": 50 }
        },
        "type": "cond-expr",
        "locations": [
          {
            "start": { "line": 96, "column": 33 },
            "end": { "line": 96, "column": 37 }
          },
          {
            "start": { "line": 96, "column": 37 },
            "end": { "line": 96, "column": 50 }
          }
        ]
      },
      "22": {
        "loc": {
          "start": { "line": 96, "column": 18 },
          "end": { "line": 96, "column": 37 }
        },
        "type": "binary-expr",
        "locations": [
          {
            "start": { "line": 96, "column": 18 },
            "end": { "line": 96, "column": 37 }
          },
          {
            "start": { "line": 96, "column": 33 },
            "end": { "line": 96, "column": 37 }
          }
        ]
      }
    },
    "s": {
      "0": 1,
      "1": 1,
      "2": 1,
      "3": 1,
      "4": 1,
      "5": 1,
      "6": 1,
      "7": 1,
      "8": 1,
      "9": 1,
      "10": 17,
      "11": 17,
      "12": 31,
      "13": 31,
      "14": 16,
      "15": 12,
      "16": 4,
      "17": 4,
      "18": 4,
      "19": 24,
      "20": 24,
      "21": 1,
      "22": 23,
      "23": 7,
      "24": 17,
      "25": 3,
      "26": 18,
      "27": 5,
      "28": 5,
      "29": 18,
      "30": 18,
      "31": 18,
      "32": 18,
      "33": 13,
      "34": 12,
      "35": 16
    },
    "f": {
      "0": 17,
      "1": 31,
      "2": 16,
      "3": 24,
      "4": 17,
      "5": 18,
      "6": 18,
      "7": 16
    },
    "b": {
      "0": [16],
      "1": [17, 2],
      "2": [17, 7],
      "3": [31, 3],
      "4": [12],
      "5": [16, 9],
      "6": [2, 14],
      "7": [16, 15],
      "8": [0, 9],
      "9": [9, 9],
      "10": [2, 2],
      "11": [4, 3],
      "12": [1],
      "13": [7],
      "14": [3],
      "15": [5],
      "16": [12],
      "17": [2, 16],
      "18": [18, 18],
      "19": [2, 16],
      "20": [18, 18],
      "21": [3, 15],
      "22": [18, 18]
    }
  }
}
