TN:
SF:server\utils\auth\auth-guard.utils.ts
FN:15,(anonymous_7)
FN:15,(anonymous_8)
FN:55,(anonymous_9)
FN:73,(anonymous_10)
FN:75,(anonymous_11)
FNF:5
FNH:5
FNDA:13,(anonymous_7)
FNDA:13,(anonymous_8)
FNDA:6,(anonymous_9)
FNDA:2,(anonymous_10)
FNDA:2,(anonymous_11)
DA:1,1
DA:2,1
DA:4,1
DA:5,1
DA:15,13
DA:16,13
DA:18,13
DA:19,2
DA:25,11
DA:26,11
DA:27,11
DA:31,11
DA:33,9
DA:34,4
DA:35,4
DA:41,5
DA:50,5
DA:52,5
DA:55,6
DA:56,6
DA:60,6
DA:61,5
DA:65,1
DA:73,1
DA:75,2
DA:76,2
DA:77,2
DA:79,1
LF:28
LH:28
BRDA:18,0,0,2
BRDA:18,1,0,13
BRDA:18,1,1,12
BRDA:33,2,0,4
BRDA:33,3,0,9
BRDA:33,3,1,6
BRDA:36,4,0,4
BRDA:36,4,1,1
BRDA:43,5,0,5
BRDA:43,5,1,2
BRDA:44,6,0,5
BRDA:44,6,1,2
BRDA:45,7,0,5
BRDA:45,7,1,2
BRDA:46,8,0,5
BRDA:46,8,1,2
BRDA:56,9,0,6
BRDA:56,9,1,6
BRDA:56,9,2,6
BRDA:60,10,0,5
BRDA:60,11,0,6
BRDA:60,11,1,5
BRF:22
BRH:22
end_of_record
TN:
SF:server\utils\auth\error-handler.utils.ts
FN:10,(anonymous_0)
FN:12,(anonymous_1)
FN:91,(anonymous_2)
FN:108,(anonymous_3)
FN:123,(anonymous_4)
FNF:5
FNH:5
FNDA:24,(anonymous_0)
FNDA:24,(anonymous_1)
FNDA:38,(anonymous_2)
FNDA:38,(anonymous_3)
FNDA:30,(anonymous_4)
DA:1,1
DA:10,1
DA:12,24
DA:13,24
DA:15,24
DA:17,24
DA:24,24
DA:26,5
DA:33,1
DA:40,1
DA:47,1
DA:54,1
DA:62,2
DA:71,2
DA:79,1
DA:86,10
DA:91,1
DA:92,38
DA:93,7
DA:96,31
DA:97,16
DA:100,15
DA:101,15
DA:102,3
DA:104,12
DA:108,1
DA:110,38
DA:112,10
DA:113,8
DA:114,8
DA:123,30
DA:124,30
DA:127,30
DA:129,30
LF:34
LH:34
BRDA:13,0,0,24
BRDA:13,0,1,20
BRDA:15,1,0,19
BRDA:15,1,1,5
BRDA:18,2,0,24
BRDA:18,2,1,9
BRDA:18,2,2,7
BRDA:19,3,0,24
BRDA:19,3,1,7
BRDA:24,4,0,5
BRDA:24,4,1,1
BRDA:24,4,2,1
BRDA:24,4,3,1
BRDA:24,4,4,1
BRDA:24,4,5,1
BRDA:24,4,6,2
BRDA:24,4,7,1
BRDA:24,4,8,2
BRDA:24,4,9,1
BRDA:24,4,10,10
BRDA:24,5,0,24
BRDA:24,5,1,9
BRDA:92,6,0,7
BRDA:92,7,0,38
BRDA:92,7,1,32
BRDA:96,8,0,16
BRDA:101,9,0,3
BRDA:101,10,0,15
BRDA:101,10,1,13
BRDA:110,11,0,10
BRDA:112,12,0,8
BRDA:112,13,0,0
BRDA:112,13,1,10
BRDA:112,14,0,10
BRDA:112,14,1,10
BRDA:115,15,0,8
BRDA:115,15,1,2
BRDA:116,16,0,8
BRDA:116,16,1,2
BRDA:117,17,0,8
BRDA:117,17,1,2
BRDA:124,18,0,30
BRDA:124,18,1,24
BRDA:124,18,2,23
BRDA:127,19,0,13
BRDA:127,19,1,17
BRDA:130,20,0,30
BRDA:130,20,1,17
BRDA:131,21,0,30
BRDA:131,21,1,20
BRDA:132,22,0,30
BRDA:132,22,1,22
BRF:52
BRH:51
end_of_record
TN:
SF:server\utils\auth\validation.utils.ts
FN:5,(anonymous_0)
FN:26,(anonymous_1)
FN:46,(anonymous_2)
FN:58,(anonymous_3)
FN:66,(anonymous_4)
FN:71,(anonymous_5)
FNF:6
FNH:6
FNDA:32,(anonymous_0)
FNDA:27,(anonymous_1)
FNDA:10,(anonymous_2)
FNDA:6,(anonymous_3)
FNDA:3,(anonymous_4)
FNDA:9,(anonymous_5)
DA:1,1
DA:5,1
DA:6,32
DA:7,4
DA:14,28
DA:15,28
DA:16,12
DA:22,16
DA:26,1
DA:27,27
DA:28,4
DA:35,23
DA:36,12
DA:42,11
DA:46,1
DA:50,10
DA:51,10
DA:52,6
DA:53,6
DA:54,2
DA:58,1
DA:62,6
DA:66,1
DA:67,3
DA:71,1
DA:76,9
DA:77,2
DA:84,7
DA:85,1
DA:92,6
DA:93,1
DA:100,5
LF:32
LH:32
BRDA:6,0,0,4
BRDA:15,1,0,12
BRDA:27,2,0,4
BRDA:35,3,0,12
BRDA:51,4,0,4
BRDA:53,5,0,4
BRDA:76,6,0,2
BRDA:76,7,0,9
BRDA:76,7,1,3
BRDA:84,8,0,1
BRDA:92,9,0,1
BRF:11
BRH:11
end_of_record
TN:
SF:server\utils\core\index.ts
FNF:0
FNH:0
DA:1,2
LF:1
LH:1
BRF:0
BRH:0
end_of_record
TN:
SF:server\utils\core\response.utils.ts
FN:4,(anonymous_0)
FN:16,(anonymous_1)
FNF:2
FNH:2
FNDA:3,(anonymous_0)
FNDA:23,(anonymous_1)
DA:4,3
DA:8,3
DA:16,3
DA:19,23
LF:4
LH:4
BRF:0
BRH:0
end_of_record
TN:
SF:server\utils\storage\path.utils.ts
FN:6,generateFilePath
FN:13,(anonymous_1)
FN:22,generateLogoPath
FN:37,generatePhotoPath
FN:56,generateAIPhotoPath
FN:77,getStorageBucket
FN:86,generatePublicUrl
FNF:7
FNH:7
FNDA:18,generateFilePath
FNDA:60,(anonymous_1)
FNDA:4,generateLogoPath
FNDA:4,generatePhotoPath
FNDA:5,generateAIPhotoPath
FNDA:13,getStorageBucket
FNDA:9,generatePublicUrl
DA:2,1
DA:3,1
DA:4,1
DA:6,1
DA:11,18
DA:13,18
DA:14,60
DA:17,18
DA:18,18
DA:19,18
DA:22,1
DA:27,4
DA:37,1
DA:44,4
DA:56,1
DA:64,5
DA:77,1
DA:78,13
DA:79,13
DA:81,2
DA:82,2
DA:86,1
DA:87,9
DA:88,9
LF:24
LH:24
BRF:0
BRH:0
end_of_record
TN:
SF:server\utils\storage\upload.utils.ts
FN:11,uploadToSupabase
FN:41,uploadToSupabaseWithUrl
FN:56,deleteFromSupabase
FN:77,fileExistsInSupabase
FN:95,getFileInfoFromSupabase
FNF:5
FNH:5
FNDA:8,uploadToSupabase
FNDA:3,uploadToSupabaseWithUrl
FNDA:4,deleteFromSupabase
FNDA:7,fileExistsInSupabase
FNDA:10,getFileInfoFromSupabase
DA:7,1
DA:8,1
DA:9,1
DA:11,1
DA:16,8
DA:17,8
DA:25,8
DA:26,3
DA:27,3
DA:38,5
DA:41,1
DA:47,3
DA:48,2
DA:50,2
DA:56,1
DA:61,4
DA:63,4
DA:64,2
DA:77,1
DA:82,7
DA:88,7
DA:89,1
DA:92,6
DA:95,1
DA:100,10
DA:106,10
DA:107,3
DA:110,7
DA:111,7
LF:29
LH:29
BRDA:16,0,0,6
BRDA:16,1,0,6
BRDA:25,2,0,3
BRDA:63,3,0,2
BRDA:88,4,0,1
BRDA:92,5,0,6
BRDA:92,5,1,6
BRDA:106,6,0,3
BRDA:106,7,0,10
BRDA:106,7,1,9
BRDA:106,7,2,8
BRDA:112,8,0,7
BRDA:112,8,1,3
BRDA:112,9,0,1
BRDA:112,9,1,6
BRDA:112,10,0,7
BRDA:112,10,1,7
BRDA:113,11,0,7
BRDA:113,11,1,2
BRDA:113,11,2,1
BRDA:114,12,0,7
BRDA:114,12,1,5
BRDA:114,13,0,1
BRDA:114,13,1,6
BRDA:114,14,0,7
BRDA:114,14,1,7
BRF:26
BRH:26
end_of_record
TN:
SF:server\utils\storage\validation.utils.ts
FN:15,inferMimeFromFilename
FN:23,getExtLower
FN:28,normalizeFilePart
FN:47,validateFileExtension
FN:68,validateFileType
FN:80,validateFileSize
FN:90,validateFileOrThrow
FN:102,createH3ValidationError
FNF:8
FNH:8
FNDA:15,inferMimeFromFilename
FNDA:31,getExtLower
FNDA:9,normalizeFilePart
FNDA:24,validateFileExtension
FNDA:17,validateFileType
FNDA:18,validateFileSize
FNDA:18,validateFileOrThrow
FNDA:16,createH3ValidationError
DA:6,1
DA:12,1
DA:13,1
DA:15,1
DA:19,15
DA:20,15
DA:23,1
DA:24,31
DA:25,31
DA:28,1
DA:29,9
DA:30,5
DA:33,4
DA:37,4
DA:39,4
DA:47,1
DA:51,24
DA:53,24
DA:54,1
DA:60,23
DA:61,7
DA:68,1
DA:72,17
DA:73,3
DA:80,1
DA:81,18
DA:82,5
DA:83,5
DA:90,1
DA:94,18
DA:95,18
DA:96,18
DA:97,18
DA:98,13
DA:99,12
DA:103,16
LF:36
LH:36
BRDA:17,0,0,14
BRDA:19,1,0,15
BRDA:19,1,1,0
BRDA:20,2,0,15
BRDA:20,2,1,5
BRDA:25,3,0,31
BRDA:25,3,1,3
BRDA:29,4,0,5
BRDA:29,5,0,9
BRDA:29,5,1,6
BRDA:29,6,0,0
BRDA:29,6,1,9
BRDA:29,7,0,9
BRDA:29,7,1,9
BRDA:29,8,0,0
BRDA:29,8,1,6
BRDA:29,9,0,6
BRDA:29,9,1,6
BRDA:33,10,0,2
BRDA:33,10,1,2
BRDA:37,11,0,4
BRDA:37,11,1,3
BRDA:53,12,0,1
BRDA:60,13,0,7
BRDA:72,14,0,3
BRDA:81,15,0,5
BRDA:92,16,0,12
BRDA:94,17,0,2
BRDA:94,17,1,16
BRDA:94,18,0,18
BRDA:94,18,1,18
BRDA:95,19,0,2
BRDA:95,19,1,16
BRDA:95,20,0,18
BRDA:95,20,1,18
BRDA:96,21,0,3
BRDA:96,21,1,15
BRDA:96,22,0,18
BRDA:96,22,1,18
BRF:39
BRH:36
end_of_record
