TN:
SF:server\api\v1\aiphoto\aiphoto.get.ts
FN:9,(anonymous_7)
FN:9,(anonymous_8)
FNF:2
FNH:2
FNDA:41,(anonymous_7)
FNDA:41,(anonymous_8)
DA:1,1
DA:2,1
DA:3,1
DA:4,1
DA:5,1
DA:6,1
DA:7,1
DA:9,41
DA:10,41
DA:11,41
DA:12,38
DA:18,38
DA:19,4
DA:31,34
DA:32,32
DA:33,1
DA:45,31
DA:46,2
DA:58,29
DA:59,29
DA:61,29
DA:62,10
DA:63,10
DA:67,10
DA:68,5
DA:80,5
DA:89,19
DA:91,19
DA:92,2
DA:93,2
DA:105,17
DA:106,17
DA:108,17
DA:109,17
DA:110,17
DA:115,17
DA:117,17
DA:119,19
DA:120,19
LF:39
LH:39
BRDA:18,0,0,4
BRDA:32,1,0,1
BRDA:45,2,0,2
BRDA:61,3,0,10
BRDA:62,4,0,10
BRDA:62,4,1,7
BRDA:67,5,0,5
BRDA:67,6,0,10
BRDA:67,6,1,7
BRDA:67,7,0,1
BRDA:67,7,1,6
BRDA:67,8,0,7
BRDA:67,8,1,7
BRDA:74,9,0,5
BRDA:74,9,1,3
BRDA:74,10,0,2
BRDA:74,10,1,3
BRDA:74,11,0,5
BRDA:74,11,1,3
BRDA:91,12,0,2
BRDA:91,13,0,19
BRDA:91,13,1,18
BRF:22
BRH:22
end_of_record
TN:
SF:server\api\v1\aiphoto\get-aiphoto-by-id.get.ts
FN:7,(anonymous_7)
FN:7,(anonymous_8)
FNF:2
FNH:2
FNDA:37,(anonymous_7)
FNDA:37,(anonymous_8)
DA:1,1
DA:2,1
DA:3,1
DA:4,1
DA:5,1
DA:7,37
DA:8,37
DA:9,37
DA:10,34
DA:12,34
DA:13,4
DA:25,30
DA:26,28
DA:27,3
DA:39,25
DA:52,12
DA:53,12
LF:17
LH:17
BRDA:12,0,0,4
BRDA:26,1,0,3
BRF:2
BRH:2
end_of_record
TN:
SF:server\api\v1\aiphoto\get-aiphotos-by-session.get.ts
FN:7,(anonymous_7)
FN:7,(anonymous_8)
FN:44,(anonymous_9)
FNF:3
FNH:3
FNDA:33,(anonymous_7)
FNDA:33,(anonymous_8)
FNDA:19,(anonymous_9)
DA:1,1
DA:2,1
DA:3,1
DA:4,1
DA:5,1
DA:7,33
DA:8,33
DA:9,33
DA:10,30
DA:12,30
DA:13,4
DA:25,26
DA:26,24
DA:27,3
DA:38,21
DA:40,20
DA:44,19
DA:55,13
DA:56,13
LF:19
LH:19
BRDA:12,0,0,4
BRDA:26,1,0,3
BRF:2
BRH:2
end_of_record
TN:
SF:server\utils\core\index.ts
FNF:0
FNH:0
DA:1,3
LF:1
LH:1
BRF:0
BRH:0
end_of_record
TN:
SF:server\utils\core\response.utils.ts
FN:4,(anonymous_0)
FN:13,(anonymous_1)
FNF:2
FNH:2
FNDA:50,(anonymous_0)
FNDA:28,(anonymous_1)
DA:4,3
DA:5,50
DA:13,3
DA:14,28
LF:4
LH:4
BRF:0
BRH:0
end_of_record
